#
# A fatal error has been detected by the Java Runtime Environment:
#
#  EXCEPTION_ACCESS_VIOLATION (0xc0000005) at pc=0x000000000ee5c750, pid=18448, tid=1608
#
# JRE version: 6.0_17-b04
# Java VM: Java HotSpot(TM) 64-Bit Server VM (14.3-b01 mixed mode windows-amd64 )
# Problematic frame:
# C  0x000000000ee5c750
#
# If you would like to submit a bug report, please visit:
#   http://java.sun.com/webapps/bugreport/crash.jsp
# The crash happened outside the Java Virtual Machine in native code.
# See problematic frame for where to report the bug.
#

---------------  T H R E A D  ---------------

Current thread (0x000000005e542800):  JavaThread "AWT-EventQueue-0" [_thread_in_native, id=1608, stack(0x00000000b0000000,0x00000000b4000000)]

siginfo: ExceptionCode=0xc0000005, reading address 0x0000000000000008

Registers:
EAX=0x000000000000000d, EBX=0x000000005e5429b8, ECX=0x0000000000000000, EDX=0xffffffff95010804
ESP=0x00000000b3ffe658, EBP=0x0000000006615f10, ESI=0x000000005e5429b8, EDI=0x000000005f26a1f0
EIP=0x000000000ee5c750, EFLAGS=0x0000000000010206

Top of Stack: (sp=0x00000000b3ffe658)
0x00000000b3ffe658:   000000000ee0589c 0000000000000000
0x00000000b3ffe668:   000000005e5429b8 0000000006615f10
0x00000000b3ffe678:   000000005e5429b8 000000002493589a
0x00000000b3ffe688:   000000005e5429b8 00000000b3ffc8a0
0x00000000b3ffe698:   000000000ede3810 000000005e5429b8
0x00000000b3ffe6a8:   00000000b3ffed50 00000000b3ffed28
0x00000000b3ffe6b8:   0000000006615f10 00000000313d5cf0
0x00000000b3ffe6c8:   000000000ee02151 000000000000074f
0x00000000b3ffe6d8:   00000000b3ffed30 0000000000000000
0x00000000b3ffe6e8:   00000000b3ffed28 0000000000000000
0x00000000b3ffe6f8:   000000003a3a9748 000000002fb9d230
0x00000000b3ffe708:   0000000024e3eed0 0000000000000079
0x00000000b3ffe718:   0000000400000000 0000000000001de8
0x00000000b3ffe728:   0000000000000000 0000000031cc4f30
0x00000000b3ffe738:   000000003a3a9888 000000002fa25fb0
0x00000000b3ffe748:   0000000000000007 0000000100000000 

Instructions: (pc=0x000000000ee5c750)
0x000000000ee5c740:   48 8b 41 08 48 8b 80 18 0c 00 00 c3 cc cc cc cc
0x000000000ee5c750:   48 8b 49 08 48 85 c9 74 05 e9 72 f6 fd ff 33 c0 


Stack: [0x00000000b0000000,0x00000000b4000000],  sp=0x00000000b3ffe658,  free space=65529k
Native frames: (J=compiled Java code, j=interpreted, Vv=VM code, C=native code)
C  0x000000000ee5c750

Java frames: (J=compiled Java code, j=interpreted, Vv=VM code)
J  sun.java2d.windows.GDIBlitLoops.nativeBlit(Lsun/java2d/SurfaceData;Lsun/java2d/SurfaceData;Lsun/java2d/pipe/Region;IIIIIIIIIZ)V
J  sun.java2d.windows.GDIBlitLoops.Blit(Lsun/java2d/SurfaceData;Lsun/java2d/SurfaceData;Ljava/awt/Composite;Lsun/java2d/pipe/Region;IIIIII)V
J  sun.java2d.pipe.DrawImage.copyImage(Lsun/java2d/SunGraphics2D;Ljava/awt/Image;IILjava/awt/Color;Ljava/awt/image/ImageObserver;)Z
J  sun.java2d.SunGraphics2D.drawImage(Ljava/awt/Image;IILjava/awt/Color;Ljava/awt/image/ImageObserver;)Z
J  javax.swing.RepaintManager$PaintManager.paintDoubleBuffered(Ljavax/swing/JComponent;Ljava/awt/Image;Ljava/awt/Graphics;IIII)V
J  javax.swing.RepaintManager$PaintManager.paint(Ljavax/swing/JComponent;Ljavax/swing/JComponent;Ljava/awt/Graphics;IIII)Z
J  javax.swing.JComponent.paint(Ljava/awt/Graphics;)V
j  java.awt.GraphicsCallback$PaintCallback.run(Ljava/awt/Component;Ljava/awt/Graphics;)V+2
j  sun.awt.SunGraphicsCallback.runOneComponent(Ljava/awt/Component;Ljava/awt/Rectangle;Ljava/awt/Graphics;Ljava/awt/Shape;I)V+155
j  sun.awt.SunGraphicsCallback.runComponents([Ljava/awt/Component;Ljava/awt/Graphics;I)V+104
j  java.awt.Container.paint(Ljava/awt/Graphics;)V+73
J  javax.swing.RepaintManager.paintDirtyRegions(Ljava/util/Map;)V
j  javax.swing.RepaintManager.paintDirtyRegions()V+46
j  javax.swing.RepaintManager.seqPaintDirtyRegions()V+73
j  javax.swing.SystemEventQueueUtilities$ComponentWorkRequest.run()V+36
J  java.awt.event.InvocationEvent.dispatch()V
J  java.awt.EventDispatchThread.pumpOneEventForFilters(I)Z
J  java.awt.EventDispatchThread.pumpEventsForFilter(ILjava/awt/Conditional;Ljava/awt/EventFilter;)V
j  java.awt.EventDispatchThread.pumpEventsForHierarchy(ILjava/awt/Conditional;Ljava/awt/Component;)V+11
j  java.awt.EventDispatchThread.pumpEvents(ILjava/awt/Conditional;)V+4
j  java.awt.EventDispatchThread.pumpEvents(Ljava/awt/Conditional;)V+3
j  java.awt.EventDispatchThread.run()V+9
v  ~StubRoutines::call_stub

---------------  P R O C E S S  ---------------

Java Threads: ( => current thread )
  0x000000005f42f000 JavaThread "Image Fetcher 0" daemon [_thread_blocked, id=13136, stack(0x0000000247c90000,0x000000024bc90000)]
  0x000000005ec4d000 JavaThread "Explorer NavigationContext request queue" daemon [_thread_blocked, id=19344, stack(0x0000000150030000,0x0000000154030000)]
  0x00000000656cc000 JavaThread "Code Analyzer updating thread" [_thread_blocked, id=17588, stack(0x0000000164030000,0x0000000168030000)]
  0x00000000656cb800 JavaThread "Code Analyzer updating thread" [_thread_blocked, id=20956, stack(0x0000000170030000,0x0000000174030000)]
  0x00000000656ca800 JavaThread "Code Analyzer updating thread" [_thread_blocked, id=18308, stack(0x0000000138000000,0x000000013c000000)]
  0x00000000656ca000 JavaThread "Code Analyzer updating thread" [_thread_blocked, id=11392, stack(0x0000000160030000,0x0000000164030000)]
  0x00000000656c6800 JavaThread "Code Analyzer updating thread" [_thread_blocked, id=16476, stack(0x000000015c030000,0x0000000160030000)]
  0x000000005ec54800 JavaThread "Code Analyzer updating thread" [_thread_blocked, id=6872, stack(0x0000000110000000,0x0000000114000000)]
  0x00000000656c8000 JavaThread "Code Analyzer updating thread" [_thread_blocked, id=17180, stack(0x0000000158030000,0x000000015c030000)]
  0x00000000656c8800 JavaThread "Code Analyzer updating thread" [_thread_blocked, id=5980, stack(0x0000000120000000,0x0000000124000000)]
  0x00000000656c5800 JavaThread "Code Analyzer updating thread" [_thread_blocked, id=14816, stack(0x00000000fc000000,0x0000000100000000)]
  0x000000005ec4e000 JavaThread "Code Analyzer updating thread" [_thread_blocked, id=12108, stack(0x00000000c8000000,0x00000000cc000000)]
  0x000000005f42f800 JavaThread "Code Analyzer updating thread" [_thread_blocked, id=8792, stack(0x0000000154030000,0x0000000158030000)]
  0x000000005f42e000 JavaThread "Code Analyzer updating thread" [_thread_blocked, id=20124, stack(0x0000000128000000,0x000000012c000000)]
  0x000000005f42c000 JavaThread "Code Analyzer updating thread" [_thread_blocked, id=5860, stack(0x000000011c000000,0x0000000120000000)]
  0x000000005f42c800 JavaThread "Code Analyzer updating thread" [_thread_blocked, id=18472, stack(0x000000010c000000,0x0000000110000000)]
  0x000000005f42d800 JavaThread "Foxtrot Single Worker Thread #1" daemon [_thread_blocked, id=16988, stack(0x0000000118000000,0x000000011c000000)]
  0x000000005f42a800 JavaThread "Code Analyzer updating thread" [_thread_blocked, id=15868, stack(0x0000000114000000,0x0000000118000000)]
  0x000000005ec56000 JavaThread "Code Analyzer updating thread" [_thread_blocked, id=15280, stack(0x0000000104000000,0x0000000108000000)]
  0x000000005ec52800 JavaThread "Code Analyzer updating thread" [_thread_blocked, id=14268, stack(0x00000000f8000000,0x00000000fc000000)]
  0x000000005ec57000 JavaThread "Code Analyzer updating thread" [_thread_blocked, id=7924, stack(0x0000000134000000,0x0000000138000000)]
  0x000000005ec52000 JavaThread "Active Reference Queue Daemon" daemon [_thread_blocked, id=19472, stack(0x0000000130000000,0x0000000134000000)]
  0x000000005ec50800 JavaThread "Timer-2" daemon [_thread_blocked, id=19684, stack(0x000000012c000000,0x0000000130000000)]
  0x000000005ec4c000 JavaThread "Prefs Updater" daemon [_thread_blocked, id=3260, stack(0x00000000e0000000,0x00000000e4000000)]
  0x000000005ec54000 JavaThread "Timer-1" daemon [_thread_blocked, id=6108, stack(0x0000000100000000,0x0000000104000000)]
  0x000000005ec4f000 JavaThread "com.jniwrapper.NativeResourceCollector" daemon [_thread_blocked, id=17760, stack(0x00000000f0000000,0x00000000f4000000)]
  0x000000005ec53800 JavaThread "Swing-Shell" daemon [_thread_blocked, id=3992, stack(0x0000000108000000,0x000000010c000000)]
  0x000000005ec4d800 JavaThread "ClipboardMonitor Timer" daemon [_thread_blocked, id=18104, stack(0x00000000e8000000,0x00000000ec000000)]
  0x000000005ec4b800 JavaThread "AddressBar directory emptiness poller" daemon [_thread_blocked, id=19580, stack(0x00000000dc000000,0x00000000e0000000)]
  0x000000005ec4a800 JavaThread "Explorer Refresh Service 538093921" daemon [_thread_blocked, id=12052, stack(0x00000000d8000000,0x00000000dc000000)]
  0x000000005ec4a000 JavaThread "Thread-4" daemon [_thread_blocked, id=13220, stack(0x00000000d0000000,0x00000000d4000000)]
  0x000000005ec49000 JavaThread "TimerQueue" daemon [_thread_blocked, id=19596, stack(0x00000000c4000000,0x00000000c8000000)]
  0x000000005ec48800 JavaThread "Thread-3" daemon [_thread_blocked, id=13032, stack(0x00000000b4000000,0x00000000b8000000)]
  0x000000005ec47800 JavaThread "FelixPackageAdmin" daemon [_thread_blocked, id=20196, stack(0x00000000c0000000,0x00000000c4000000)]
  0x000000005e9b9000 JavaThread "FelixStartLevel" daemon [_thread_blocked, id=1836, stack(0x00000000bc000000,0x00000000c0000000)]
  0x000000005e9e6800 JavaThread "FelixDispatchQueue" daemon [_thread_blocked, id=10936, stack(0x00000000b8000000,0x00000000bc000000)]
=>0x000000005e542800 JavaThread "AWT-EventQueue-0" [_thread_in_native, id=1608, stack(0x00000000b0000000,0x00000000b4000000)]
  0x000000000ed7d800 JavaThread "com.google.common.base.internal.Finalizer" daemon [_thread_blocked, id=13388, stack(0x00000000ac000000,0x00000000b0000000)]
  0x000000000ed7c000 JavaThread "AWT-Windows" daemon [_thread_in_native, id=15620, stack(0x00000000a4000000,0x00000000a8000000)]
  0x000000005e5b9000 JavaThread "AWT-Shutdown" [_thread_blocked, id=19084, stack(0x00000000a0000000,0x00000000a4000000)]
  0x000000005e5b6800 JavaThread "Java2D Disposer" daemon [_thread_blocked, id=19264, stack(0x000000009c000000,0x00000000a0000000)]
  0x000000005e2b4000 JavaThread "Timer-0" [_thread_blocked, id=17788, stack(0x0000000098000000,0x000000009c000000)]
  0x000000005e2b5000 JavaThread "EventMgr Dispatcher" daemon [_thread_in_native, id=17108, stack(0x0000000094000000,0x0000000098000000)]
  0x000000000ed18800 JavaThread "Low Memory Detector" daemon [_thread_blocked, id=11876, stack(0x000000008c000000,0x0000000090000000)]
  0x000000000ed03000 JavaThread "CompilerThread1" daemon [_thread_blocked, id=17960, stack(0x0000000088000000,0x000000008c000000)]
  0x000000000ed02000 JavaThread "CompilerThread0" daemon [_thread_blocked, id=19736, stack(0x0000000084000000,0x0000000088000000)]
  0x000000000ecfd800 JavaThread "Attach Listener" daemon [_thread_blocked, id=5976, stack(0x0000000080000000,0x0000000084000000)]
  0x000000000ec9b800 JavaThread "Finalizer" daemon [_thread_blocked, id=17684, stack(0x0000000068810000,0x000000006c810000)]
  0x000000000ec9a800 JavaThread "Reference Handler" daemon [_thread_blocked, id=20200, stack(0x0000000057d30000,0x000000005bd30000)]
  0x00000000063fe800 JavaThread "main" [_thread_in_native, id=12528, stack(0x0000000000030000,0x0000000004030000)]

Other Threads:
  0x000000000ec96800 VMThread [stack: 0x0000000053d30000,0x0000000057d30000] [id=7476]
  0x000000000ed4d800 WatcherThread [stack: 0x0000000090000000,0x0000000094000000] [id=18564]

VM state:not at safepoint (normal execution)

VM Mutex/Monitor currently owned by a thread: None

Heap
 PSYoungGen      total 49536K, used 29748K [0x0000000038c30000, 0x000000003bd30000, 0x000000003bd30000)
  eden space 48896K, 60% used [0x0000000038c30000,0x000000003a93d120,0x000000003bbf0000)
  from space 640K, 0% used [0x000000003bbf0000,0x000000003bbf0000,0x000000003bc90000)
  to   space 640K, 0% used [0x000000003bc90000,0x000000003bc90000,0x000000003bd30000)
 PSOldGen        total 150528K, used 147549K [0x000000002f930000, 0x0000000038c30000, 0x0000000038c30000)
  object space 150528K, 98% used [0x000000002f930000,0x0000000038947440,0x0000000038c30000)
 PSPermGen       total 76800K, used 76505K [0x0000000027930000, 0x000000002c430000, 0x000000002f930000)
  object space 76800K, 99% used [0x0000000027930000,0x000000002c3e6460,0x000000002c430000)

Dynamic libraries:
0x0000000140000000 - 0x0000000140028000 	C:\Program Files\MATLAB\R2013a\bin\win64\MATLAB.exe
0x0000000077790000 - 0x000000007793a000 	C:\Windows\SYSTEM32\ntdll.dll
0x0000000077670000 - 0x000000007778f000 	C:\Windows\system32\kernel32.dll
0x000007fefd810000 - 0x000007fefd87a000 	C:\Windows\system32\KERNELBASE.dll
0x0000000074460000 - 0x0000000074515000 	C:\Program Files\MATLAB\R2013a\bin\win64\libut.dll
0x00000000758a0000 - 0x000000007595f000 	C:\Program Files\MATLAB\R2013a\bin\win64\libmwi18n.dll
0x0000000180000000 - 0x000000018000d000 	C:\Program Files\MATLAB\R2013a\bin\win64\libmwresource_core.dll
0x00000000686d0000 - 0x0000000068768000 	C:\Program Files\MATLAB\R2013a\bin\win64\MSVCP100.dll
0x00000000685f0000 - 0x00000000686c2000 	C:\Program Files\MATLAB\R2013a\bin\win64\MSVCR100.dll
0x0000000068800000 - 0x000000006880e000 	C:\Program Files\MATLAB\R2013a\bin\win64\boost_date_time-vc100-mt-1_49.dll
0x00000000687d0000 - 0x00000000687fc000 	C:\Program Files\MATLAB\R2013a\bin\win64\boost_filesystem-vc100-mt-1_49.dll
0x00000000687c0000 - 0x00000000687c9000 	C:\Program Files\MATLAB\R2013a\bin\win64\boost_system-vc100-mt-1_49.dll
0x000007fefe0a0000 - 0x000007fefe17b000 	C:\Windows\system32\ADVAPI32.dll
0x000007fefdef0000 - 0x000007fefdf8f000 	C:\Windows\system32\msvcrt.dll
0x000007fefd9f0000 - 0x000007fefda0f000 	C:\Windows\SYSTEM32\sechost.dll
0x000007fefdab0000 - 0x000007fefdbdd000 	C:\Windows\system32\RPCRT4.dll
0x0000000068790000 - 0x00000000687b5000 	C:\Program Files\MATLAB\R2013a\bin\win64\LIBEXPAT.dll
0x00000000648f0000 - 0x0000000064a7a000 	C:\Program Files\MATLAB\R2013a\bin\win64\icuin49.dll
0x0000000066030000 - 0x000000006616e000 	C:\Program Files\MATLAB\R2013a\bin\win64\icuuc49.dll
0x000000005ce40000 - 0x000000005df62000 	C:\Program Files\MATLAB\R2013a\bin\win64\icudt49.dll
0x0000000068780000 - 0x0000000068790000 	C:\Program Files\MATLAB\R2013a\bin\win64\icuio49.dll
0x0000000073f70000 - 0x0000000074112000 	C:\Program Files\MATLAB\R2013a\bin\win64\libmwfl.dll
0x000000007a350000 - 0x000000007a737000 	C:\Program Files\MATLAB\R2013a\bin\win64\libmwMATLAB_res.dll
0x0000000067d20000 - 0x0000000067dff000 	C:\Program Files\MATLAB\R2013a\bin\win64\boost_regex-vc100-mt-1_49.dll
0x0000000077570000 - 0x000000007766a000 	C:\Windows\system32\USER32.dll
0x000007fefe260000 - 0x000007fefe2c7000 	C:\Windows\system32\GDI32.dll
0x000007fefda10000 - 0x000007fefda1e000 	C:\Windows\system32\LPK.dll
0x000007fefd920000 - 0x000007fefd9ea000 	C:\Windows\system32\USP10.dll
0x0000000068520000 - 0x0000000068531000 	C:\Program Files\MATLAB\R2013a\bin\win64\boost_signals-vc100-mt-1_49.dll
0x0000000068540000 - 0x0000000068551000 	C:\Program Files\MATLAB\R2013a\bin\win64\boost_thread-vc100-mt-1_49.dll
0x000007fef1eb0000 - 0x000007fef1f3c000 	C:\Program Files\MATLAB\R2013a\bin\win64\boost_log-vc100-mt-1_49.dll
0x0000000077960000 - 0x0000000077967000 	C:\Windows\system32\PSAPI.DLL
0x000007feffa50000 - 0x000007feffa9d000 	C:\Windows\system32\WS2_32.dll
0x000007fefdbe0000 - 0x000007fefdbe8000 	C:\Windows\system32\NSI.dll
0x000007fef22f0000 - 0x000007fef2323000 	C:\Program Files\MATLAB\R2013a\bin\win64\tbb.dll
0x000007feffa30000 - 0x000007feffa49000 	C:\Windows\system32\imagehlp.dll
0x000007fefad60000 - 0x000007fefad8c000 	C:\Windows\system32\POWRPROF.dll
0x000007fefdbf0000 - 0x000007fefddc7000 	C:\Windows\system32\SETUPAPI.dll
0x000007fefd4e0000 - 0x000007fefd516000 	C:\Windows\system32\CFGMGR32.dll
0x000007fefe180000 - 0x000007fefe25a000 	C:\Windows\system32\OLEAUT32.dll
0x000007fefe460000 - 0x000007fefe663000 	C:\Windows\system32\ole32.dll
0x000007fefd6d0000 - 0x000007fefd6ea000 	C:\Windows\system32\DEVOBJ.dll
0x0000000004110000 - 0x0000000004131000 	C:\Program Files\MATLAB\R2013a\bin\win64\libmwmfl_scalar.dll
0x000007fef9440000 - 0x000007fef9565000 	C:\Windows\system32\dbghelp.dll
0x00000000042c0000 - 0x00000000045ef000 	C:\Program Files\MATLAB\R2013a\bin\win64\libmwservices.dll
0x0000000075a20000 - 0x0000000075b0b000 	C:\Program Files\MATLAB\R2013a\bin\win64\libmx.dll
0x000007fef2420000 - 0x000007fef2448000 	C:\Program Files\MATLAB\R2013a\bin\win64\tbbmalloc.dll
0x00000000684e0000 - 0x00000000684f7000 	C:\Program Files\MATLAB\R2013a\bin\win64\zlib1.dll
0x0000000004140000 - 0x000000000418e000 	C:\Program Files\MATLAB\R2013a\bin\win64\libmwregexp.dll
0x0000000075f10000 - 0x0000000075f57000 	C:\Program Files\MATLAB\R2013a\bin\win64\mpath.dll
0x000000007b680000 - 0x000000007bc66000 	C:\Program Files\MATLAB\R2013a\bin\win64\mlutil.dll
0x00000000754d0000 - 0x0000000075547000 	C:\Program Files\MATLAB\R2013a\bin\win64\xmlcore.dll
0x00000000646a0000 - 0x00000000648e1000 	C:\Program Files\MATLAB\R2013a\bin\win64\xerces-c_2_7.dll
0x00000000045f0000 - 0x0000000004612000 	C:\Program Files\MATLAB\R2013a\bin\win64\libmwMATLAB_settings_res.dll
0x000007fef8b10000 - 0x000007fef8b20000 	C:\Program Files\MATLAB\R2013a\bin\win64\boost_iostreams-vc100-mt-1_49.dll
0x000007fef21e0000 - 0x000007fef2226000 	C:\Program Files\MATLAB\R2013a\bin\win64\boost_serialization-vc100-mt-1_49.dll
0x000007fefe670000 - 0x000007feff3fa000 	C:\Windows\system32\SHELL32.dll
0x000007feff400000 - 0x000007feff471000 	C:\Windows\system32\SHLWAPI.dll
0x00000000041a0000 - 0x00000000041a6000 	C:\Program Files\MATLAB\R2013a\bin\win64\libmwnativedisplay.dll
0x000007fefa0e0000 - 0x000007fefa180000 	C:\Windows\WinSxS\amd64_microsoft.windows.common-controls_6595b64144ccf1df_5.82.7601.18837_none_a4d981ff711297b6\COMCTL32.dll
0x000007fefd880000 - 0x000007fefd917000 	C:\Windows\system32\COMDLG32.dll
0x000007fefad40000 - 0x000007fefad56000 	C:\Windows\system32\NETAPI32.dll
0x000007fefae60000 - 0x000007fefae6c000 	C:\Windows\system32\netutils.dll
0x000007fefcf70000 - 0x000007fefcf93000 	C:\Windows\system32\srvcli.dll
0x000007fefabd0000 - 0x000007fefabe5000 	C:\Windows\system32\wkscli.dll
0x0000000074970000 - 0x0000000074a18000 	C:\Program Files\MATLAB\R2013a\bin\win64\mcr.dll
0x0000000075000000 - 0x00000000753b1000 	C:\Program Files\MATLAB\R2013a\bin\win64\iqm.dll
0x0000000074e80000 - 0x0000000074f30000 	C:\Program Files\MATLAB\R2013a\bin\win64\m_dispatcher.dll
0x0000000004620000 - 0x0000000004e28000 	C:\Program Files\MATLAB\R2013a\bin\win64\m_interpreter.dll
0x0000000004e30000 - 0x0000000004e54000 	C:\Program Files\MATLAB\R2013a\bin\win64\libmex.dll
0x0000000075430000 - 0x00000000754ab000 	C:\Program Files\MATLAB\R2013a\bin\win64\profiler.dll
0x0000000004e60000 - 0x00000000050e3000 	C:\Program Files\MATLAB\R2013a\bin\win64\libmwmathutil.dll
0x0000000079f40000 - 0x0000000079f66000 	C:\Program Files\MATLAB\R2013a\bin\win64\libmwmathrng.dll
0x00000000041b0000 - 0x00000000041c0000 	C:\Program Files\MATLAB\R2013a\bin\win64\libmwmfl_rng.dll
0x0000000074c10000 - 0x0000000074cf8000 	C:\Program Files\MATLAB\R2013a\bin\win64\libmwmathcore.dll
0x0000000076160000 - 0x00000000761c3000 	C:\Program Files\MATLAB\R2013a\bin\win64\libmwspmatrix.dll
0x000000007b0a0000 - 0x000000007b2f6000 	C:\Program Files\MATLAB\R2013a\bin\win64\mcos.dll
0x0000000075ea0000 - 0x0000000075f02000 	C:\Program Files\MATLAB\R2013a\bin\win64\libmwcholmod.dll
0x0000000005100000 - 0x000000000510d000 	C:\Program Files\MATLAB\R2013a\bin\win64\libmwamd.dll
0x00000000721c0000 - 0x0000000072263000 	C:\Windows\WinSxS\amd64_microsoft.vc90.crt_1fc8b3b9a1e18e3b_9.0.30729.6161_none_08e61857a83bc251\MSVCR90.dll
0x0000000005120000 - 0x000000000512c000 	C:\Program Files\MATLAB\R2013a\bin\win64\libmwcolamd.dll
0x000000007a290000 - 0x000000007a2a3000 	C:\Program Files\MATLAB\R2013a\bin\win64\libmwblas.dll
0x000000007a310000 - 0x000000007a325000 	C:\Program Files\MATLAB\R2013a\bin\win64\libmwbinder.dll
0x0000000005140000 - 0x000000000514b000 	C:\Program Files\MATLAB\R2013a\bin\win64\libmwompwrapper.dll
0x0000000075820000 - 0x000000007589e000 	C:\Program Files\MATLAB\R2013a\bin\win64\libmwlapack.dll
0x000000007a1b0000 - 0x000000007a1d0000 	C:\Program Files\MATLAB\R2013a\bin\win64\m_pcodeio.dll
0x0000000079b10000 - 0x0000000079b6c000 	C:\Program Files\MATLAB\R2013a\bin\win64\m_ir.dll
0x0000000078ed0000 - 0x0000000079579000 	C:\Program Files\MATLAB\R2013a\bin\win64\m_parser.dll
0x000000007a2f0000 - 0x000000007a307000 	C:\Program Files\MATLAB\R2013a\bin\win64\ir_xfmr.dll
0x0000000005150000 - 0x0000000005160000 	C:\Program Files\MATLAB\R2013a\bin\win64\mtok.dll
0x000000007a130000 - 0x000000007a158000 	C:\Program Files\MATLAB\R2013a\bin\win64\m_pcodegen.dll
0x0000000079fb0000 - 0x0000000079fdf000 	C:\Program Files\MATLAB\R2013a\bin\win64\libmwbridge.dll
0x0000000074f40000 - 0x0000000074ff6000 	C:\Program Files\MATLAB\R2013a\bin\win64\udd.dll
0x0000000073cc0000 - 0x0000000073e0e000 	C:\Program Files\MATLAB\R2013a\bin\win64\libmwgui.dll
0x000000007a1d0000 - 0x000000007a1f4000 	C:\Program Files\MATLAB\R2013a\bin\win64\graphics_util.dll
0x000007feeba30000 - 0x000007feebae8000 	C:\Program Files\MATLAB\R2013a\bin\win64\libtex_base.dll
0x0000000005160000 - 0x0000000005aa3000 	C:\Program Files\MATLAB\R2013a\bin\win64\hg.dll
0x0000000076100000 - 0x000000007615a000 	C:\Program Files\MATLAB\R2013a\bin\win64\libmat.dll
0x0000000072d30000 - 0x0000000072f38000 	C:\Program Files\MATLAB\R2013a\bin\win64\hdf5dll.dll
0x0000000075710000 - 0x00000000757d8000 	C:\Program Files\MATLAB\R2013a\bin\win64\jmi.dll
0x0000000005ac0000 - 0x0000000005ace000 	C:\Program Files\MATLAB\R2013a\bin\win64\nativejava_services.dll
0x0000000005ad0000 - 0x0000000005b10000 	C:\Program Files\MATLAB\R2013a\bin\win64\libmwhardcopy.dll
0x0000000075c70000 - 0x0000000075cce000 	C:\Program Files\MATLAB\R2013a\bin\win64\libuij.dll
0x0000000072f50000 - 0x000000007318f000 	C:\Program Files\MATLAB\R2013a\bin\win64\hgdatatypes.dll
0x0000000005b10000 - 0x0000000005bfb000 	C:\Program Files\MATLAB\R2013a\bin\win64\hgutils.dll
0x0000000005c00000 - 0x0000000005cae000 	C:\Program Files\MATLAB\R2013a\bin\win64\udd_mi.dll
0x0000000005cb0000 - 0x0000000005ce6000 	C:\Program Files\MATLAB\R2013a\bin\win64\libmwgbtutils.dll
0x0000000005cf0000 - 0x0000000005d04000 	C:\Program Files\MATLAB\R2013a\bin\win64\libmwgbt.dll
0x0000000005d10000 - 0x0000000005fde000 	C:\Program Files\MATLAB\R2013a\bin\win64\uiw.dll
0x0000000005fe0000 - 0x0000000005fe9000 	C:\Program Files\MATLAB\R2013a\bin\win64\uinone.dll
0x0000000005ff0000 - 0x0000000006016000 	C:\Program Files\MATLAB\R2013a\bin\win64\libmwnativefiledialogs.dll
0x0000000006020000 - 0x000000000602c000 	C:\Program Files\MATLAB\R2013a\bin\win64\libmwplatform_res.dll
0x000007fef3b00000 - 0x000007fef3b18000 	C:\Windows\system32\MPR.dll
0x0000000061c70000 - 0x00000000621cd000 	C:\Program Files\MATLAB\R2013a\bin\win64\mfc100.dll
0x000007fefce00000 - 0x000007fefce07000 	C:\Windows\system32\MSIMG32.dll
0x000007fefb150000 - 0x000007fefb1c1000 	C:\Windows\system32\WINSPOOL.DRV
0x0000000006030000 - 0x000000000604d000 	C:\Program Files\MATLAB\R2013a\bin\win64\mwoles05.DLL
0x0000000006050000 - 0x00000000060bc000 	C:\Program Files\MATLAB\R2013a\bin\win64\comcli.dll
0x0000000067cf0000 - 0x0000000067d1b000 	C:\Program Files\MATLAB\R2013a\bin\win64\ATL100.DLL
0x00000000060c0000 - 0x00000000060cc000 	C:\Program Files\MATLAB\R2013a\bin\win64\mlautoregister.dll
0x00000000060d0000 - 0x0000000006226000 	C:\Program Files\MATLAB\R2013a\bin\win64\mvm.dll
0x000007fefd2d0000 - 0x000007fefd327000 	C:\Windows\system32\apphelp.dll
0x000007fee3050000 - 0x000007fee30a1000 	C:\Windows\AppPatch\AppPatch64\AcGenral.DLL
0x000007fefd2a0000 - 0x000007fefd2c5000 	C:\Windows\system32\SspiCli.dll
0x0000000006250000 - 0x0000000006253000 	C:\Windows\system32\sfc.dll
0x000007fefbe60000 - 0x000007fefbe70000 	C:\Windows\system32\sfc_os.DLL
0x000007fefd6a0000 - 0x000007fefd6be000 	C:\Windows\system32\USERENV.dll
0x000007fefd4c0000 - 0x000007fefd4cf000 	C:\Windows\system32\profapi.dll

VM Arguments:
jvm_args: -XX:PermSize=32m -Xms64m -XX:NewRatio=3 -XX:MaxPermSize=128m -Xmx196m -XX:MaxDirectMemorySize=2147400000 -Dsun.java2d.noddraw=true -Dsun.awt.nopixfmt=true -Xshare:off -Xrs -Dsun.awt.disableMixing=true -Djava.library.path=C:\Program Files\MATLAB\R2013a\bin\win64;C:\Program Files\MATLAB\R2013a\sys\jxbrowser\win64\lib vfprintf abort -XX:ParallelGCThreads=6 
java_command: <unknown>
Launcher Type: generic

Environment Variables:
PATH=C:\ProgramData\Oracle\Java\javapath;C:\Program Files\Dell\DW WLAN Card;C:\Program Files (x86)\NVIDIA Corporation\PhysX\Common;c:\Program Files (x86)\Intel\iCLS Client\;c:\Program Files\Intel\iCLS Client\;C:\Windows\system32;C:\Windows;C:\Windows\System32\Wbem;C:\Windows\System32\WindowsPowerShell\v1.0\;C:\Program Files\Intel\Intel(R) Management Engine Components\DAL;C:\Program Files\Intel\Intel(R) Management Engine Components\IPT;C:\Program Files (x86)\Intel\Intel(R) Management Engine Components\DAL;C:\Program Files (x86)\Intel\Intel(R) Management Engine Components\IPT;C:\Program Files\WIDCOMM\Bluetooth Software\;C:\Program Files\WIDCOMM\Bluetooth Software\syswow64;C:\Program Files\Microsoft\Web Platform Installer\;C:\Program Files (x86)\Microsoft ASP.NET\ASP.NET Web Pages\v1.0\;C:\Program Files\Microsoft SQL Server\110\Tools\Binn\;C:\Program Files (x86)\Skype\Phone\;C:\Program Files\MATLAB\R2013a\runtime\win64;C:\Program Files\MATLAB\R2013a\bin;C:\Aldec\Active-HDL-Student-Edition\bin;C:\Anaconda3;C:\Anaconda3\Scripts;C:\Anaconda3\Library\bin;C:\Program Files (x86)\Windows Kits\8.1\Windows Performance Toolkit\;C:\Program Files (x86)\QuickTime\QTSystem\;C:\Cadence\SPB_16.5\OpenAccess\bin\win32\opt;C:\Cadence\SPB_16.5\tools\Capture;C:\Cadence\SPB_16.5\tools\PSpice\Library;C:\Cadence\SPB_16.5\tools\PSpice;C:\Cadence\SPB_16.5\tools\specctra\bin;C:\Cadence\SPB_16.5\tools\fet\bin;C:\Cadence\SPB_16.5\tools\libutil\bin;C:\Cadence\SPB_16.5\tools\bin;C:\Cadence\SPB_16.5\tools\pcb\bin;;C:\Modeltech_pe_edu_10.4a\win32pe_edu
USERNAME=Marks-M3800
OS=Windows_NT
PROCESSOR_IDENTIFIER=Intel64 Family 6 Model 60 Stepping 3, GenuineIntel



---------------  S Y S T E M  ---------------

OS: Windows 7 Build 7601 Service Pack 1

CPU:total 8 (8 cores per cpu, 2 threads per core) family 6 model 60 stepping 3, cmov, cx8, fxsr, mmx, sse, sse2, sse3, ssse3, sse4.1, sse4.2, ht

Memory: 4k page, physical 16677856k(7688396k free), swap 33353852k(21103172k free)

vm_info: Java HotSpot(TM) 64-Bit Server VM (14.3-b01) for windows-amd64 JRE (1.6.0_17-b04), built on Oct 11 2009 00:46:08 by "java_re" with MS VC++ 8.0

time: Sat Mar 25 15:48:23 2017
elapsed time: 83873 seconds

