#
# A fatal error has been detected by the Java Runtime Environment:
#
#  EXCEPTION_ACCESS_VIOLATION (0xc0000005) at pc=0x000000000ef0c750, pid=14152, tid=6412
#
# JRE version: 6.0_17-b04
# Java VM: Java HotSpot(TM) 64-Bit Server VM (14.3-b01 mixed mode windows-amd64 )
# Problematic frame:
# C  0x000000000ef0c750
#
# If you would like to submit a bug report, please visit:
#   http://java.sun.com/webapps/bugreport/crash.jsp
# The crash happened outside the Java Virtual Machine in native code.
# See problematic frame for where to report the bug.
#

---------------  T H R E A D  ---------------

Current thread (0x00000000601a6800):  JavaThread "AWT-EventQueue-0" [_thread_in_native, id=6412, stack(0x00000000ac000000,0x00000000b0000000)]

siginfo: ExceptionCode=0xc0000005, reading address 0x0000000000000008

Registers:
EAX=0x000000000000000d, EBX=0x00000000601a69b8, ECX=0x0000000000000000, EDX=0x0000000057012499
ESP=0x00000000afffe578, EBP=0x00000000621517f0, ESI=0x00000000601a69b8, EDI=0x0000000061dda410
EIP=0x000000000ef0c750, EFLAGS=0x0000000000010202

Top of Stack: (sp=0x00000000afffe578)
0x00000000afffe578:   000000000eeb589c 0000000000000000
0x00000000afffe588:   00000000601a69b8 00000000621517f0
0x00000000afffe598:   00000000601a69b8 0000000000000003
0x00000000afffe5a8:   00000000601a69b8 0000000028d0e6b0
0x00000000afffe5b8:   000000000ee93810 00000000601a69b8
0x00000000afffe5c8:   00000000afffec98 00000000afffed10
0x00000000afffe5d8:   00000000621517f0 000000003acf2f58
0x00000000afffe5e8:   000000000eeb2151 0000000500000000
0x00000000afffe5f8:   00000000afffed08 000000003ad06538
0x00000000afffe608:   00000000afffed10 000000003079c468
0x00000000afffe618:   00000000000000c6 0000077a00000021
0x00000000afffe628:   0000000024c40e8c 0000000000000000
0x00000000afffe638:   000000003acb6b30 000000002fa38c78
0x00000000afffe648:   0000000024d2f030 000000000000007e
0x00000000afffe658:   0000000024945ac2 000000003070ee70
0x00000000afffe668:   000000003acb69a8 000000003acb6800 

Instructions: (pc=0x000000000ef0c750)
0x000000000ef0c740:   48 8b 41 08 48 8b 80 18 0c 00 00 c3 cc cc cc cc
0x000000000ef0c750:   48 8b 49 08 48 85 c9 74 05 e9 72 f6 fd ff 33 c0 


Stack: [0x00000000ac000000,0x00000000b0000000],  sp=0x00000000afffe578,  free space=65529k
Native frames: (J=compiled Java code, j=interpreted, Vv=VM code, C=native code)
C  0x000000000ef0c750

Java frames: (J=compiled Java code, j=interpreted, Vv=VM code)
j  sun.java2d.windows.GDIBlitLoops.nativeBlit(Lsun/java2d/SurfaceData;Lsun/java2d/SurfaceData;Lsun/java2d/pipe/Region;IIIIIIIIIZ)V+0
j  sun.java2d.windows.GDIBlitLoops.Blit(Lsun/java2d/SurfaceData;Lsun/java2d/SurfaceData;Ljava/awt/Composite;Lsun/java2d/pipe/Region;IIIIII)V+33
J  javax.swing.RepaintManager$PaintManager.paintDoubleBuffered(Ljavax/swing/JComponent;Ljava/awt/Image;Ljava/awt/Graphics;IIII)V
j  javax.swing.RepaintManager$PaintManager.paint(Ljavax/swing/JComponent;Ljavax/swing/JComponent;Ljava/awt/Graphics;IIII)Z+116
j  javax.swing.RepaintManager.paint(Ljavax/swing/JComponent;Ljavax/swing/JComponent;Ljava/awt/Graphics;IIII)V+52
J  javax.swing.JComponent.paint(Ljava/awt/Graphics;)V
j  java.awt.GraphicsCallback$PaintCallback.run(Ljava/awt/Component;Ljava/awt/Graphics;)V+2
j  sun.awt.SunGraphicsCallback.runOneComponent(Ljava/awt/Component;Ljava/awt/Rectangle;Ljava/awt/Graphics;Ljava/awt/Shape;I)V+155
j  sun.awt.SunGraphicsCallback.runComponents([Ljava/awt/Component;Ljava/awt/Graphics;I)V+104
j  java.awt.Container.paint(Ljava/awt/Graphics;)V+73
J  javax.swing.RepaintManager.paintDirtyRegions(Ljava/util/Map;)V
j  javax.swing.RepaintManager.paintDirtyRegions()V+46
j  javax.swing.RepaintManager.seqPaintDirtyRegions()V+73
j  javax.swing.SystemEventQueueUtilities$ComponentWorkRequest.run()V+36
J  java.awt.event.InvocationEvent.dispatch()V
J  java.awt.EventDispatchThread.pumpOneEventForFilters(I)Z
J  java.awt.EventDispatchThread.pumpEventsForFilter(ILjava/awt/Conditional;Ljava/awt/EventFilter;)V
j  java.awt.EventDispatchThread.pumpEventsForHierarchy(ILjava/awt/Conditional;Ljava/awt/Component;)V+11
j  java.awt.EventDispatchThread.pumpEvents(ILjava/awt/Conditional;)V+4
j  java.awt.EventDispatchThread.pumpEvents(Ljava/awt/Conditional;)V+3
j  java.awt.EventDispatchThread.run()V+9
v  ~StubRoutines::call_stub

---------------  P R O C E S S  ---------------

Java Threads: ( => current thread )
  0x00000000601ad000 JavaThread "Explorer NavigationContext request queue" daemon [_thread_blocked, id=15208, stack(0x0000000160cf0000,0x0000000164cf0000)]
  0x000000006129a000 JavaThread "Code Analyzer updating thread" [_thread_blocked, id=5624, stack(0x00000000c4000000,0x00000000c8000000)]
  0x000000006129f000 JavaThread "Code Analyzer updating thread" [_thread_blocked, id=10500, stack(0x0000000131360000,0x0000000135360000)]
  0x0000000061299000 JavaThread "Code Analyzer updating thread" [_thread_blocked, id=5764, stack(0x0000000108000000,0x000000010c000000)]
  0x000000006129b000 JavaThread "Code Analyzer updating thread" [_thread_blocked, id=10168, stack(0x000000014c030000,0x0000000150030000)]
  0x000000006129a800 JavaThread "Code Analyzer updating thread" [_thread_blocked, id=11228, stack(0x0000000144030000,0x0000000148030000)]
  0x000000006129c000 JavaThread "Code Analyzer updating thread" [_thread_blocked, id=14292, stack(0x0000000139360000,0x000000013d360000)]
  0x00000000601b0800 JavaThread "Code Analyzer updating thread" [_thread_blocked, id=10660, stack(0x0000000129360000,0x000000012d360000)]
  0x000000006129c800 JavaThread "Code Analyzer updating thread" [_thread_blocked, id=1528, stack(0x000000012d360000,0x0000000131360000)]
  0x00000000601b5000 JavaThread "Foxtrot Single Worker Thread #1" daemon [_thread_blocked, id=3356, stack(0x0000000121360000,0x0000000125360000)]
  0x00000000601a9800 JavaThread "Code Analyzer updating thread" [_thread_blocked, id=7944, stack(0x00000000dc000000,0x00000000e0000000)]
  0x00000000601b2000 JavaThread "Code Analyzer updating thread" [_thread_blocked, id=11036, stack(0x0000000100000000,0x0000000104000000)]
  0x00000000601b4800 JavaThread "Active Reference Queue Daemon" daemon [_thread_blocked, id=9696, stack(0x00000000fc000000,0x0000000100000000)]
  0x00000000601b1800 JavaThread "Timer-2" daemon [_thread_blocked, id=12476, stack(0x00000000c8000000,0x00000000cc000000)]
  0x00000000601b0000 JavaThread "Prefs Updater" daemon [_thread_blocked, id=11064, stack(0x00000000d0000000,0x00000000d4000000)]
  0x00000000601b3800 JavaThread "Timer-1" daemon [_thread_blocked, id=8468, stack(0x0000000111360000,0x0000000115360000)]
  0x00000000601ae000 JavaThread "com.jniwrapper.NativeResourceCollector" daemon [_thread_blocked, id=13248, stack(0x0000000104000000,0x0000000108000000)]
  0x00000000601b3000 JavaThread "Swing-Shell" daemon [_thread_blocked, id=12448, stack(0x000000010d360000,0x0000000111360000)]
  0x00000000601ae800 JavaThread "ClipboardMonitor Timer" daemon [_thread_blocked, id=10468, stack(0x00000000f8000000,0x00000000fc000000)]
  0x00000000601ac800 JavaThread "AddressBar directory emptiness poller" daemon [_thread_blocked, id=14088, stack(0x00000000ec000000,0x00000000f0000000)]
  0x00000000601ab800 JavaThread "Explorer Refresh Service 1600592270" daemon [_thread_blocked, id=13288, stack(0x00000000e8000000,0x00000000ec000000)]
  0x00000000601aa000 JavaThread "Thread-4" daemon [_thread_blocked, id=13588, stack(0x00000000d8000000,0x00000000dc000000)]
  0x00000000601a8000 JavaThread "TimerQueue" daemon [_thread_blocked, id=3652, stack(0x00000000c0000000,0x00000000c4000000)]
  0x00000000601a7000 JavaThread "Thread-3" daemon [_thread_blocked, id=13380, stack(0x00000000b0000000,0x00000000b4000000)]
=>0x00000000601a6800 JavaThread "AWT-EventQueue-0" [_thread_in_native, id=6412, stack(0x00000000ac000000,0x00000000b0000000)]
  0x00000000601a6000 JavaThread "AWT-Shutdown" [_thread_blocked, id=13224, stack(0x000000009c000000,0x00000000a0000000)]
  0x00000000603f5800 JavaThread "FelixPackageAdmin" daemon [_thread_blocked, id=12940, stack(0x00000000bc000000,0x00000000c0000000)]
  0x00000000600e4000 JavaThread "FelixStartLevel" daemon [_thread_blocked, id=13836, stack(0x00000000b8000000,0x00000000bc000000)]
  0x000000005ffa8800 JavaThread "FelixDispatchQueue" daemon [_thread_blocked, id=13604, stack(0x00000000b4000000,0x00000000b8000000)]
  0x0000000053ee1800 JavaThread "com.google.common.base.internal.Finalizer" daemon [_thread_blocked, id=10112, stack(0x00000000a8000000,0x00000000ac000000)]
  0x000000005da3c800 JavaThread "AWT-Windows" daemon [_thread_in_native, id=5432, stack(0x00000000a0000000,0x00000000a4000000)]
  0x00000000066d6000 JavaThread "Java2D Disposer" daemon [_thread_blocked, id=8324, stack(0x0000000098000000,0x000000009c000000)]
  0x000000005f9d5000 JavaThread "Timer-0" [_thread_blocked, id=11940, stack(0x0000000094000000,0x0000000098000000)]
  0x000000005f85f000 JavaThread "EventMgr Dispatcher" daemon [_thread_in_native, id=7716, stack(0x0000000090000000,0x0000000094000000)]
  0x0000000053ecc800 JavaThread "Low Memory Detector" daemon [_thread_blocked, id=7652, stack(0x0000000088000000,0x000000008c000000)]
  0x0000000053ec6000 JavaThread "CompilerThread1" daemon [_thread_blocked, id=10060, stack(0x0000000084000000,0x0000000088000000)]
  0x0000000053ec1800 JavaThread "CompilerThread0" daemon [_thread_blocked, id=13952, stack(0x0000000080000000,0x0000000084000000)]
  0x0000000053eb9000 JavaThread "Attach Listener" daemon [_thread_blocked, id=11836, stack(0x000000006bfb0000,0x000000006ffb0000)]
  0x0000000053e58800 JavaThread "Finalizer" daemon [_thread_blocked, id=7260, stack(0x0000000067fb0000,0x000000006bfb0000)]
  0x0000000053e57800 JavaThread "Reference Handler" daemon [_thread_blocked, id=13460, stack(0x0000000057f40000,0x000000005bf40000)]
  0x000000000638e800 JavaThread "main" [_thread_in_native, id=2568, stack(0x0000000000030000,0x0000000004030000)]

Other Threads:
  0x0000000053e53000 VMThread [stack: 0x0000000053f40000,0x0000000057f40000] [id=13688]
  0x0000000053ee5800 WatcherThread [stack: 0x000000008c000000,0x0000000090000000] [id=11672]

VM state:not at safepoint (normal execution)

VM Mutex/Monitor currently owned by a thread: None

Heap
 PSYoungGen      total 49856K, used 33755K [0x0000000038c40000, 0x000000003bd40000, 0x000000003bd40000)
  eden space 49536K, 67% used [0x0000000038c40000,0x000000003ad06f90,0x000000003bca0000)
  from space 320K, 60% used [0x000000003bcf0000,0x000000003bd20000,0x000000003bd40000)
  to   space 320K, 0% used [0x000000003bca0000,0x000000003bca0000,0x000000003bcf0000)
 PSOldGen        total 150528K, used 130120K [0x000000002f940000, 0x0000000038c40000, 0x0000000038c40000)
  object space 150528K, 86% used [0x000000002f940000,0x0000000037852278,0x0000000038c40000)
 PSPermGen       total 124608K, used 76308K [0x0000000027940000, 0x000000002f2f0000, 0x000000002f940000)
  object space 124608K, 61% used [0x0000000027940000,0x000000002c3c5028,0x000000002f2f0000)

Dynamic libraries:
0x0000000140000000 - 0x0000000140028000 	C:\Program Files\MATLAB\R2013a\bin\win64\MATLAB.exe
0x0000000077790000 - 0x000000007793a000 	C:\Windows\SYSTEM32\ntdll.dll
0x0000000077670000 - 0x000000007778f000 	C:\Windows\system32\kernel32.dll
0x000007fefd810000 - 0x000007fefd87a000 	C:\Windows\system32\KERNELBASE.dll
0x0000000074460000 - 0x0000000074515000 	C:\Program Files\MATLAB\R2013a\bin\win64\libut.dll
0x00000000758a0000 - 0x000000007595f000 	C:\Program Files\MATLAB\R2013a\bin\win64\libmwi18n.dll
0x0000000180000000 - 0x000000018000d000 	C:\Program Files\MATLAB\R2013a\bin\win64\libmwresource_core.dll
0x00000000635f0000 - 0x0000000063688000 	C:\Program Files\MATLAB\R2013a\bin\win64\MSVCP100.dll
0x0000000063510000 - 0x00000000635e2000 	C:\Program Files\MATLAB\R2013a\bin\win64\MSVCR100.dll
0x0000000067fa0000 - 0x0000000067fae000 	C:\Program Files\MATLAB\R2013a\bin\win64\boost_date_time-vc100-mt-1_49.dll
0x0000000067f20000 - 0x0000000067f4c000 	C:\Program Files\MATLAB\R2013a\bin\win64\boost_filesystem-vc100-mt-1_49.dll
0x0000000067f10000 - 0x0000000067f19000 	C:\Program Files\MATLAB\R2013a\bin\win64\boost_system-vc100-mt-1_49.dll
0x000007fefe0a0000 - 0x000007fefe17b000 	C:\Windows\system32\ADVAPI32.dll
0x000007fefdef0000 - 0x000007fefdf8f000 	C:\Windows\system32\msvcrt.dll
0x000007fefd9f0000 - 0x000007fefda0f000 	C:\Windows\SYSTEM32\sechost.dll
0x000007fefdab0000 - 0x000007fefdbdd000 	C:\Windows\system32\RPCRT4.dll
0x0000000066d20000 - 0x0000000066d45000 	C:\Program Files\MATLAB\R2013a\bin\win64\LIBEXPAT.dll
0x00000000608b0000 - 0x0000000060a3a000 	C:\Program Files\MATLAB\R2013a\bin\win64\icuin49.dll
0x00000000633d0000 - 0x000000006350e000 	C:\Program Files\MATLAB\R2013a\bin\win64\icuuc49.dll
0x000000005c780000 - 0x000000005d8a2000 	C:\Program Files\MATLAB\R2013a\bin\win64\icudt49.dll
0x0000000067eb0000 - 0x0000000067ec0000 	C:\Program Files\MATLAB\R2013a\bin\win64\icuio49.dll
0x0000000073f70000 - 0x0000000074112000 	C:\Program Files\MATLAB\R2013a\bin\win64\libmwfl.dll
0x000000007a350000 - 0x000000007a737000 	C:\Program Files\MATLAB\R2013a\bin\win64\libmwMATLAB_res.dll
0x0000000061130000 - 0x000000006120f000 	C:\Program Files\MATLAB\R2013a\bin\win64\boost_regex-vc100-mt-1_49.dll
0x0000000077570000 - 0x000000007766a000 	C:\Windows\system32\USER32.dll
0x000007fefe260000 - 0x000007fefe2c7000 	C:\Windows\system32\GDI32.dll
0x000007fefda10000 - 0x000007fefda1e000 	C:\Windows\system32\LPK.dll
0x000007fefd920000 - 0x000007fefd9ea000 	C:\Windows\system32\USP10.dll
0x0000000066d60000 - 0x0000000066d71000 	C:\Program Files\MATLAB\R2013a\bin\win64\boost_signals-vc100-mt-1_49.dll
0x0000000066d00000 - 0x0000000066d11000 	C:\Program Files\MATLAB\R2013a\bin\win64\boost_thread-vc100-mt-1_49.dll
0x000007feece20000 - 0x000007feeceac000 	C:\Program Files\MATLAB\R2013a\bin\win64\boost_log-vc100-mt-1_49.dll
0x0000000077960000 - 0x0000000077967000 	C:\Windows\system32\PSAPI.DLL
0x000007feffa50000 - 0x000007feffa9d000 	C:\Windows\system32\WS2_32.dll
0x000007fefdbe0000 - 0x000007fefdbe8000 	C:\Windows\system32\NSI.dll
0x000007feee5f0000 - 0x000007feee623000 	C:\Program Files\MATLAB\R2013a\bin\win64\tbb.dll
0x000007feffa30000 - 0x000007feffa49000 	C:\Windows\system32\imagehlp.dll
0x000007fefad60000 - 0x000007fefad8c000 	C:\Windows\system32\POWRPROF.dll
0x000007fefdbf0000 - 0x000007fefddc7000 	C:\Windows\system32\SETUPAPI.dll
0x000007fefd4e0000 - 0x000007fefd516000 	C:\Windows\system32\CFGMGR32.dll
0x000007fefe180000 - 0x000007fefe25a000 	C:\Windows\system32\OLEAUT32.dll
0x000007fefe460000 - 0x000007fefe663000 	C:\Windows\system32\ole32.dll
0x000007fefd6d0000 - 0x000007fefd6ea000 	C:\Windows\system32\DEVOBJ.dll
0x0000000004110000 - 0x0000000004131000 	C:\Program Files\MATLAB\R2013a\bin\win64\libmwmfl_scalar.dll
0x000007fef9440000 - 0x000007fef9565000 	C:\Windows\system32\dbghelp.dll
0x0000000004300000 - 0x000000000462f000 	C:\Program Files\MATLAB\R2013a\bin\win64\libmwservices.dll
0x0000000075a20000 - 0x0000000075b0b000 	C:\Program Files\MATLAB\R2013a\bin\win64\libmx.dll
0x000007feeed00000 - 0x000007feeed28000 	C:\Program Files\MATLAB\R2013a\bin\win64\tbbmalloc.dll
0x0000000066880000 - 0x0000000066897000 	C:\Program Files\MATLAB\R2013a\bin\win64\zlib1.dll
0x0000000004140000 - 0x000000000418e000 	C:\Program Files\MATLAB\R2013a\bin\win64\libmwregexp.dll
0x0000000075f10000 - 0x0000000075f57000 	C:\Program Files\MATLAB\R2013a\bin\win64\mpath.dll
0x000000007b680000 - 0x000000007bc66000 	C:\Program Files\MATLAB\R2013a\bin\win64\mlutil.dll
0x00000000754d0000 - 0x0000000075547000 	C:\Program Files\MATLAB\R2013a\bin\win64\xmlcore.dll
0x000000005f400000 - 0x000000005f641000 	C:\Program Files\MATLAB\R2013a\bin\win64\xerces-c_2_7.dll
0x00000000041a0000 - 0x00000000041c2000 	C:\Program Files\MATLAB\R2013a\bin\win64\libmwMATLAB_settings_res.dll
0x000007fef8e10000 - 0x000007fef8e20000 	C:\Program Files\MATLAB\R2013a\bin\win64\boost_iostreams-vc100-mt-1_49.dll
0x000007feee060000 - 0x000007feee0a6000 	C:\Program Files\MATLAB\R2013a\bin\win64\boost_serialization-vc100-mt-1_49.dll
0x000007fefe670000 - 0x000007feff3fa000 	C:\Windows\system32\SHELL32.dll
0x000007feff400000 - 0x000007feff471000 	C:\Windows\system32\SHLWAPI.dll
0x00000000041d0000 - 0x00000000041d6000 	C:\Program Files\MATLAB\R2013a\bin\win64\libmwnativedisplay.dll
0x000007fefa0e0000 - 0x000007fefa180000 	C:\Windows\WinSxS\amd64_microsoft.windows.common-controls_6595b64144ccf1df_5.82.7601.18837_none_a4d981ff711297b6\COMCTL32.dll
0x000007fefd880000 - 0x000007fefd917000 	C:\Windows\system32\COMDLG32.dll
0x000007fefad40000 - 0x000007fefad56000 	C:\Windows\system32\NETAPI32.dll
0x000007fefae60000 - 0x000007fefae6c000 	C:\Windows\system32\netutils.dll
0x000007fefcf70000 - 0x000007fefcf93000 	C:\Windows\system32\srvcli.dll
0x000007fefabd0000 - 0x000007fefabe5000 	C:\Windows\system32\wkscli.dll
0x0000000074970000 - 0x0000000074a18000 	C:\Program Files\MATLAB\R2013a\bin\win64\mcr.dll
0x0000000075000000 - 0x00000000753b1000 	C:\Program Files\MATLAB\R2013a\bin\win64\iqm.dll
0x0000000074e80000 - 0x0000000074f30000 	C:\Program Files\MATLAB\R2013a\bin\win64\m_dispatcher.dll
0x0000000004630000 - 0x0000000004e38000 	C:\Program Files\MATLAB\R2013a\bin\win64\m_interpreter.dll
0x0000000004e40000 - 0x0000000004e64000 	C:\Program Files\MATLAB\R2013a\bin\win64\libmex.dll
0x0000000075430000 - 0x00000000754ab000 	C:\Program Files\MATLAB\R2013a\bin\win64\profiler.dll
0x0000000004e70000 - 0x00000000050f3000 	C:\Program Files\MATLAB\R2013a\bin\win64\libmwmathutil.dll
0x0000000079f40000 - 0x0000000079f66000 	C:\Program Files\MATLAB\R2013a\bin\win64\libmwmathrng.dll
0x00000000041e0000 - 0x00000000041f0000 	C:\Program Files\MATLAB\R2013a\bin\win64\libmwmfl_rng.dll
0x0000000074c10000 - 0x0000000074cf8000 	C:\Program Files\MATLAB\R2013a\bin\win64\libmwmathcore.dll
0x0000000076160000 - 0x00000000761c3000 	C:\Program Files\MATLAB\R2013a\bin\win64\libmwspmatrix.dll
0x000000007b0a0000 - 0x000000007b2f6000 	C:\Program Files\MATLAB\R2013a\bin\win64\mcos.dll
0x0000000075ea0000 - 0x0000000075f02000 	C:\Program Files\MATLAB\R2013a\bin\win64\libmwcholmod.dll
0x0000000005100000 - 0x000000000510d000 	C:\Program Files\MATLAB\R2013a\bin\win64\libmwamd.dll
0x00000000721c0000 - 0x0000000072263000 	C:\Windows\WinSxS\amd64_microsoft.vc90.crt_1fc8b3b9a1e18e3b_9.0.30729.6161_none_08e61857a83bc251\MSVCR90.dll
0x0000000005120000 - 0x000000000512c000 	C:\Program Files\MATLAB\R2013a\bin\win64\libmwcolamd.dll
0x000000007a290000 - 0x000000007a2a3000 	C:\Program Files\MATLAB\R2013a\bin\win64\libmwblas.dll
0x000000007a310000 - 0x000000007a325000 	C:\Program Files\MATLAB\R2013a\bin\win64\libmwbinder.dll
0x0000000005140000 - 0x000000000514b000 	C:\Program Files\MATLAB\R2013a\bin\win64\libmwompwrapper.dll
0x0000000075820000 - 0x000000007589e000 	C:\Program Files\MATLAB\R2013a\bin\win64\libmwlapack.dll
0x000000007a1b0000 - 0x000000007a1d0000 	C:\Program Files\MATLAB\R2013a\bin\win64\m_pcodeio.dll
0x0000000079b10000 - 0x0000000079b6c000 	C:\Program Files\MATLAB\R2013a\bin\win64\m_ir.dll
0x0000000078ed0000 - 0x0000000079579000 	C:\Program Files\MATLAB\R2013a\bin\win64\m_parser.dll
0x000000007a2f0000 - 0x000000007a307000 	C:\Program Files\MATLAB\R2013a\bin\win64\ir_xfmr.dll
0x0000000005150000 - 0x0000000005160000 	C:\Program Files\MATLAB\R2013a\bin\win64\mtok.dll
0x000000007a130000 - 0x000000007a158000 	C:\Program Files\MATLAB\R2013a\bin\win64\m_pcodegen.dll
0x0000000079fb0000 - 0x0000000079fdf000 	C:\Program Files\MATLAB\R2013a\bin\win64\libmwbridge.dll
0x0000000074f40000 - 0x0000000074ff6000 	C:\Program Files\MATLAB\R2013a\bin\win64\udd.dll
0x0000000073cc0000 - 0x0000000073e0e000 	C:\Program Files\MATLAB\R2013a\bin\win64\libmwgui.dll
0x000000007a1d0000 - 0x000000007a1f4000 	C:\Program Files\MATLAB\R2013a\bin\win64\graphics_util.dll
0x000007feecd20000 - 0x000007feecdd8000 	C:\Program Files\MATLAB\R2013a\bin\win64\libtex_base.dll
0x0000000005160000 - 0x0000000005aa3000 	C:\Program Files\MATLAB\R2013a\bin\win64\hg.dll
0x0000000076100000 - 0x000000007615a000 	C:\Program Files\MATLAB\R2013a\bin\win64\libmat.dll
0x0000000072d30000 - 0x0000000072f38000 	C:\Program Files\MATLAB\R2013a\bin\win64\hdf5dll.dll
0x0000000075710000 - 0x00000000757d8000 	C:\Program Files\MATLAB\R2013a\bin\win64\jmi.dll
0x0000000005ac0000 - 0x0000000005ace000 	C:\Program Files\MATLAB\R2013a\bin\win64\nativejava_services.dll
0x0000000005ad0000 - 0x0000000005b10000 	C:\Program Files\MATLAB\R2013a\bin\win64\libmwhardcopy.dll
0x0000000075c70000 - 0x0000000075cce000 	C:\Program Files\MATLAB\R2013a\bin\win64\libuij.dll
0x0000000072f50000 - 0x000000007318f000 	C:\Program Files\MATLAB\R2013a\bin\win64\hgdatatypes.dll
0x0000000005b10000 - 0x0000000005bfb000 	C:\Program Files\MATLAB\R2013a\bin\win64\hgutils.dll
0x0000000005c00000 - 0x0000000005cae000 	C:\Program Files\MATLAB\R2013a\bin\win64\udd_mi.dll
0x0000000005cb0000 - 0x0000000005ce6000 	C:\Program Files\MATLAB\R2013a\bin\win64\libmwgbtutils.dll
0x0000000005cf0000 - 0x0000000005d04000 	C:\Program Files\MATLAB\R2013a\bin\win64\libmwgbt.dll
0x0000000005d10000 - 0x0000000005fde000 	C:\Program Files\MATLAB\R2013a\bin\win64\uiw.dll
0x0000000005fe0000 - 0x0000000005fe9000 	C:\Program Files\MATLAB\R2013a\bin\win64\uinone.dll
0x0000000005ff0000 - 0x0000000006016000 	C:\Program Files\MATLAB\R2013a\bin\win64\libmwnativefiledialogs.dll
0x0000000006020000 - 0x000000000602c000 	C:\Program Files\MATLAB\R2013a\bin\win64\libmwplatform_res.dll
0x000007fef3b00000 - 0x000007fef3b18000 	C:\Windows\system32\MPR.dll
0x000000005c220000 - 0x000000005c77d000 	C:\Program Files\MATLAB\R2013a\bin\win64\mfc100.dll
0x000007fefce00000 - 0x000007fefce07000 	C:\Windows\system32\MSIMG32.dll
0x000007fefb150000 - 0x000007fefb1c1000 	C:\Windows\system32\WINSPOOL.DRV
0x0000000006030000 - 0x000000000604d000 	C:\Program Files\MATLAB\R2013a\bin\win64\mwoles05.DLL
0x0000000006050000 - 0x00000000060bc000 	C:\Program Files\MATLAB\R2013a\bin\win64\comcli.dll
0x00000000639e0000 - 0x0000000063a0b000 	C:\Program Files\MATLAB\R2013a\bin\win64\ATL100.DLL
0x00000000060c0000 - 0x00000000060cc000 	C:\Program Files\MATLAB\R2013a\bin\win64\mlautoregister.dll
0x00000000060d0000 - 0x0000000006226000 	C:\Program Files\MATLAB\R2013a\bin\win64\mvm.dll
0x000007fefd2d0000 - 0x000007fefd327000 	C:\Windows\system32\apphelp.dll
0x000007fee3050000 - 0x000007fee30a1000 	C:\Windows\AppPatch\AppPatch64\AcGenral.DLL
0x000007fefd2a0000 - 0x000007fefd2c5000 	C:\Windows\system32\SspiCli.dll
0x0000000006250000 - 0x0000000006253000 	C:\Windows\system32\sfc.dll
0x000007fefbe60000 - 0x000007fefbe70000 	C:\Windows\system32\sfc_os.DLL
0x000007fefd6a0000 - 0x000007fefd6be000 	C:\Windows\system32\USERENV.dll
0x000007fefd4c0000 - 0x000007fefd4cf000 	C:\Windows\system32\profapi.dll

VM Arguments:
jvm_args: -XX:PermSize=32m -Xms64m -XX:NewRatio=3 -XX:MaxPermSize=128m -Xmx196m -XX:MaxDirectMemorySize=2147400000 -Dsun.java2d.noddraw=true -Dsun.awt.nopixfmt=true -Xshare:off -Xrs -Dsun.awt.disableMixing=true -Djava.library.path=C:\Program Files\MATLAB\R2013a\bin\win64;C:\Program Files\MATLAB\R2013a\sys\jxbrowser\win64\lib vfprintf abort -XX:ParallelGCThreads=6 
java_command: <unknown>
Launcher Type: generic

Environment Variables:
PATH=C:\ProgramData\Oracle\Java\javapath;C:\Program Files\Dell\DW WLAN Card;C:\Program Files (x86)\NVIDIA Corporation\PhysX\Common;c:\Program Files (x86)\Intel\iCLS Client\;c:\Program Files\Intel\iCLS Client\;C:\Windows\system32;C:\Windows;C:\Windows\System32\Wbem;C:\Windows\System32\WindowsPowerShell\v1.0\;C:\Program Files\Intel\Intel(R) Management Engine Components\DAL;C:\Program Files\Intel\Intel(R) Management Engine Components\IPT;C:\Program Files (x86)\Intel\Intel(R) Management Engine Components\DAL;C:\Program Files (x86)\Intel\Intel(R) Management Engine Components\IPT;C:\Program Files\WIDCOMM\Bluetooth Software\;C:\Program Files\WIDCOMM\Bluetooth Software\syswow64;C:\Program Files\Microsoft\Web Platform Installer\;C:\Program Files (x86)\Microsoft ASP.NET\ASP.NET Web Pages\v1.0\;C:\Program Files\Microsoft SQL Server\110\Tools\Binn\;C:\Program Files (x86)\Skype\Phone\;C:\Program Files\MATLAB\R2013a\runtime\win64;C:\Program Files\MATLAB\R2013a\bin;C:\Aldec\Active-HDL-Student-Edition\bin;C:\Anaconda3;C:\Anaconda3\Scripts;C:\Anaconda3\Library\bin;C:\Program Files (x86)\Windows Kits\8.1\Windows Performance Toolkit\;C:\Program Files (x86)\QuickTime\QTSystem\;C:\Cadence\SPB_16.5\OpenAccess\bin\win32\opt;C:\Cadence\SPB_16.5\tools\Capture;C:\Cadence\SPB_16.5\tools\PSpice\Library;C:\Cadence\SPB_16.5\tools\PSpice;C:\Cadence\SPB_16.5\tools\specctra\bin;C:\Cadence\SPB_16.5\tools\fet\bin;C:\Cadence\SPB_16.5\tools\libutil\bin;C:\Cadence\SPB_16.5\tools\bin;C:\Cadence\SPB_16.5\tools\pcb\bin;;C:\Modeltech_pe_edu_10.4a\win32pe_edu
USERNAME=Marks-M3800
OS=Windows_NT
PROCESSOR_IDENTIFIER=Intel64 Family 6 Model 60 Stepping 3, GenuineIntel



---------------  S Y S T E M  ---------------

OS: Windows 7 Build 7601 Service Pack 1

CPU:total 8 (8 cores per cpu, 2 threads per core) family 6 model 60 stepping 3, cmov, cx8, fxsr, mmx, sse, sse2, sse3, ssse3, sse4.1, sse4.2, ht

Memory: 4k page, physical 16677856k(8369044k free), swap 33353852k(23155356k free)

vm_info: Java HotSpot(TM) 64-Bit Server VM (14.3-b01) for windows-amd64 JRE (1.6.0_17-b04), built on Oct 11 2009 00:46:08 by "java_re" with MS VC++ 8.0

time: Wed Mar 08 19:31:30 2017
elapsed time: 93045 seconds

