#
# A fatal error has been detected by the Java Runtime Environment:
#
#  EXCEPTION_ACCESS_VIOLATION (0xc0000005) at pc=0x000000000a47c750, pid=5984, tid=10064
#
# JRE version: 6.0_17-b04
# Java VM: Java HotSpot(TM) 64-Bit Server VM (14.3-b01 mixed mode windows-amd64 )
# Problematic frame:
# C  0x000000000a47c750
#
# If you would like to submit a bug report, please visit:
#   http://java.sun.com/webapps/bugreport/crash.jsp
# The crash happened outside the Java Virtual Machine in native code.
# See problematic frame for where to report the bug.
#

---------------  T H R E A D  ---------------

Current thread (0x000000004e6c8000):  JavaThread "AWT-EventQueue-0" [_thread_in_native, id=10064, stack(0x00000000ac000000,0x00000000b0000000)]

siginfo: ExceptionCode=0xc0000005, reading address 0x0000000000000008

Registers:
EAX=0x000000000000000d, EBX=0x000000004e6c81b8, ECX=0x0000000000000000, EDX=0x000000001b0124ca
ESP=0x00000000afffe4a8, EBP=0x000000004f23ea20, ESI=0x000000004e6c81b8, EDI=0x0000000070d6ed40
EIP=0x000000000a47c750, EFLAGS=0x0000000000010206

Top of Stack: (sp=0x00000000afffe4a8)
0x00000000afffe4a8:   000000000a42589c 0000000000000000
0x00000000afffe4b8:   000000004e6c81b8 000000004f23ea20
0x00000000afffe4c8:   000000004e6c81b8 0000000000000000
0x00000000afffe4d8:   000000004e6c81b8 000000002b8515d8
0x00000000afffe4e8:   000000000a403810 000000004e6c81b8
0x00000000afffe4f8:   00000000afffebc8 00000000afffec40
0x00000000afffe508:   000000004f23ea20 000000002d14bff0
0x00000000afffe518:   000000000a422151 0000000000000001
0x00000000afffe528:   00000000afffec38 000000003b98aeb0
0x00000000afffe538:   00000000afffec40 0000000000000000
0x00000000afffe548:   000000003b97ad00 000000000000077a
0x00000000afffe558:   00000000260322b0 000000002597589a
0x00000000afffe568:   00000000319c1858 000000003199bcd0
0x00000000afffe578:   00000000afffe578 0000000031d9e1d0
0x00000000afffe588:   000000003b97ad00 0000000000000000
0x00000000afffe598:   0000000700000000 00000000325a0d90 

Instructions: (pc=0x000000000a47c750)
0x000000000a47c740:   48 8b 41 08 48 8b 80 18 0c 00 00 c3 cc cc cc cc
0x000000000a47c750:   48 8b 49 08 48 85 c9 74 05 e9 72 f6 fd ff 33 c0 


Stack: [0x00000000ac000000,0x00000000b0000000],  sp=0x00000000afffe4a8,  free space=65529k
Native frames: (J=compiled Java code, j=interpreted, Vv=VM code, C=native code)
C  0x000000000a47c750

Java frames: (J=compiled Java code, j=interpreted, Vv=VM code)
j  sun.java2d.windows.GDIBlitLoops.nativeBlit(Lsun/java2d/SurfaceData;Lsun/java2d/SurfaceData;Lsun/java2d/pipe/Region;IIIIIIIIIZ)V+0
j  sun.java2d.windows.GDIBlitLoops.Blit(Lsun/java2d/SurfaceData;Lsun/java2d/SurfaceData;Ljava/awt/Composite;Lsun/java2d/pipe/Region;IIIIII)V+33
J  sun.java2d.pipe.DrawImage.copyImage(Lsun/java2d/SunGraphics2D;Ljava/awt/Image;IILjava/awt/Color;Ljava/awt/image/ImageObserver;)Z
J  javax.swing.RepaintManager$PaintManager.paintDoubleBuffered(Ljavax/swing/JComponent;Ljava/awt/Image;Ljava/awt/Graphics;IIII)V
j  javax.swing.RepaintManager$PaintManager.paint(Ljavax/swing/JComponent;Ljavax/swing/JComponent;Ljava/awt/Graphics;IIII)Z+116
j  javax.swing.RepaintManager.paint(Ljavax/swing/JComponent;Ljavax/swing/JComponent;Ljava/awt/Graphics;IIII)V+52
J  javax.swing.JComponent.paint(Ljava/awt/Graphics;)V
j  java.awt.GraphicsCallback$PaintCallback.run(Ljava/awt/Component;Ljava/awt/Graphics;)V+2
j  sun.awt.SunGraphicsCallback.runOneComponent(Ljava/awt/Component;Ljava/awt/Rectangle;Ljava/awt/Graphics;Ljava/awt/Shape;I)V+155
j  sun.awt.SunGraphicsCallback.runComponents([Ljava/awt/Component;Ljava/awt/Graphics;I)V+104
j  java.awt.Container.paint(Ljava/awt/Graphics;)V+73
J  javax.swing.RepaintManager.paintDirtyRegions(Ljava/util/Map;)V
j  javax.swing.RepaintManager.paintDirtyRegions()V+46
j  javax.swing.RepaintManager.seqPaintDirtyRegions()V+73
j  javax.swing.SystemEventQueueUtilities$ComponentWorkRequest.run()V+36
J  java.awt.event.InvocationEvent.dispatch()V
J  java.awt.EventDispatchThread.pumpOneEventForFilters(I)Z
J  java.awt.EventDispatchThread.pumpEventsForFilter(ILjava/awt/Conditional;Ljava/awt/EventFilter;)V
j  java.awt.EventDispatchThread.pumpEventsForHierarchy(ILjava/awt/Conditional;Ljava/awt/Component;)V+11
j  java.awt.EventDispatchThread.pumpEvents(ILjava/awt/Conditional;)V+4
j  java.awt.EventDispatchThread.pumpEvents(Ljava/awt/Conditional;)V+3
j  java.awt.EventDispatchThread.run()V+9
v  ~StubRoutines::call_stub

---------------  P R O C E S S  ---------------

Java Threads: ( => current thread )
  0x000000004e6cd000 JavaThread "Explorer NavigationContext request queue" daemon [_thread_blocked, id=1520, stack(0x00000000a0000000,0x00000000a4000000)]
  0x000000004e6d3800 JavaThread "Prefs Updater" daemon [_thread_blocked, id=10516, stack(0x0000000111fa0000,0x0000000115fa0000)]
  0x000000004e6cc800 JavaThread "pool-7-thread-1" [_thread_blocked, id=6104, stack(0x00000000c4000000,0x00000000c8000000)]
  0x000000004e6d4800 JavaThread "Timer-2" daemon [_thread_blocked, id=11140, stack(0x000000010dfa0000,0x0000000111fa0000)]
  0x000000004e6d2000 JavaThread "com.jniwrapper.NativeResourceCollector" daemon [_thread_blocked, id=8568, stack(0x0000000101fa0000,0x0000000105fa0000)]
  0x000000004e6d3000 JavaThread "Swing-Shell" daemon [_thread_blocked, id=8144, stack(0x00000000fdfa0000,0x0000000101fa0000)]
  0x000000004e6d0000 JavaThread "Code Analyzer updating thread" [_thread_blocked, id=11736, stack(0x00000000f0fd0000,0x00000000f4fd0000)]
  0x000000004e6cf800 JavaThread "Active Reference Queue Daemon" daemon [_thread_blocked, id=9052, stack(0x00000000ecfd0000,0x00000000f0fd0000)]
  0x000000004e6ce800 JavaThread "Timer-1" daemon [_thread_blocked, id=7960, stack(0x00000000e8fd0000,0x00000000ecfd0000)]
  0x000000004e6ce000 JavaThread "ClipboardMonitor Timer" daemon [_thread_blocked, id=5524, stack(0x00000000e4fd0000,0x00000000e8fd0000)]
  0x000000004e6cb800 JavaThread "AddressBar directory emptiness poller" daemon [_thread_blocked, id=8124, stack(0x00000000d8fd0000,0x00000000dcfd0000)]
  0x000000004e6cb000 JavaThread "Explorer Refresh Service 2130128503" daemon [_thread_blocked, id=10088, stack(0x00000000d4fd0000,0x00000000d8fd0000)]
  0x000000004e6ca000 JavaThread "Thread-4" daemon [_thread_blocked, id=10728, stack(0x00000000cc000000,0x00000000d0000000)]
  0x000000004e6c9800 JavaThread "TimerQueue" daemon [_thread_blocked, id=9776, stack(0x00000000c0000000,0x00000000c4000000)]
  0x000000004e6c9000 JavaThread "Thread-3" daemon [_thread_blocked, id=11956, stack(0x00000000b0000000,0x00000000b4000000)]
=>0x000000004e6c8000 JavaThread "AWT-EventQueue-0" [_thread_in_native, id=10064, stack(0x00000000ac000000,0x00000000b0000000)]
  0x000000004e6c7800 JavaThread "AWT-Shutdown" [_thread_blocked, id=3552, stack(0x0000000098000000,0x000000009c000000)]
  0x000000004e6c6800 JavaThread "FelixPackageAdmin" daemon [_thread_blocked, id=9388, stack(0x00000000bc000000,0x00000000c0000000)]
  0x000000004e6c6000 JavaThread "FelixStartLevel" daemon [_thread_blocked, id=10740, stack(0x00000000b8000000,0x00000000bc000000)]
  0x000000004e471800 JavaThread "FelixDispatchQueue" daemon [_thread_blocked, id=6364, stack(0x00000000b4000000,0x00000000b8000000)]
  0x000000004e197800 JavaThread "com.google.common.base.internal.Finalizer" daemon [_thread_blocked, id=3004, stack(0x00000000a4000000,0x00000000a8000000)]
  0x000000004e128000 JavaThread "AWT-Windows" daemon [_thread_in_native, id=11716, stack(0x000000009c000000,0x00000000a0000000)]
  0x000000004e127000 JavaThread "Java2D Disposer" daemon [_thread_blocked, id=9856, stack(0x0000000094000000,0x0000000098000000)]
  0x000000004dba7800 JavaThread "Timer-0" [_thread_blocked, id=11316, stack(0x0000000090000000,0x0000000094000000)]
  0x000000004dbd1000 JavaThread "EventMgr Dispatcher" daemon [_thread_in_native, id=12180, stack(0x000000008c000000,0x0000000090000000)]
  0x000000000a32c800 JavaThread "Low Memory Detector" daemon [_thread_blocked, id=9296, stack(0x0000000084000000,0x0000000088000000)]
  0x000000000a326000 JavaThread "CompilerThread1" daemon [_thread_blocked, id=10500, stack(0x0000000080000000,0x0000000084000000)]
  0x000000000a31e000 JavaThread "CompilerThread0" daemon [_thread_blocked, id=6048, stack(0x0000000069cd0000,0x000000006dcd0000)]
  0x000000000a319000 JavaThread "Attach Listener" daemon [_thread_blocked, id=12108, stack(0x0000000065730000,0x0000000069730000)]
  0x000000000a2b8800 JavaThread "Finalizer" daemon [_thread_blocked, id=1572, stack(0x0000000061730000,0x0000000065730000)]
  0x000000000a2b7800 JavaThread "Reference Handler" daemon [_thread_blocked, id=10632, stack(0x000000005d730000,0x0000000061730000)]
  0x0000000006bae800 JavaThread "main" [_thread_in_native, id=7908, stack(0x0000000000030000,0x0000000004030000)]

Other Threads:
  0x000000000a2b3000 VMThread [stack: 0x0000000059730000,0x000000005d730000] [id=11480]
  0x000000000a355000 WatcherThread [stack: 0x0000000088000000,0x000000008c000000] [id=12188]

VM state:not at safepoint (normal execution)

VM Mutex/Monitor currently owned by a thread: None

Heap
 PSYoungGen      total 49728K, used 29922K [0x0000000039c70000, 0x000000003cd70000, 0x000000003cd70000)
  eden space 49408K, 60% used [0x0000000039c70000,0x000000003b9909f0,0x000000003ccb0000)
  from space 320K, 30% used [0x000000003cd00000,0x000000003cd18000,0x000000003cd50000)
  to   space 320K, 0% used [0x000000003ccb0000,0x000000003ccb0000,0x000000003cd00000)
 PSOldGen        total 150528K, used 84253K [0x0000000030970000, 0x0000000039c70000, 0x0000000039c70000)
  object space 150528K, 55% used [0x0000000030970000,0x0000000035bb7570,0x0000000039c70000)
 PSPermGen       total 122112K, used 75627K [0x0000000028970000, 0x00000000300b0000, 0x0000000030970000)
  object space 122112K, 61% used [0x0000000028970000,0x000000002d34aea0,0x00000000300b0000)

Dynamic libraries:
0x0000000140000000 - 0x0000000140028000 	C:\Program Files\MATLAB\R2013a\bin\win64\MATLAB.exe
0x0000000077320000 - 0x00000000774ca000 	C:\Windows\SYSTEM32\ntdll.dll
0x0000000077100000 - 0x000000007721f000 	C:\Windows\system32\kernel32.dll
0x000007fefd0e0000 - 0x000007fefd14a000 	C:\Windows\system32\KERNELBASE.dll
0x0000000074460000 - 0x0000000074515000 	C:\Program Files\MATLAB\R2013a\bin\win64\libut.dll
0x00000000758a0000 - 0x000000007595f000 	C:\Program Files\MATLAB\R2013a\bin\win64\libmwi18n.dll
0x0000000180000000 - 0x000000018000d000 	C:\Program Files\MATLAB\R2013a\bin\win64\libmwresource_core.dll
0x0000000051300000 - 0x0000000051398000 	C:\Program Files\MATLAB\R2013a\bin\win64\MSVCP100.dll
0x0000000077e40000 - 0x0000000077f12000 	C:\Program Files\MATLAB\R2013a\bin\win64\MSVCR100.dll
0x0000000072910000 - 0x000000007291e000 	C:\Program Files\MATLAB\R2013a\bin\win64\boost_date_time-vc100-mt-1_49.dll
0x0000000069c70000 - 0x0000000069c9c000 	C:\Program Files\MATLAB\R2013a\bin\win64\boost_filesystem-vc100-mt-1_49.dll
0x0000000072920000 - 0x0000000072929000 	C:\Program Files\MATLAB\R2013a\bin\win64\boost_system-vc100-mt-1_49.dll
0x000007fefea70000 - 0x000007fefeb4b000 	C:\Windows\system32\ADVAPI32.dll
0x000007fefd4e0000 - 0x000007fefd57f000 	C:\Windows\system32\msvcrt.dll
0x000007fefd490000 - 0x000007fefd4af000 	C:\Windows\SYSTEM32\sechost.dll
0x000007feff3f0000 - 0x000007feff51d000 	C:\Windows\system32\RPCRT4.dll
0x0000000069ca0000 - 0x0000000069cc5000 	C:\Program Files\MATLAB\R2013a\bin\win64\LIBEXPAT.dll
0x0000000077790000 - 0x000000007791a000 	C:\Program Files\MATLAB\R2013a\bin\win64\icuin49.dll
0x0000000074080000 - 0x00000000741be000 	C:\Program Files\MATLAB\R2013a\bin\win64\icuuc49.dll
0x000000000ff10000 - 0x0000000011032000 	C:\Program Files\MATLAB\R2013a\bin\win64\icudt49.dll
0x0000000072900000 - 0x0000000072910000 	C:\Program Files\MATLAB\R2013a\bin\win64\icuio49.dll
0x0000000004290000 - 0x0000000004432000 	C:\Program Files\MATLAB\R2013a\bin\win64\libmwfl.dll
0x000000007a350000 - 0x000000007a737000 	C:\Program Files\MATLAB\R2013a\bin\win64\libmwMATLAB_res.dll
0x0000000077f20000 - 0x0000000077fff000 	C:\Program Files\MATLAB\R2013a\bin\win64\boost_regex-vc100-mt-1_49.dll
0x0000000077220000 - 0x000000007731a000 	C:\Windows\system32\USER32.dll
0x000007fefeb50000 - 0x000007fefebb7000 	C:\Windows\system32\GDI32.dll
0x000007feff110000 - 0x000007feff11e000 	C:\Windows\system32\LPK.dll
0x000007fefd580000 - 0x000007fefd64a000 	C:\Windows\system32\USP10.dll
0x00000000512e0000 - 0x00000000512f1000 	C:\Program Files\MATLAB\R2013a\bin\win64\boost_signals-vc100-mt-1_49.dll
0x0000000069c50000 - 0x0000000069c61000 	C:\Program Files\MATLAB\R2013a\bin\win64\boost_thread-vc100-mt-1_49.dll
0x000007fef7de0000 - 0x000007fef7e6c000 	C:\Program Files\MATLAB\R2013a\bin\win64\boost_log-vc100-mt-1_49.dll
0x00000000774e0000 - 0x00000000774e7000 	C:\Windows\system32\PSAPI.DLL
0x000007fefd950000 - 0x000007fefd99d000 	C:\Windows\system32\WS2_32.dll
0x000007fefedb0000 - 0x000007fefedb8000 	C:\Windows\system32\NSI.dll
0x000007fef9730000 - 0x000007fef9763000 	C:\Program Files\MATLAB\R2013a\bin\win64\tbb.dll
0x000007fefd930000 - 0x000007fefd949000 	C:\Windows\system32\imagehlp.dll
0x000007fefa740000 - 0x000007fefa76c000 	C:\Windows\system32\POWRPROF.dll
0x000007fefd9a0000 - 0x000007fefdb77000 	C:\Windows\system32\SETUPAPI.dll
0x000007fefd080000 - 0x000007fefd0b6000 	C:\Windows\system32\CFGMGR32.dll
0x000007fefe990000 - 0x000007fefea6a000 	C:\Windows\system32\OLEAUT32.dll
0x000007fefedc0000 - 0x000007fefefc3000 	C:\Windows\system32\ole32.dll
0x000007fefd0c0000 - 0x000007fefd0da000 	C:\Windows\system32\DEVOBJ.dll
0x0000000004110000 - 0x0000000004131000 	C:\Program Files\MATLAB\R2013a\bin\win64\libmwmfl_scalar.dll
0x000007fef8700000 - 0x000007fef8825000 	C:\Windows\system32\dbghelp.dll
0x0000000004440000 - 0x000000000476f000 	C:\Program Files\MATLAB\R2013a\bin\win64\libmwservices.dll
0x0000000075a20000 - 0x0000000075b0b000 	C:\Program Files\MATLAB\R2013a\bin\win64\libmx.dll
0x000007fef9700000 - 0x000007fef9728000 	C:\Program Files\MATLAB\R2013a\bin\win64\tbbmalloc.dll
0x00000000505c0000 - 0x00000000505d7000 	C:\Program Files\MATLAB\R2013a\bin\win64\zlib1.dll
0x0000000004140000 - 0x000000000418e000 	C:\Program Files\MATLAB\R2013a\bin\win64\libmwregexp.dll
0x0000000075f10000 - 0x0000000075f57000 	C:\Program Files\MATLAB\R2013a\bin\win64\mpath.dll
0x000000007b680000 - 0x000000007bc66000 	C:\Program Files\MATLAB\R2013a\bin\win64\mlutil.dll
0x00000000754d0000 - 0x0000000075547000 	C:\Program Files\MATLAB\R2013a\bin\win64\xmlcore.dll
0x0000000004770000 - 0x00000000049b1000 	C:\Program Files\MATLAB\R2013a\bin\win64\xerces-c_2_7.dll
0x00000000049d0000 - 0x00000000049f2000 	C:\Program Files\MATLAB\R2013a\bin\win64\libmwMATLAB_settings_res.dll
0x000007fefa5f0000 - 0x000007fefa600000 	C:\Program Files\MATLAB\R2013a\bin\win64\boost_iostreams-vc100-mt-1_49.dll
0x000007fef96b0000 - 0x000007fef96f6000 	C:\Program Files\MATLAB\R2013a\bin\win64\boost_serialization-vc100-mt-1_49.dll
0x000007fefdb80000 - 0x000007fefe90a000 	C:\Windows\system32\SHELL32.dll
0x000007fefe910000 - 0x000007fefe981000 	C:\Windows\system32\SHLWAPI.dll
0x0000000004a00000 - 0x0000000004a06000 	C:\Program Files\MATLAB\R2013a\bin\win64\libmwnativedisplay.dll
0x000007fef98d0000 - 0x000007fef9970000 	C:\Windows\WinSxS\amd64_microsoft.windows.common-controls_6595b64144ccf1df_5.82.7601.18837_none_a4d981ff711297b6\COMCTL32.dll
0x000007feff070000 - 0x000007feff107000 	C:\Windows\system32\COMDLG32.dll
0x000007fefab70000 - 0x000007fefab86000 	C:\Windows\system32\NETAPI32.dll
0x000007fefab60000 - 0x000007fefab6c000 	C:\Windows\system32\netutils.dll
0x000007fefcbd0000 - 0x000007fefcbf3000 	C:\Windows\system32\srvcli.dll
0x000007fefab40000 - 0x000007fefab55000 	C:\Windows\system32\wkscli.dll
0x0000000074970000 - 0x0000000074a18000 	C:\Program Files\MATLAB\R2013a\bin\win64\mcr.dll
0x0000000075000000 - 0x00000000753b1000 	C:\Program Files\MATLAB\R2013a\bin\win64\iqm.dll
0x0000000074e80000 - 0x0000000074f30000 	C:\Program Files\MATLAB\R2013a\bin\win64\m_dispatcher.dll
0x0000000004a10000 - 0x0000000005218000 	C:\Program Files\MATLAB\R2013a\bin\win64\m_interpreter.dll
0x0000000005220000 - 0x0000000005244000 	C:\Program Files\MATLAB\R2013a\bin\win64\libmex.dll
0x0000000075430000 - 0x00000000754ab000 	C:\Program Files\MATLAB\R2013a\bin\win64\profiler.dll
0x0000000005250000 - 0x00000000054d3000 	C:\Program Files\MATLAB\R2013a\bin\win64\libmwmathutil.dll
0x0000000079f40000 - 0x0000000079f66000 	C:\Program Files\MATLAB\R2013a\bin\win64\libmwmathrng.dll
0x00000000054e0000 - 0x00000000054f0000 	C:\Program Files\MATLAB\R2013a\bin\win64\libmwmfl_rng.dll
0x0000000074c10000 - 0x0000000074cf8000 	C:\Program Files\MATLAB\R2013a\bin\win64\libmwmathcore.dll
0x0000000076160000 - 0x00000000761c3000 	C:\Program Files\MATLAB\R2013a\bin\win64\libmwspmatrix.dll
0x000000007b0a0000 - 0x000000007b2f6000 	C:\Program Files\MATLAB\R2013a\bin\win64\mcos.dll
0x0000000075ea0000 - 0x0000000075f02000 	C:\Program Files\MATLAB\R2013a\bin\win64\libmwcholmod.dll
0x0000000005500000 - 0x000000000550d000 	C:\Program Files\MATLAB\R2013a\bin\win64\libmwamd.dll
0x0000000072240000 - 0x00000000722e3000 	C:\Windows\WinSxS\amd64_microsoft.vc90.crt_1fc8b3b9a1e18e3b_9.0.30729.6161_none_08e61857a83bc251\MSVCR90.dll
0x0000000005520000 - 0x000000000552c000 	C:\Program Files\MATLAB\R2013a\bin\win64\libmwcolamd.dll
0x000000007a290000 - 0x000000007a2a3000 	C:\Program Files\MATLAB\R2013a\bin\win64\libmwblas.dll
0x000000007a310000 - 0x000000007a325000 	C:\Program Files\MATLAB\R2013a\bin\win64\libmwbinder.dll
0x0000000005540000 - 0x000000000554b000 	C:\Program Files\MATLAB\R2013a\bin\win64\libmwompwrapper.dll
0x0000000075820000 - 0x000000007589e000 	C:\Program Files\MATLAB\R2013a\bin\win64\libmwlapack.dll
0x000000007a1b0000 - 0x000000007a1d0000 	C:\Program Files\MATLAB\R2013a\bin\win64\m_pcodeio.dll
0x0000000079b10000 - 0x0000000079b6c000 	C:\Program Files\MATLAB\R2013a\bin\win64\m_ir.dll
0x0000000078ed0000 - 0x0000000079579000 	C:\Program Files\MATLAB\R2013a\bin\win64\m_parser.dll
0x000000007a2f0000 - 0x000000007a307000 	C:\Program Files\MATLAB\R2013a\bin\win64\ir_xfmr.dll
0x0000000005550000 - 0x0000000005560000 	C:\Program Files\MATLAB\R2013a\bin\win64\mtok.dll
0x000000007a130000 - 0x000000007a158000 	C:\Program Files\MATLAB\R2013a\bin\win64\m_pcodegen.dll
0x0000000079fb0000 - 0x0000000079fdf000 	C:\Program Files\MATLAB\R2013a\bin\win64\libmwbridge.dll
0x0000000074f40000 - 0x0000000074ff6000 	C:\Program Files\MATLAB\R2013a\bin\win64\udd.dll
0x0000000073cc0000 - 0x0000000073e0e000 	C:\Program Files\MATLAB\R2013a\bin\win64\libmwgui.dll
0x000000007a1d0000 - 0x000000007a1f4000 	C:\Program Files\MATLAB\R2013a\bin\win64\graphics_util.dll
0x000007fee0310000 - 0x000007fee03c8000 	C:\Program Files\MATLAB\R2013a\bin\win64\libtex_base.dll
0x0000000005560000 - 0x0000000005ea3000 	C:\Program Files\MATLAB\R2013a\bin\win64\hg.dll
0x0000000076100000 - 0x000000007615a000 	C:\Program Files\MATLAB\R2013a\bin\win64\libmat.dll
0x0000000072d30000 - 0x0000000072f38000 	C:\Program Files\MATLAB\R2013a\bin\win64\hdf5dll.dll
0x0000000075710000 - 0x00000000757d8000 	C:\Program Files\MATLAB\R2013a\bin\win64\jmi.dll
0x0000000005ec0000 - 0x0000000005ece000 	C:\Program Files\MATLAB\R2013a\bin\win64\nativejava_services.dll
0x0000000005ed0000 - 0x0000000005f10000 	C:\Program Files\MATLAB\R2013a\bin\win64\libmwhardcopy.dll
0x0000000075c70000 - 0x0000000075cce000 	C:\Program Files\MATLAB\R2013a\bin\win64\libuij.dll
0x0000000072f50000 - 0x000000007318f000 	C:\Program Files\MATLAB\R2013a\bin\win64\hgdatatypes.dll
0x0000000005f10000 - 0x0000000005ffb000 	C:\Program Files\MATLAB\R2013a\bin\win64\hgutils.dll
0x0000000006000000 - 0x00000000060ae000 	C:\Program Files\MATLAB\R2013a\bin\win64\udd_mi.dll
0x00000000060b0000 - 0x00000000060e6000 	C:\Program Files\MATLAB\R2013a\bin\win64\libmwgbtutils.dll
0x00000000060f0000 - 0x0000000006104000 	C:\Program Files\MATLAB\R2013a\bin\win64\libmwgbt.dll
0x0000000006110000 - 0x00000000063de000 	C:\Program Files\MATLAB\R2013a\bin\win64\uiw.dll
0x00000000063e0000 - 0x00000000063e9000 	C:\Program Files\MATLAB\R2013a\bin\win64\uinone.dll
0x00000000063f0000 - 0x0000000006416000 	C:\Program Files\MATLAB\R2013a\bin\win64\libmwnativefiledialogs.dll
0x0000000006420000 - 0x000000000642c000 	C:\Program Files\MATLAB\R2013a\bin\win64\libmwplatform_res.dll
0x000007fef50b0000 - 0x000007fef50c8000 	C:\Windows\system32\MPR.dll
0x0000000006430000 - 0x000000000698d000 	C:\Program Files\MATLAB\R2013a\bin\win64\mfc100.dll
0x000007fefc430000 - 0x000007fefc437000 	C:\Windows\system32\MSIMG32.dll
0x000007fefad10000 - 0x000007fefad81000 	C:\Windows\system32\WINSPOOL.DRV
0x0000000006990000 - 0x00000000069ad000 	C:\Program Files\MATLAB\R2013a\bin\win64\mwoles05.DLL
0x00000000069b0000 - 0x0000000006a1c000 	C:\Program Files\MATLAB\R2013a\bin\win64\comcli.dll
0x0000000050590000 - 0x00000000505bb000 	C:\Program Files\MATLAB\R2013a\bin\win64\ATL100.DLL
0x0000000006a20000 - 0x0000000006a2c000 	C:\Program Files\MATLAB\R2013a\bin\win64\mlautoregister.dll
0x0000000006a30000 - 0x0000000006b86000 	C:\Program Files\MATLAB\R2013a\bin\win64\mvm.dll
0x000007fefce60000 - 0x000007fefceb7000 	C:\Windows\system32\apphelp.dll
0x000007feebfc0000 - 0x000007feec011000 	C:\Windows\AppPatch\AppPatch64\AcGenral.DLL
0x000007fefce30000 - 0x000007fefce55000 	C:\Windows\system32\SspiCli.dll
0x0000000071720000 - 0x0000000071723000 	C:\Windows\system32\sfc.dll
0x000007fef4d50000 - 0x000007fef4d60000 	C:\Windows\system32\sfc_os.DLL
0x000007fefd170000 - 0x000007fefd18e000 	C:\Windows\system32\USERENV.dll
0x000007fefd060000 - 0x000007fefd06f000 	C:\Windows\system32\profapi.dll

VM Arguments:
jvm_args: -XX:PermSize=32m -Xms64m -XX:NewRatio=3 -XX:MaxPermSize=128m -Xmx196m -XX:MaxDirectMemorySize=2147400000 -Dsun.java2d.noddraw=true -Dsun.awt.nopixfmt=true -Xshare:off -Xrs -Dsun.awt.disableMixing=true -Djava.library.path=C:\Program Files\MATLAB\R2013a\bin\win64;C:\Program Files\MATLAB\R2013a\sys\jxbrowser\win64\lib vfprintf abort -XX:ParallelGCThreads=6 
java_command: <unknown>
Launcher Type: generic

Environment Variables:
PATH=C:\ProgramData\Oracle\Java\javapath;C:\Program Files\Dell\DW WLAN Card;C:\Program Files (x86)\NVIDIA Corporation\PhysX\Common;c:\Program Files (x86)\Intel\iCLS Client\;c:\Program Files\Intel\iCLS Client\;C:\Windows\system32;C:\Windows;C:\Windows\System32\Wbem;C:\Windows\System32\WindowsPowerShell\v1.0\;C:\Program Files\Intel\Intel(R) Management Engine Components\DAL;C:\Program Files\Intel\Intel(R) Management Engine Components\IPT;C:\Program Files (x86)\Intel\Intel(R) Management Engine Components\DAL;C:\Program Files (x86)\Intel\Intel(R) Management Engine Components\IPT;C:\Program Files\WIDCOMM\Bluetooth Software\;C:\Program Files\WIDCOMM\Bluetooth Software\syswow64;C:\Program Files\Microsoft\Web Platform Installer\;C:\Program Files (x86)\Microsoft ASP.NET\ASP.NET Web Pages\v1.0\;C:\Program Files (x86)\Windows Kits\8.0\Windows Performance Toolkit\;C:\Program Files\Microsoft SQL Server\110\Tools\Binn\;C:\Program Files (x86)\QuickTime\QTSystem\;C:\Program Files (x86)\Skype\Phone\;C:\Program Files\MATLAB\R2013a\runtime\win64;C:\Program Files\MATLAB\R2013a\bin;C:\Aldec\Active-HDL-Student-Edition\bin;C:\Anaconda3;C:\Anaconda3\Scripts;C:\Anaconda3\Library\bin;C:\Cadence\SPB_16.5\OpenAccess\bin\win32\opt;C:\Cadence\SPB_16.5\tools\Capture;C:\Cadence\SPB_16.5\tools\PSpice\Library;C:\Cadence\SPB_16.5\tools\PSpice;C:\Cadence\SPB_16.5\tools\specctra\bin;C:\Cadence\SPB_16.5\tools\fet\bin;C:\Cadence\SPB_16.5\tools\libutil\bin;C:\Cadence\SPB_16.5\tools\bin;C:\Cadence\SPB_16.5\tools\pcb\bin;;C:\Modeltech_pe_edu_10.4a\win32pe_edu
USERNAME=Marks-M3800
OS=Windows_NT
PROCESSOR_IDENTIFIER=Intel64 Family 6 Model 60 Stepping 3, GenuineIntel



---------------  S Y S T E M  ---------------

OS: Windows 7 Build 7601 Service Pack 1

CPU:total 8 (8 cores per cpu, 2 threads per core) family 6 model 60 stepping 3, cmov, cx8, fxsr, mmx, sse, sse2, sse3, ssse3, sse4.1, sse4.2, ht

Memory: 4k page, physical 16677856k(8120512k free), swap 33353852k(23539904k free)

vm_info: Java HotSpot(TM) 64-Bit Server VM (14.3-b01) for windows-amd64 JRE (1.6.0_17-b04), built on Oct 11 2009 00:46:08 by "java_re" with MS VC++ 8.0

time: Thu Feb 02 16:50:15 2017
elapsed time: 76154 seconds

