#
# A fatal error has been detected by the Java Runtime Environment:
#
#  EXCEPTION_ACCESS_VIOLATION (0xc0000005) at pc=0x0000000009bac750, pid=8000, tid=8216
#
# JRE version: 6.0_17-b04
# Java VM: Java HotSpot(TM) 64-Bit Server VM (14.3-b01 mixed mode windows-amd64 )
# Problematic frame:
# C  0x0000000009bac750
#
# If you would like to submit a bug report, please visit:
#   http://java.sun.com/webapps/bugreport/crash.jsp
# The crash happened outside the Java Virtual Machine in native code.
# See problematic frame for where to report the bug.
#

---------------  T H R E A D  ---------------

Current thread (0x0000000062b3b800):  JavaThread "AWT-EventQueue-0" [_thread_in_native, id=8216, stack(0x00000000a8000000,0x00000000ac000000)]

siginfo: ExceptionCode=0xc0000005, reading address 0x0000000000000008

Registers:
EAX=0x000000000000000d, EBX=0x0000000062b3b9b8, ECX=0x0000000000000000, EDX=0xffffffffe501234b
ESP=0x00000000abffe0e8, EBP=0x00000000632406c0, ESI=0x0000000062b3b9b8, EDI=0x0000000077a193f0
EIP=0x0000000009bac750, EFLAGS=0x0000000000010202

Top of Stack: (sp=0x00000000abffe0e8)
0x00000000abffe0e8:   0000000009b5589c 0000000000000000
0x00000000abffe0f8:   0000000062b3b9b8 00000000632406c0
0x00000000abffe108:   0000000062b3b9b8 000000000000001c
0x00000000abffe118:   0000000062b3b9b8 0000000029489750
0x00000000abffe128:   0000000009b33810 0000000062b3b9b8
0x00000000abffe138:   00000000abffe800 00000000abffe878
0x00000000abffe148:   00000000632406c0 0000000000000000
0x00000000abffe158:   0000000009b52151 000000002f4e3c80
0x00000000abffe168:   00000000abffe870 00000000000003ed
0x00000000abffe178:   00000000abffe878 00000000000003e8
0x00000000abffe188:   00000000000003e8 0000000030902dc8
0x00000000abffe198:   0000000038ca0330 000000002f29d3a8
0x00000000abffe1a8:   0000000000000007 0000000100000000
0x00000000abffe1b8:   0000000000000000 0000000000000014
0x00000000abffe1c8:   000000000000001c 0000000000000018
0x00000000abffe1d8:   0000000000000010 0000000000000000 

Instructions: (pc=0x0000000009bac750)
0x0000000009bac740:   48 8b 41 08 48 8b 80 18 0c 00 00 c3 cc cc cc cc
0x0000000009bac750:   48 8b 49 08 48 85 c9 74 05 e9 72 f6 fd ff 33 c0 


Stack: [0x00000000a8000000,0x00000000ac000000],  sp=0x00000000abffe0e8,  free space=65528k
Native frames: (J=compiled Java code, j=interpreted, Vv=VM code, C=native code)
C  0x0000000009bac750

Java frames: (J=compiled Java code, j=interpreted, Vv=VM code)
j  sun.java2d.windows.GDIBlitLoops.nativeBlit(Lsun/java2d/SurfaceData;Lsun/java2d/SurfaceData;Lsun/java2d/pipe/Region;IIIIIIIIIZ)V+0
j  sun.java2d.windows.GDIBlitLoops.Blit(Lsun/java2d/SurfaceData;Lsun/java2d/SurfaceData;Ljava/awt/Composite;Lsun/java2d/pipe/Region;IIIIII)V+33
j  sun.java2d.pipe.DrawImage.blitSurfaceData(Lsun/java2d/SunGraphics2D;Lsun/java2d/pipe/Region;Lsun/java2d/SurfaceData;Lsun/java2d/SurfaceData;Lsun/java2d/loops/SurfaceType;Lsun/java2d/loops/SurfaceType;IIIIIILjava/awt/Color;)V+97
j  sun.java2d.pipe.DrawImage.renderImageCopy(Lsun/java2d/SunGraphics2D;Ljava/awt/Image;Ljava/awt/Color;IIIIII)Z+75
j  sun.java2d.pipe.DrawImage.copyImage(Lsun/java2d/SunGraphics2D;Ljava/awt/Image;IILjava/awt/Color;)Z+45
j  sun.java2d.pipe.DrawImage.copyImage(Lsun/java2d/SunGraphics2D;Ljava/awt/Image;IILjava/awt/Color;Ljava/awt/image/ImageObserver;)Z+15
j  sun.java2d.pipe.ValidatePipe.copyImage(Lsun/java2d/SunGraphics2D;Ljava/awt/Image;IILjava/awt/Color;Ljava/awt/image/ImageObserver;)Z+21
j  sun.java2d.SunGraphics2D.drawImage(Ljava/awt/Image;IILjava/awt/Color;Ljava/awt/image/ImageObserver;)Z+18
j  sun.java2d.SunGraphics2D.drawImage(Ljava/awt/Image;IILjava/awt/image/ImageObserver;)Z+7
j  javax.swing.RepaintManager$PaintManager.paintDoubleBuffered(Ljavax/swing/JComponent;Ljava/awt/Image;Ljava/awt/Graphics;IIII)V+127
j  javax.swing.RepaintManager$PaintManager.paint(Ljavax/swing/JComponent;Ljavax/swing/JComponent;Ljava/awt/Graphics;IIII)Z+116
j  javax.swing.RepaintManager.paint(Ljavax/swing/JComponent;Ljavax/swing/JComponent;Ljava/awt/Graphics;IIII)V+52
j  javax.swing.JComponent.paint(Ljava/awt/Graphics;)V+225
j  java.awt.GraphicsCallback$PaintCallback.run(Ljava/awt/Component;Ljava/awt/Graphics;)V+2
j  sun.awt.SunGraphicsCallback.runOneComponent(Ljava/awt/Component;Ljava/awt/Rectangle;Ljava/awt/Graphics;Ljava/awt/Shape;I)V+155
j  sun.awt.SunGraphicsCallback.runComponents([Ljava/awt/Component;Ljava/awt/Graphics;I)V+104
j  java.awt.Container.paint(Ljava/awt/Graphics;)V+73
j  javax.swing.RepaintManager.paintDirtyRegions(Ljava/util/Map;)V+256
j  javax.swing.RepaintManager.paintDirtyRegions()V+46
j  javax.swing.RepaintManager.seqPaintDirtyRegions()V+73
j  javax.swing.SystemEventQueueUtilities$ComponentWorkRequest.run()V+36
j  java.awt.event.InvocationEvent.dispatch()V+47
J  java.awt.EventDispatchThread.pumpOneEventForFilters(I)Z
J  java.awt.EventDispatchThread.pumpEventsForFilter(ILjava/awt/Conditional;Ljava/awt/EventFilter;)V
j  java.awt.EventDispatchThread.pumpEventsForHierarchy(ILjava/awt/Conditional;Ljava/awt/Component;)V+11
j  java.awt.EventDispatchThread.pumpEvents(ILjava/awt/Conditional;)V+4
j  java.awt.EventDispatchThread.pumpEvents(Ljava/awt/Conditional;)V+3
j  java.awt.EventDispatchThread.run()V+9
v  ~StubRoutines::call_stub

---------------  P R O C E S S  ---------------

Java Threads: ( => current thread )
  0x0000000063021800 JavaThread "Explorer NavigationContext request queue" daemon [_thread_blocked, id=7000, stack(0x00000000c8000000,0x00000000cc000000)]
  0x0000000063028800 JavaThread "Foxtrot Single Worker Thread #1" daemon [_thread_blocked, id=7100, stack(0x00000000c4000000,0x00000000c8000000)]
  0x0000000063021000 JavaThread "Prefs Updater" daemon [_thread_blocked, id=7520, stack(0x00000000a0000000,0x00000000a4000000)]
  0x0000000063025000 JavaThread "Timer-2" daemon [_thread_blocked, id=5532, stack(0x000000010dfa0000,0x0000000111fa0000)]
  0x0000000063028000 JavaThread "com.jniwrapper.NativeResourceCollector" daemon [_thread_blocked, id=9656, stack(0x0000000105fa0000,0x0000000109fa0000)]
  0x0000000063027800 JavaThread "Swing-Shell" daemon [_thread_blocked, id=12084, stack(0x0000000101fa0000,0x0000000105fa0000)]
  0x0000000063024800 JavaThread "Code Analyzer updating thread" [_thread_blocked, id=3600, stack(0x00000000f0fd0000,0x00000000f4fd0000)]
  0x0000000063023800 JavaThread "Active Reference Queue Daemon" daemon [_thread_blocked, id=3384, stack(0x00000000ecfd0000,0x00000000f0fd0000)]
  0x0000000063022000 JavaThread "Timer-1" daemon [_thread_blocked, id=2420, stack(0x00000000e8fd0000,0x00000000ecfd0000)]
  0x0000000063023000 JavaThread "ClipboardMonitor Timer" daemon [_thread_blocked, id=10296, stack(0x00000000e4fd0000,0x00000000e8fd0000)]
  0x0000000063020000 JavaThread "AddressBar directory emptiness poller" daemon [_thread_blocked, id=4932, stack(0x00000000d8fd0000,0x00000000dcfd0000)]
  0x000000006301f800 JavaThread "Explorer Refresh Service 1620729172" daemon [_thread_blocked, id=7644, stack(0x00000000d4fd0000,0x00000000d8fd0000)]
  0x000000006301e800 JavaThread "Thread-4" daemon [_thread_blocked, id=12176, stack(0x00000000cc000000,0x00000000d0000000)]
  0x000000006301d000 JavaThread "TimerQueue" daemon [_thread_blocked, id=10504, stack(0x00000000bc000000,0x00000000c0000000)]
  0x000000006301c800 JavaThread "Thread-3" daemon [_thread_blocked, id=9080, stack(0x00000000ac000000,0x00000000b0000000)]
  0x000000006301b800 JavaThread "FelixPackageAdmin" daemon [_thread_blocked, id=6588, stack(0x00000000b8000000,0x00000000bc000000)]
  0x0000000063099800 JavaThread "FelixStartLevel" daemon [_thread_blocked, id=3304, stack(0x00000000b4000000,0x00000000b8000000)]
  0x0000000062bea800 JavaThread "FelixDispatchQueue" daemon [_thread_blocked, id=10132, stack(0x00000000b0000000,0x00000000b4000000)]
=>0x0000000062b3b800 JavaThread "AWT-EventQueue-0" [_thread_in_native, id=8216, stack(0x00000000a8000000,0x00000000ac000000)]
  0x000000005f75f800 JavaThread "com.google.common.base.internal.Finalizer" daemon [_thread_blocked, id=10020, stack(0x00000000a4000000,0x00000000a8000000)]
  0x000000005f6e0800 JavaThread "AWT-Windows" daemon [_thread_in_native, id=4644, stack(0x000000009c000000,0x00000000a0000000)]
  0x00000000629a7000 JavaThread "AWT-Shutdown" [_thread_blocked, id=8064, stack(0x0000000098000000,0x000000009c000000)]
  0x00000000629a6800 JavaThread "Java2D Disposer" daemon [_thread_blocked, id=7568, stack(0x0000000094000000,0x0000000098000000)]
  0x0000000062744000 JavaThread "Timer-0" [_thread_blocked, id=11004, stack(0x0000000090000000,0x0000000094000000)]
  0x000000006265f800 JavaThread "EventMgr Dispatcher" daemon [_thread_in_native, id=10848, stack(0x000000008c000000,0x0000000090000000)]
  0x0000000009a5b800 JavaThread "Low Memory Detector" daemon [_thread_blocked, id=7596, stack(0x0000000084000000,0x0000000088000000)]
  0x0000000009a57000 JavaThread "CompilerThread1" daemon [_thread_blocked, id=10000, stack(0x0000000080000000,0x0000000084000000)]
  0x0000000009a53000 JavaThread "CompilerThread0" daemon [_thread_blocked, id=7104, stack(0x000000006b580000,0x000000006f580000)]
  0x0000000009a4e000 JavaThread "Attach Listener" daemon [_thread_blocked, id=11376, stack(0x00000000653f0000,0x00000000693f0000)]
  0x00000000099e8800 JavaThread "Finalizer" daemon [_thread_blocked, id=6484, stack(0x000000005b540000,0x000000005f540000)]
  0x00000000099e7800 JavaThread "Reference Handler" daemon [_thread_blocked, id=10804, stack(0x0000000057540000,0x000000005b540000)]
  0x000000000623e800 JavaThread "main" [_thread_in_native, id=8424, stack(0x0000000000030000,0x0000000004030000)]

Other Threads:
  0x00000000099e3000 VMThread [stack: 0x0000000053540000,0x0000000057540000] [id=9760]
  0x0000000009a8e000 WatcherThread [stack: 0x0000000088000000,0x000000008c000000] [id=6580]

VM state:not at safepoint (normal execution)

VM Mutex/Monitor currently owned by a thread: None

Heap
 PSYoungGen      total 41024K, used 8840K [0x0000000038440000, 0x000000003b460000, 0x000000003b540000)
  eden space 40832K, 21% used [0x0000000038440000,0x0000000038cb20e8,0x000000003ac20000)
  from space 192K, 100% used [0x000000003b3e0000,0x000000003b410000,0x000000003b410000)
  to   space 320K, 0% used [0x000000003b410000,0x000000003b410000,0x000000003b460000)
 PSOldGen        total 125056K, used 93459K [0x000000002f140000, 0x0000000036b60000, 0x0000000038440000)
  object space 125056K, 74% used [0x000000002f140000,0x0000000034c84c18,0x0000000036b60000)
 PSPermGen       total 128896K, used 76944K [0x0000000027140000, 0x000000002ef20000, 0x000000002f140000)
  object space 128896K, 59% used [0x0000000027140000,0x000000002bc643a0,0x000000002ef20000)

Dynamic libraries:
0x0000000140000000 - 0x0000000140028000 	C:\Program Files\MATLAB\R2013a\bin\win64\MATLAB.exe
0x0000000077320000 - 0x00000000774ca000 	C:\Windows\SYSTEM32\ntdll.dll
0x0000000077100000 - 0x000000007721f000 	C:\Windows\system32\kernel32.dll
0x000007fefd0e0000 - 0x000007fefd14a000 	C:\Windows\system32\KERNELBASE.dll
0x0000000074460000 - 0x0000000074515000 	C:\Program Files\MATLAB\R2013a\bin\win64\libut.dll
0x00000000758a0000 - 0x000000007595f000 	C:\Program Files\MATLAB\R2013a\bin\win64\libmwi18n.dll
0x0000000180000000 - 0x000000018000d000 	C:\Program Files\MATLAB\R2013a\bin\win64\libmwresource_core.dll
0x000000006b4e0000 - 0x000000006b578000 	C:\Program Files\MATLAB\R2013a\bin\win64\MSVCP100.dll
0x0000000065310000 - 0x00000000653e2000 	C:\Program Files\MATLAB\R2013a\bin\win64\MSVCR100.dll
0x00000000718d0000 - 0x00000000718de000 	C:\Program Files\MATLAB\R2013a\bin\win64\boost_date_time-vc100-mt-1_49.dll
0x00000000709e0000 - 0x0000000070a0c000 	C:\Program Files\MATLAB\R2013a\bin\win64\boost_filesystem-vc100-mt-1_49.dll
0x0000000072670000 - 0x0000000072679000 	C:\Program Files\MATLAB\R2013a\bin\win64\boost_system-vc100-mt-1_49.dll
0x000007fefea70000 - 0x000007fefeb4b000 	C:\Windows\system32\ADVAPI32.dll
0x000007fefd4e0000 - 0x000007fefd57f000 	C:\Windows\system32\msvcrt.dll
0x000007fefd490000 - 0x000007fefd4af000 	C:\Windows\SYSTEM32\sechost.dll
0x000007feff3f0000 - 0x000007feff51d000 	C:\Windows\system32\RPCRT4.dll
0x0000000070f90000 - 0x0000000070fb5000 	C:\Program Files\MATLAB\R2013a\bin\win64\LIBEXPAT.dll
0x00000000621c0000 - 0x000000006234a000 	C:\Program Files\MATLAB\R2013a\bin\win64\icuin49.dll
0x0000000063e20000 - 0x0000000063f5e000 	C:\Program Files\MATLAB\R2013a\bin\win64\icuuc49.dll
0x0000000061090000 - 0x00000000621b2000 	C:\Program Files\MATLAB\R2013a\bin\win64\icudt49.dll
0x0000000071880000 - 0x0000000071890000 	C:\Program Files\MATLAB\R2013a\bin\win64\icuio49.dll
0x0000000073f70000 - 0x0000000074112000 	C:\Program Files\MATLAB\R2013a\bin\win64\libmwfl.dll
0x000000007a350000 - 0x000000007a737000 	C:\Program Files\MATLAB\R2013a\bin\win64\libmwMATLAB_res.dll
0x0000000063d40000 - 0x0000000063e1f000 	C:\Program Files\MATLAB\R2013a\bin\win64\boost_regex-vc100-mt-1_49.dll
0x0000000077220000 - 0x000000007731a000 	C:\Windows\system32\USER32.dll
0x000007fefeb50000 - 0x000007fefebb7000 	C:\Windows\system32\GDI32.dll
0x000007feff110000 - 0x000007feff11e000 	C:\Windows\system32\LPK.dll
0x000007fefd580000 - 0x000007fefd64a000 	C:\Windows\system32\USP10.dll
0x0000000071410000 - 0x0000000071421000 	C:\Program Files\MATLAB\R2013a\bin\win64\boost_signals-vc100-mt-1_49.dll
0x00000000709c0000 - 0x00000000709d1000 	C:\Program Files\MATLAB\R2013a\bin\win64\boost_thread-vc100-mt-1_49.dll
0x000007fef1590000 - 0x000007fef161c000 	C:\Program Files\MATLAB\R2013a\bin\win64\boost_log-vc100-mt-1_49.dll
0x00000000774e0000 - 0x00000000774e7000 	C:\Windows\system32\PSAPI.DLL
0x000007fefd950000 - 0x000007fefd99d000 	C:\Windows\system32\WS2_32.dll
0x000007fefedb0000 - 0x000007fefedb8000 	C:\Windows\system32\NSI.dll
0x000007fef7b90000 - 0x000007fef7bc3000 	C:\Program Files\MATLAB\R2013a\bin\win64\tbb.dll
0x000007fefd930000 - 0x000007fefd949000 	C:\Windows\system32\imagehlp.dll
0x000007fefa740000 - 0x000007fefa76c000 	C:\Windows\system32\POWRPROF.dll
0x000007fefd9a0000 - 0x000007fefdb77000 	C:\Windows\system32\SETUPAPI.dll
0x000007fefd080000 - 0x000007fefd0b6000 	C:\Windows\system32\CFGMGR32.dll
0x000007fefe990000 - 0x000007fefea6a000 	C:\Windows\system32\OLEAUT32.dll
0x000007fefedc0000 - 0x000007fefefc3000 	C:\Windows\system32\ole32.dll
0x000007fefd0c0000 - 0x000007fefd0da000 	C:\Windows\system32\DEVOBJ.dll
0x0000000004110000 - 0x0000000004131000 	C:\Program Files\MATLAB\R2013a\bin\win64\libmwmfl_scalar.dll
0x000007fef8700000 - 0x000007fef8825000 	C:\Windows\system32\dbghelp.dll
0x0000000004290000 - 0x00000000045bf000 	C:\Program Files\MATLAB\R2013a\bin\win64\libmwservices.dll
0x0000000075a20000 - 0x0000000075b0b000 	C:\Program Files\MATLAB\R2013a\bin\win64\libmx.dll
0x000007fef7e00000 - 0x000007fef7e28000 	C:\Program Files\MATLAB\R2013a\bin\win64\tbbmalloc.dll
0x00000000709a0000 - 0x00000000709b7000 	C:\Program Files\MATLAB\R2013a\bin\win64\zlib1.dll
0x0000000004140000 - 0x000000000418e000 	C:\Program Files\MATLAB\R2013a\bin\win64\libmwregexp.dll
0x0000000075f10000 - 0x0000000075f57000 	C:\Program Files\MATLAB\R2013a\bin\win64\mpath.dll
0x000000007b680000 - 0x000000007bc66000 	C:\Program Files\MATLAB\R2013a\bin\win64\mlutil.dll
0x00000000754d0000 - 0x0000000075547000 	C:\Program Files\MATLAB\R2013a\bin\win64\xmlcore.dll
0x0000000060e40000 - 0x0000000061081000 	C:\Program Files\MATLAB\R2013a\bin\win64\xerces-c_2_7.dll
0x00000000045d0000 - 0x00000000045f2000 	C:\Program Files\MATLAB\R2013a\bin\win64\libmwMATLAB_settings_res.dll
0x000007fef97c0000 - 0x000007fef97d0000 	C:\Program Files\MATLAB\R2013a\bin\win64\boost_iostreams-vc100-mt-1_49.dll
0x000007fef17c0000 - 0x000007fef1806000 	C:\Program Files\MATLAB\R2013a\bin\win64\boost_serialization-vc100-mt-1_49.dll
0x000007fefdb80000 - 0x000007fefe90a000 	C:\Windows\system32\SHELL32.dll
0x000007fefe910000 - 0x000007fefe981000 	C:\Windows\system32\SHLWAPI.dll
0x0000000004600000 - 0x0000000004606000 	C:\Program Files\MATLAB\R2013a\bin\win64\libmwnativedisplay.dll
0x000007fef98d0000 - 0x000007fef9970000 	C:\Windows\WinSxS\amd64_microsoft.windows.common-controls_6595b64144ccf1df_5.82.7601.18837_none_a4d981ff711297b6\COMCTL32.dll
0x000007feff070000 - 0x000007feff107000 	C:\Windows\system32\COMDLG32.dll
0x000007fefab70000 - 0x000007fefab86000 	C:\Windows\system32\NETAPI32.dll
0x000007fefab60000 - 0x000007fefab6c000 	C:\Windows\system32\netutils.dll
0x000007fefcbd0000 - 0x000007fefcbf3000 	C:\Windows\system32\srvcli.dll
0x000007fefab40000 - 0x000007fefab55000 	C:\Windows\system32\wkscli.dll
0x0000000074970000 - 0x0000000074a18000 	C:\Program Files\MATLAB\R2013a\bin\win64\mcr.dll
0x0000000075000000 - 0x00000000753b1000 	C:\Program Files\MATLAB\R2013a\bin\win64\iqm.dll
0x0000000074e80000 - 0x0000000074f30000 	C:\Program Files\MATLAB\R2013a\bin\win64\m_dispatcher.dll
0x0000000004610000 - 0x0000000004e18000 	C:\Program Files\MATLAB\R2013a\bin\win64\m_interpreter.dll
0x0000000004e20000 - 0x0000000004e44000 	C:\Program Files\MATLAB\R2013a\bin\win64\libmex.dll
0x0000000075430000 - 0x00000000754ab000 	C:\Program Files\MATLAB\R2013a\bin\win64\profiler.dll
0x0000000004e50000 - 0x00000000050d3000 	C:\Program Files\MATLAB\R2013a\bin\win64\libmwmathutil.dll
0x0000000079f40000 - 0x0000000079f66000 	C:\Program Files\MATLAB\R2013a\bin\win64\libmwmathrng.dll
0x00000000050e0000 - 0x00000000050f0000 	C:\Program Files\MATLAB\R2013a\bin\win64\libmwmfl_rng.dll
0x0000000074c10000 - 0x0000000074cf8000 	C:\Program Files\MATLAB\R2013a\bin\win64\libmwmathcore.dll
0x0000000076160000 - 0x00000000761c3000 	C:\Program Files\MATLAB\R2013a\bin\win64\libmwspmatrix.dll
0x000000007b0a0000 - 0x000000007b2f6000 	C:\Program Files\MATLAB\R2013a\bin\win64\mcos.dll
0x0000000075ea0000 - 0x0000000075f02000 	C:\Program Files\MATLAB\R2013a\bin\win64\libmwcholmod.dll
0x0000000005100000 - 0x000000000510d000 	C:\Program Files\MATLAB\R2013a\bin\win64\libmwamd.dll
0x0000000072240000 - 0x00000000722e3000 	C:\Windows\WinSxS\amd64_microsoft.vc90.crt_1fc8b3b9a1e18e3b_9.0.30729.6161_none_08e61857a83bc251\MSVCR90.dll
0x0000000005120000 - 0x000000000512c000 	C:\Program Files\MATLAB\R2013a\bin\win64\libmwcolamd.dll
0x000000007a290000 - 0x000000007a2a3000 	C:\Program Files\MATLAB\R2013a\bin\win64\libmwblas.dll
0x000000007a310000 - 0x000000007a325000 	C:\Program Files\MATLAB\R2013a\bin\win64\libmwbinder.dll
0x0000000005140000 - 0x000000000514b000 	C:\Program Files\MATLAB\R2013a\bin\win64\libmwompwrapper.dll
0x0000000075820000 - 0x000000007589e000 	C:\Program Files\MATLAB\R2013a\bin\win64\libmwlapack.dll
0x000000007a1b0000 - 0x000000007a1d0000 	C:\Program Files\MATLAB\R2013a\bin\win64\m_pcodeio.dll
0x0000000079b10000 - 0x0000000079b6c000 	C:\Program Files\MATLAB\R2013a\bin\win64\m_ir.dll
0x0000000078ed0000 - 0x0000000079579000 	C:\Program Files\MATLAB\R2013a\bin\win64\m_parser.dll
0x000000007a2f0000 - 0x000000007a307000 	C:\Program Files\MATLAB\R2013a\bin\win64\ir_xfmr.dll
0x0000000005150000 - 0x0000000005160000 	C:\Program Files\MATLAB\R2013a\bin\win64\mtok.dll
0x000000007a130000 - 0x000000007a158000 	C:\Program Files\MATLAB\R2013a\bin\win64\m_pcodegen.dll
0x0000000079fb0000 - 0x0000000079fdf000 	C:\Program Files\MATLAB\R2013a\bin\win64\libmwbridge.dll
0x0000000074f40000 - 0x0000000074ff6000 	C:\Program Files\MATLAB\R2013a\bin\win64\udd.dll
0x0000000073cc0000 - 0x0000000073e0e000 	C:\Program Files\MATLAB\R2013a\bin\win64\libmwgui.dll
0x000000007a1d0000 - 0x000000007a1f4000 	C:\Program Files\MATLAB\R2013a\bin\win64\graphics_util.dll
0x000007fedcf60000 - 0x000007fedd018000 	C:\Program Files\MATLAB\R2013a\bin\win64\libtex_base.dll
0x0000000005160000 - 0x0000000005aa3000 	C:\Program Files\MATLAB\R2013a\bin\win64\hg.dll
0x0000000076100000 - 0x000000007615a000 	C:\Program Files\MATLAB\R2013a\bin\win64\libmat.dll
0x0000000072d30000 - 0x0000000072f38000 	C:\Program Files\MATLAB\R2013a\bin\win64\hdf5dll.dll
0x0000000075710000 - 0x00000000757d8000 	C:\Program Files\MATLAB\R2013a\bin\win64\jmi.dll
0x0000000005ac0000 - 0x0000000005ace000 	C:\Program Files\MATLAB\R2013a\bin\win64\nativejava_services.dll
0x0000000005ad0000 - 0x0000000005b10000 	C:\Program Files\MATLAB\R2013a\bin\win64\libmwhardcopy.dll
0x0000000075c70000 - 0x0000000075cce000 	C:\Program Files\MATLAB\R2013a\bin\win64\libuij.dll
0x0000000072f50000 - 0x000000007318f000 	C:\Program Files\MATLAB\R2013a\bin\win64\hgdatatypes.dll
0x0000000005b10000 - 0x0000000005bfb000 	C:\Program Files\MATLAB\R2013a\bin\win64\hgutils.dll
0x0000000005c00000 - 0x0000000005cae000 	C:\Program Files\MATLAB\R2013a\bin\win64\udd_mi.dll
0x0000000005cb0000 - 0x0000000005ce6000 	C:\Program Files\MATLAB\R2013a\bin\win64\libmwgbtutils.dll
0x0000000005cf0000 - 0x0000000005d04000 	C:\Program Files\MATLAB\R2013a\bin\win64\libmwgbt.dll
0x0000000005d10000 - 0x0000000005fde000 	C:\Program Files\MATLAB\R2013a\bin\win64\uiw.dll
0x0000000005fe0000 - 0x0000000005fe9000 	C:\Program Files\MATLAB\R2013a\bin\win64\uinone.dll
0x0000000005ff0000 - 0x0000000006016000 	C:\Program Files\MATLAB\R2013a\bin\win64\libmwnativefiledialogs.dll
0x0000000006020000 - 0x000000000602c000 	C:\Program Files\MATLAB\R2013a\bin\win64\libmwplatform_res.dll
0x000007fef50b0000 - 0x000007fef50c8000 	C:\Windows\system32\MPR.dll
0x00000000608e0000 - 0x0000000060e3d000 	C:\Program Files\MATLAB\R2013a\bin\win64\mfc100.dll
0x000007fefc430000 - 0x000007fefc437000 	C:\Windows\system32\MSIMG32.dll
0x000007fefad10000 - 0x000007fefad81000 	C:\Windows\system32\WINSPOOL.DRV
0x0000000006030000 - 0x000000000604d000 	C:\Program Files\MATLAB\R2013a\bin\win64\mwoles05.DLL
0x0000000006050000 - 0x00000000060bc000 	C:\Program Files\MATLAB\R2013a\bin\win64\comcli.dll
0x0000000070970000 - 0x000000007099b000 	C:\Program Files\MATLAB\R2013a\bin\win64\ATL100.DLL
0x00000000060c0000 - 0x00000000060cc000 	C:\Program Files\MATLAB\R2013a\bin\win64\mlautoregister.dll
0x00000000060d0000 - 0x0000000006226000 	C:\Program Files\MATLAB\R2013a\bin\win64\mvm.dll
0x000007fefce60000 - 0x000007fefceb7000 	C:\Windows\system32\apphelp.dll
0x000007feebfc0000 - 0x000007feec011000 	C:\Windows\AppPatch\AppPatch64\AcGenral.DLL
0x000007fefce30000 - 0x000007fefce55000 	C:\Windows\system32\SspiCli.dll
0x0000000071720000 - 0x0000000071723000 	C:\Windows\system32\sfc.dll
0x000007fef4d50000 - 0x000007fef4d60000 	C:\Windows\system32\sfc_os.DLL
0x000007fefd170000 - 0x000007fefd18e000 	C:\Windows\system32\USERENV.dll
0x000007fefd060000 - 0x000007fefd06f000 	C:\Windows\system32\profapi.dll

VM Arguments:
jvm_args: -XX:PermSize=32m -Xms64m -XX:NewRatio=3 -XX:MaxPermSize=128m -Xmx196m -XX:MaxDirectMemorySize=2147400000 -Dsun.java2d.noddraw=true -Dsun.awt.nopixfmt=true -Xshare:off -Xrs -Dsun.awt.disableMixing=true -Djava.library.path=C:\Program Files\MATLAB\R2013a\bin\win64;C:\Program Files\MATLAB\R2013a\sys\jxbrowser\win64\lib vfprintf abort -XX:ParallelGCThreads=6 
java_command: <unknown>
Launcher Type: generic

Environment Variables:
PATH=C:\ProgramData\Oracle\Java\javapath;C:\Program Files\Dell\DW WLAN Card;C:\Program Files (x86)\NVIDIA Corporation\PhysX\Common;c:\Program Files (x86)\Intel\iCLS Client\;c:\Program Files\Intel\iCLS Client\;C:\Windows\system32;C:\Windows;C:\Windows\System32\Wbem;C:\Windows\System32\WindowsPowerShell\v1.0\;C:\Program Files\Intel\Intel(R) Management Engine Components\DAL;C:\Program Files\Intel\Intel(R) Management Engine Components\IPT;C:\Program Files (x86)\Intel\Intel(R) Management Engine Components\DAL;C:\Program Files (x86)\Intel\Intel(R) Management Engine Components\IPT;C:\Program Files\WIDCOMM\Bluetooth Software\;C:\Program Files\WIDCOMM\Bluetooth Software\syswow64;C:\Program Files\Microsoft\Web Platform Installer\;C:\Program Files (x86)\Microsoft ASP.NET\ASP.NET Web Pages\v1.0\;C:\Program Files (x86)\Windows Kits\8.0\Windows Performance Toolkit\;C:\Program Files\Microsoft SQL Server\110\Tools\Binn\;C:\Program Files (x86)\QuickTime\QTSystem\;C:\Program Files (x86)\Skype\Phone\;C:\Program Files\MATLAB\R2013a\runtime\win64;C:\Program Files\MATLAB\R2013a\bin;C:\Aldec\Active-HDL-Student-Edition\bin;C:\Anaconda3;C:\Anaconda3\Scripts;C:\Anaconda3\Library\bin;C:\Cadence\SPB_16.5\OpenAccess\bin\win32\opt;C:\Cadence\SPB_16.5\tools\Capture;C:\Cadence\SPB_16.5\tools\PSpice\Library;C:\Cadence\SPB_16.5\tools\PSpice;C:\Cadence\SPB_16.5\tools\specctra\bin;C:\Cadence\SPB_16.5\tools\fet\bin;C:\Cadence\SPB_16.5\tools\libutil\bin;C:\Cadence\SPB_16.5\tools\bin;C:\Cadence\SPB_16.5\tools\pcb\bin;;C:\Modeltech_pe_edu_10.4a\win32pe_edu
USERNAME=Marks-M3800
OS=Windows_NT
PROCESSOR_IDENTIFIER=Intel64 Family 6 Model 60 Stepping 3, GenuineIntel



---------------  S Y S T E M  ---------------

OS: Windows 7 Build 7601 Service Pack 1

CPU:total 8 (8 cores per cpu, 2 threads per core) family 6 model 60 stepping 3, cmov, cx8, fxsr, mmx, sse, sse2, sse3, ssse3, sse4.1, sse4.2, ht

Memory: 4k page, physical 16677856k(5762588k free), swap 33353852k(19636916k free)

vm_info: Java HotSpot(TM) 64-Bit Server VM (14.3-b01) for windows-amd64 JRE (1.6.0_17-b04), built on Oct 11 2009 00:46:08 by "java_re" with MS VC++ 8.0

time: Tue Feb 07 19:46:44 2017
elapsed time: 441496 seconds

