#
# A fatal error has been detected by the Java Runtime Environment:
#
#  EXCEPTION_ACCESS_VIOLATION (0xc0000005) at pc=0x000000000d79c750, pid=19360, tid=13632
#
# JRE version: 6.0_17-b04
# Java VM: Java HotSpot(TM) 64-Bit Server VM (14.3-b01 mixed mode windows-amd64 )
# Problematic frame:
# C  0x000000000d79c750
#
# If you would like to submit a bug report, please visit:
#   http://java.sun.com/webapps/bugreport/crash.jsp
# The crash happened outside the Java Virtual Machine in native code.
# See problematic frame for where to report the bug.
#

---------------  T H R E A D  ---------------

Current thread (0x000000005b0b7800):  JavaThread "AWT-EventQueue-0" [_thread_in_native, id=13632, stack(0x00000000c8000000,0x00000000cc000000)]

siginfo: ExceptionCode=0xc0000005, reading address 0x0000000000000008

Registers:
EAX=0x000000000000000d, EBX=0x000000005b0b79b8, ECX=0x0000000000000000, EDX=0xffffffffcb012a62
ESP=0x00000000cbffeb78, EBP=0x000000005b8432e0, ESI=0x000000005b0b79b8, EDI=0x000000005bb90130
EIP=0x000000000d79c750, EFLAGS=0x0000000000010202

Top of Stack: (sp=0x00000000cbffeb78)
0x00000000cbffeb78:   000000000d74589c 0000000000000000
0x00000000cbffeb88:   000000005b0b79b8 000000005b8432e0
0x00000000cbffeb98:   000000005b0b79b8 00000000cbffebb8
0x00000000cbffeba8:   000000002c330540 000000005b0b7800
0x00000000cbffebb8:   000000000d723810 000000005b0b79b8
0x00000000cbffebc8:   000000005b0b79b8 00000000cbffed70
0x00000000cbffebd8:   000000005b8432e0 0000000000000000
0x00000000cbffebe8:   000000000d7445b7 0000000000000007
0x00000000cbffebf8:   00000000000005bd 0000000000000018
0x00000000cbffec08:   00000000270159ae 000000003cb45938
0x00000000cbffec18:   000000003cb45920 000000003cb458f0
0x00000000cbffec28:   000000003203b3d0 000000003203b3d0
0x00000000cbffec38:   000000000000000a 0000000000000000
0x00000000cbffec48:   00000000274c1248 0000000000000007
0x00000000cbffec58:   00000000272b6f70 0000000000000018
0x00000000cbffec68:   00000000cbffed20 000000002c330540 

Instructions: (pc=0x000000000d79c750)
0x000000000d79c740:   48 8b 41 08 48 8b 80 18 0c 00 00 c3 cc cc cc cc
0x000000000d79c750:   48 8b 49 08 48 85 c9 74 05 e9 72 f6 fd ff 33 c0 


Stack: [0x00000000c8000000,0x00000000cc000000],  sp=0x00000000cbffeb78,  free space=65530k
Native frames: (J=compiled Java code, j=interpreted, Vv=VM code, C=native code)
C  0x000000000d79c750

Java frames: (J=compiled Java code, j=interpreted, Vv=VM code)
j  sun.java2d.windows.GDIRenderer.devCopyArea(Lsun/java2d/SurfaceData;IIIIII)V+0
j  sun.java2d.windows.GDIWindowSurfaceData.copyArea(Lsun/java2d/SunGraphics2D;IIIIII)Z+204
j  sun.java2d.SunGraphics2D.doCopyArea(IIIIII)V+28
j  sun.java2d.SunGraphics2D.copyArea(IIIIII)V+10
j  javax.swing.RepaintManager$PaintManager.copyArea(Ljavax/swing/JComponent;Ljava/awt/Graphics;IIIIIIZ)V+12
j  javax.swing.RepaintManager.copyArea(Ljavax/swing/JComponent;Ljava/awt/Graphics;IIIIIIZ)V+19
j  javax.swing.JViewport.blitDoubleBuffered(Ljavax/swing/JComponent;Ljava/awt/Graphics;IIIIIIIIII)V+37
j  javax.swing.JViewport.windowBlitPaint(Ljava/awt/Graphics;)Z+269
j  javax.swing.JViewport.setViewPosition(Ljava/awt/Point;)V+207
j  javax.swing.plaf.basic.BasicScrollPaneUI$Handler.vsbStateChanged(Ljavax/swing/JViewport;Ljavax/swing/event/ChangeEvent;)V+31
j  javax.swing.plaf.basic.BasicScrollPaneUI$Handler.stateChanged(Ljavax/swing/event/ChangeEvent;)V+98
J  javax.swing.DefaultBoundedRangeModel.fireStateChanged()V
j  javax.swing.DefaultBoundedRangeModel.setRangeProperties(IIIIZ)V+130
j  javax.swing.DefaultBoundedRangeModel.setValue(I)V+62
j  javax.swing.JScrollBar.setValue(I)V+14
j  com.mathworks.mwswing.MJScrollPane$1.run()V+45
J  java.awt.event.InvocationEvent.dispatch()V
J  java.awt.EventDispatchThread.pumpOneEventForFilters(I)Z
j  java.awt.EventDispatchThread.pumpEventsForFilter(ILjava/awt/Conditional;Ljava/awt/EventFilter;)V+30
j  java.awt.EventDispatchThread.pumpEventsForHierarchy(ILjava/awt/Conditional;Ljava/awt/Component;)V+11
j  java.awt.EventDispatchThread.pumpEvents(ILjava/awt/Conditional;)V+4
j  java.awt.EventDispatchThread.pumpEvents(Ljava/awt/Conditional;)V+3
j  java.awt.EventDispatchThread.run()V+9
v  ~StubRoutines::call_stub

---------------  P R O C E S S  ---------------

Java Threads: ( => current thread )
=>0x000000005b0b7800 JavaThread "AWT-EventQueue-0" [_thread_in_native, id=13632, stack(0x00000000c8000000,0x00000000cc000000)]
  0x000000005b0b0000 JavaThread "Explorer NavigationContext request queue" daemon [_thread_blocked, id=9436, stack(0x00000000b0000000,0x00000000b4000000)]
  0x000000005b0b4000 JavaThread "Foxtrot Single Worker Thread #1" daemon [_thread_blocked, id=18268, stack(0x00000000e6300000,0x00000000ea300000)]
  0x000000005b0b6800 JavaThread "Active Reference Queue Daemon" daemon [_thread_blocked, id=18772, stack(0x0000000104000000,0x0000000108000000)]
  0x000000005b0b8000 JavaThread "Timer-2" daemon [_thread_blocked, id=11316, stack(0x00000000f4000000,0x00000000f8000000)]
  0x000000005b0b6000 JavaThread "Prefs Updater" daemon [_thread_blocked, id=18828, stack(0x00000000a8000000,0x00000000ac000000)]
  0x000000005b0ba800 JavaThread "Timer-1" daemon [_thread_blocked, id=18620, stack(0x00000000fc000000,0x0000000100000000)]
  0x000000005b0b5800 JavaThread "com.jniwrapper.NativeResourceCollector" daemon [_thread_blocked, id=20236, stack(0x00000000f0000000,0x00000000f4000000)]
  0x000000005b0b9800 JavaThread "Swing-Shell" daemon [_thread_blocked, id=4068, stack(0x0000000110000000,0x0000000114000000)]
  0x000000005b0b1800 JavaThread "ClipboardMonitor Timer" daemon [_thread_blocked, id=15636, stack(0x00000000ec000000,0x00000000f0000000)]
  0x000000005b0af000 JavaThread "AddressBar directory emptiness poller" daemon [_thread_blocked, id=16144, stack(0x00000000dc000000,0x00000000e0000000)]
  0x000000005b0ae000 JavaThread "Explorer Refresh Service 828386236" daemon [_thread_blocked, id=16696, stack(0x00000000d8000000,0x00000000dc000000)]
  0x000000005b0ad800 JavaThread "Thread-4" daemon [_thread_blocked, id=14824, stack(0x00000000d0000000,0x00000000d4000000)]
  0x000000005b0ac800 JavaThread "TimerQueue" daemon [_thread_blocked, id=17480, stack(0x00000000c4000000,0x00000000c8000000)]
  0x000000005b0ac000 JavaThread "Thread-3" daemon [_thread_blocked, id=10944, stack(0x00000000b4000000,0x00000000b8000000)]
  0x000000005b0ab000 JavaThread "FelixPackageAdmin" daemon [_thread_blocked, id=10284, stack(0x00000000c0000000,0x00000000c4000000)]
  0x000000005acd6000 JavaThread "FelixStartLevel" daemon [_thread_blocked, id=20296, stack(0x00000000bc000000,0x00000000c0000000)]
  0x000000005ad73000 JavaThread "FelixDispatchQueue" daemon [_thread_blocked, id=11012, stack(0x00000000b8000000,0x00000000bc000000)]
  0x000000005ab91800 JavaThread "com.google.common.base.internal.Finalizer" daemon [_thread_blocked, id=16928, stack(0x00000000ac000000,0x00000000b0000000)]
  0x000000005ab76000 JavaThread "AWT-Windows" daemon [_thread_in_native, id=11472, stack(0x00000000a4000000,0x00000000a8000000)]
  0x000000005ab75800 JavaThread "AWT-Shutdown" [_thread_blocked, id=18456, stack(0x00000000a0000000,0x00000000a4000000)]
  0x000000005ab6d800 JavaThread "Java2D Disposer" daemon [_thread_blocked, id=15584, stack(0x000000009c000000,0x00000000a0000000)]
  0x000000000d3b1000 JavaThread "Timer-0" [_thread_blocked, id=17116, stack(0x0000000098000000,0x000000009c000000)]
  0x000000005a6d9000 JavaThread "EventMgr Dispatcher" daemon [_thread_in_native, id=11028, stack(0x0000000094000000,0x0000000098000000)]
  0x000000000d249800 JavaThread "Low Memory Detector" daemon [_thread_blocked, id=8924, stack(0x000000008c000000,0x0000000090000000)]
  0x000000000d245000 JavaThread "CompilerThread1" daemon [_thread_blocked, id=3940, stack(0x0000000088000000,0x000000008c000000)]
  0x000000000d241000 JavaThread "CompilerThread0" daemon [_thread_blocked, id=19932, stack(0x0000000084000000,0x0000000088000000)]
  0x000000000d23c000 JavaThread "Attach Listener" daemon [_thread_blocked, id=16476, stack(0x0000000080000000,0x0000000084000000)]
  0x000000000d1d8800 JavaThread "Finalizer" daemon [_thread_blocked, id=2944, stack(0x000000006bca0000,0x000000006fca0000)]
  0x000000000d1d7800 JavaThread "Reference Handler" daemon [_thread_blocked, id=17980, stack(0x0000000067ca0000,0x000000006bca0000)]
  0x000000000629e800 JavaThread "main" [_thread_in_native, id=18288, stack(0x0000000000030000,0x0000000004030000)]

Other Threads:
  0x000000000d1d3000 VMThread [stack: 0x0000000056410000,0x000000005a410000] [id=20344]
  0x000000000d274000 WatcherThread [stack: 0x0000000090000000,0x0000000094000000] [id=20452]

VM state:at safepoint (normal execution)

VM Mutex/Monitor currently owned by a thread:  ([mutex/lock_event])
[0x0000000006656680] Threads_lock - owner thread: 0x000000000d1d3000
[0x0000000006656b80] Heap_lock - owner thread: 0x000000005b0b0000

Heap
 PSYoungGen      total 29376K, used 27711K [0x000000003b310000, 0x000000003d2c0000, 0x000000003e410000)
  eden space 27712K, 99% used [0x000000003b310000,0x000000003ce1fff8,0x000000003ce20000)
  from space 1664K, 0% used [0x000000003ce80000,0x000000003ce80000,0x000000003d020000)
  to   space 2368K, 49% used [0x000000003d070000,0x000000003d1970d0,0x000000003d2c0000)
 PSOldGen        total 150528K, used 146661K [0x0000000032010000, 0x000000003b310000, 0x000000003b310000)
  object space 150528K, 97% used [0x0000000032010000,0x000000003af49660,0x000000003b310000)
 PSPermGen       total 75456K, used 75412K [0x000000002a010000, 0x000000002e9c0000, 0x0000000032010000)
  object space 75456K, 99% used [0x000000002a010000,0x000000002e9b50d0,0x000000002e9c0000)

Dynamic libraries:
0x0000000140000000 - 0x0000000140028000 	C:\Program Files\MATLAB\R2013a\bin\win64\MATLAB.exe
0x0000000077790000 - 0x000000007793a000 	C:\Windows\SYSTEM32\ntdll.dll
0x0000000077670000 - 0x000000007778f000 	C:\Windows\system32\kernel32.dll
0x000007fefd810000 - 0x000007fefd87a000 	C:\Windows\system32\KERNELBASE.dll
0x0000000074460000 - 0x0000000074515000 	C:\Program Files\MATLAB\R2013a\bin\win64\libut.dll
0x00000000758a0000 - 0x000000007595f000 	C:\Program Files\MATLAB\R2013a\bin\win64\libmwi18n.dll
0x0000000180000000 - 0x000000018000d000 	C:\Program Files\MATLAB\R2013a\bin\win64\libmwresource_core.dll
0x0000000066020000 - 0x00000000660b8000 	C:\Program Files\MATLAB\R2013a\bin\win64\MSVCP100.dll
0x0000000065c60000 - 0x0000000065d32000 	C:\Program Files\MATLAB\R2013a\bin\win64\MSVCR100.dll
0x0000000067c80000 - 0x0000000067c8e000 	C:\Program Files\MATLAB\R2013a\bin\win64\boost_date_time-vc100-mt-1_49.dll
0x0000000066b10000 - 0x0000000066b3c000 	C:\Program Files\MATLAB\R2013a\bin\win64\boost_filesystem-vc100-mt-1_49.dll
0x0000000067c90000 - 0x0000000067c99000 	C:\Program Files\MATLAB\R2013a\bin\win64\boost_system-vc100-mt-1_49.dll
0x000007fefe0a0000 - 0x000007fefe17b000 	C:\Windows\system32\ADVAPI32.dll
0x000007fefdef0000 - 0x000007fefdf8f000 	C:\Windows\system32\msvcrt.dll
0x000007fefd9f0000 - 0x000007fefda0f000 	C:\Windows\SYSTEM32\sechost.dll
0x000007fefdab0000 - 0x000007fefdbdd000 	C:\Windows\system32\RPCRT4.dll
0x0000000066b40000 - 0x0000000066b65000 	C:\Program Files\MATLAB\R2013a\bin\win64\LIBEXPAT.dll
0x00000000648f0000 - 0x0000000064a7a000 	C:\Program Files\MATLAB\R2013a\bin\win64\icuin49.dll
0x00000000657b0000 - 0x00000000658ee000 	C:\Program Files\MATLAB\R2013a\bin\win64\icuuc49.dll
0x000000005ce40000 - 0x000000005df62000 	C:\Program Files\MATLAB\R2013a\bin\win64\icudt49.dll
0x0000000066af0000 - 0x0000000066b00000 	C:\Program Files\MATLAB\R2013a\bin\win64\icuio49.dll
0x0000000073f70000 - 0x0000000074112000 	C:\Program Files\MATLAB\R2013a\bin\win64\libmwfl.dll
0x000000007a350000 - 0x000000007a737000 	C:\Program Files\MATLAB\R2013a\bin\win64\libmwMATLAB_res.dll
0x00000000656d0000 - 0x00000000657af000 	C:\Program Files\MATLAB\R2013a\bin\win64\boost_regex-vc100-mt-1_49.dll
0x0000000077570000 - 0x000000007766a000 	C:\Windows\system32\USER32.dll
0x000007fefe260000 - 0x000007fefe2c7000 	C:\Windows\system32\GDI32.dll
0x000007fefda10000 - 0x000007fefda1e000 	C:\Windows\system32\LPK.dll
0x000007fefd920000 - 0x000007fefd9ea000 	C:\Windows\system32\USP10.dll
0x0000000066880000 - 0x0000000066891000 	C:\Program Files\MATLAB\R2013a\bin\win64\boost_signals-vc100-mt-1_49.dll
0x0000000066860000 - 0x0000000066871000 	C:\Program Files\MATLAB\R2013a\bin\win64\boost_thread-vc100-mt-1_49.dll
0x000007fef1dd0000 - 0x000007fef1e5c000 	C:\Program Files\MATLAB\R2013a\bin\win64\boost_log-vc100-mt-1_49.dll
0x0000000077960000 - 0x0000000077967000 	C:\Windows\system32\PSAPI.DLL
0x000007feffa50000 - 0x000007feffa9d000 	C:\Windows\system32\WS2_32.dll
0x000007fefdbe0000 - 0x000007fefdbe8000 	C:\Windows\system32\NSI.dll
0x000007fef21d0000 - 0x000007fef2203000 	C:\Program Files\MATLAB\R2013a\bin\win64\tbb.dll
0x000007feffa30000 - 0x000007feffa49000 	C:\Windows\system32\imagehlp.dll
0x000007fefad60000 - 0x000007fefad8c000 	C:\Windows\system32\POWRPROF.dll
0x000007fefdbf0000 - 0x000007fefddc7000 	C:\Windows\system32\SETUPAPI.dll
0x000007fefd4e0000 - 0x000007fefd516000 	C:\Windows\system32\CFGMGR32.dll
0x000007fefe180000 - 0x000007fefe25a000 	C:\Windows\system32\OLEAUT32.dll
0x000007fefe460000 - 0x000007fefe663000 	C:\Windows\system32\ole32.dll
0x000007fefd6d0000 - 0x000007fefd6ea000 	C:\Windows\system32\DEVOBJ.dll
0x0000000004110000 - 0x0000000004131000 	C:\Program Files\MATLAB\R2013a\bin\win64\libmwmfl_scalar.dll
0x000007fef9440000 - 0x000007fef9565000 	C:\Windows\system32\dbghelp.dll
0x00000000042e0000 - 0x000000000460f000 	C:\Program Files\MATLAB\R2013a\bin\win64\libmwservices.dll
0x0000000075a20000 - 0x0000000075b0b000 	C:\Program Files\MATLAB\R2013a\bin\win64\libmx.dll
0x000007fef2300000 - 0x000007fef2328000 	C:\Program Files\MATLAB\R2013a\bin\win64\tbbmalloc.dll
0x0000000066840000 - 0x0000000066857000 	C:\Program Files\MATLAB\R2013a\bin\win64\zlib1.dll
0x0000000004140000 - 0x000000000418e000 	C:\Program Files\MATLAB\R2013a\bin\win64\libmwregexp.dll
0x0000000075f10000 - 0x0000000075f57000 	C:\Program Files\MATLAB\R2013a\bin\win64\mpath.dll
0x000000007b680000 - 0x000000007bc66000 	C:\Program Files\MATLAB\R2013a\bin\win64\mlutil.dll
0x00000000754d0000 - 0x0000000075547000 	C:\Program Files\MATLAB\R2013a\bin\win64\xmlcore.dll
0x00000000646a0000 - 0x00000000648e1000 	C:\Program Files\MATLAB\R2013a\bin\win64\xerces-c_2_7.dll
0x00000000041a0000 - 0x00000000041c2000 	C:\Program Files\MATLAB\R2013a\bin\win64\libmwMATLAB_settings_res.dll
0x000007fef2440000 - 0x000007fef2450000 	C:\Program Files\MATLAB\R2013a\bin\win64\boost_iostreams-vc100-mt-1_49.dll
0x000007fef1ef0000 - 0x000007fef1f36000 	C:\Program Files\MATLAB\R2013a\bin\win64\boost_serialization-vc100-mt-1_49.dll
0x000007fefe670000 - 0x000007feff3fa000 	C:\Windows\system32\SHELL32.dll
0x000007feff400000 - 0x000007feff471000 	C:\Windows\system32\SHLWAPI.dll
0x00000000041d0000 - 0x00000000041d6000 	C:\Program Files\MATLAB\R2013a\bin\win64\libmwnativedisplay.dll
0x000007fefa0e0000 - 0x000007fefa180000 	C:\Windows\WinSxS\amd64_microsoft.windows.common-controls_6595b64144ccf1df_5.82.7601.18837_none_a4d981ff711297b6\COMCTL32.dll
0x000007fefd880000 - 0x000007fefd917000 	C:\Windows\system32\COMDLG32.dll
0x000007fefad40000 - 0x000007fefad56000 	C:\Windows\system32\NETAPI32.dll
0x000007fefae60000 - 0x000007fefae6c000 	C:\Windows\system32\netutils.dll
0x000007fefcf70000 - 0x000007fefcf93000 	C:\Windows\system32\srvcli.dll
0x000007fefabd0000 - 0x000007fefabe5000 	C:\Windows\system32\wkscli.dll
0x0000000074970000 - 0x0000000074a18000 	C:\Program Files\MATLAB\R2013a\bin\win64\mcr.dll
0x0000000075000000 - 0x00000000753b1000 	C:\Program Files\MATLAB\R2013a\bin\win64\iqm.dll
0x0000000074e80000 - 0x0000000074f30000 	C:\Program Files\MATLAB\R2013a\bin\win64\m_dispatcher.dll
0x0000000004610000 - 0x0000000004e18000 	C:\Program Files\MATLAB\R2013a\bin\win64\m_interpreter.dll
0x0000000004e20000 - 0x0000000004e44000 	C:\Program Files\MATLAB\R2013a\bin\win64\libmex.dll
0x0000000075430000 - 0x00000000754ab000 	C:\Program Files\MATLAB\R2013a\bin\win64\profiler.dll
0x0000000004e50000 - 0x00000000050d3000 	C:\Program Files\MATLAB\R2013a\bin\win64\libmwmathutil.dll
0x0000000079f40000 - 0x0000000079f66000 	C:\Program Files\MATLAB\R2013a\bin\win64\libmwmathrng.dll
0x00000000050e0000 - 0x00000000050f0000 	C:\Program Files\MATLAB\R2013a\bin\win64\libmwmfl_rng.dll
0x0000000074c10000 - 0x0000000074cf8000 	C:\Program Files\MATLAB\R2013a\bin\win64\libmwmathcore.dll
0x0000000076160000 - 0x00000000761c3000 	C:\Program Files\MATLAB\R2013a\bin\win64\libmwspmatrix.dll
0x000000007b0a0000 - 0x000000007b2f6000 	C:\Program Files\MATLAB\R2013a\bin\win64\mcos.dll
0x0000000075ea0000 - 0x0000000075f02000 	C:\Program Files\MATLAB\R2013a\bin\win64\libmwcholmod.dll
0x0000000005100000 - 0x000000000510d000 	C:\Program Files\MATLAB\R2013a\bin\win64\libmwamd.dll
0x00000000721c0000 - 0x0000000072263000 	C:\Windows\WinSxS\amd64_microsoft.vc90.crt_1fc8b3b9a1e18e3b_9.0.30729.6161_none_08e61857a83bc251\MSVCR90.dll
0x0000000005120000 - 0x000000000512c000 	C:\Program Files\MATLAB\R2013a\bin\win64\libmwcolamd.dll
0x000000007a290000 - 0x000000007a2a3000 	C:\Program Files\MATLAB\R2013a\bin\win64\libmwblas.dll
0x000000007a310000 - 0x000000007a325000 	C:\Program Files\MATLAB\R2013a\bin\win64\libmwbinder.dll
0x0000000005140000 - 0x000000000514b000 	C:\Program Files\MATLAB\R2013a\bin\win64\libmwompwrapper.dll
0x0000000075820000 - 0x000000007589e000 	C:\Program Files\MATLAB\R2013a\bin\win64\libmwlapack.dll
0x000000007a1b0000 - 0x000000007a1d0000 	C:\Program Files\MATLAB\R2013a\bin\win64\m_pcodeio.dll
0x0000000079b10000 - 0x0000000079b6c000 	C:\Program Files\MATLAB\R2013a\bin\win64\m_ir.dll
0x0000000078ed0000 - 0x0000000079579000 	C:\Program Files\MATLAB\R2013a\bin\win64\m_parser.dll
0x000000007a2f0000 - 0x000000007a307000 	C:\Program Files\MATLAB\R2013a\bin\win64\ir_xfmr.dll
0x0000000005150000 - 0x0000000005160000 	C:\Program Files\MATLAB\R2013a\bin\win64\mtok.dll
0x000000007a130000 - 0x000000007a158000 	C:\Program Files\MATLAB\R2013a\bin\win64\m_pcodegen.dll
0x0000000079fb0000 - 0x0000000079fdf000 	C:\Program Files\MATLAB\R2013a\bin\win64\libmwbridge.dll
0x0000000074f40000 - 0x0000000074ff6000 	C:\Program Files\MATLAB\R2013a\bin\win64\udd.dll
0x0000000073cc0000 - 0x0000000073e0e000 	C:\Program Files\MATLAB\R2013a\bin\win64\libmwgui.dll
0x000000007a1d0000 - 0x000000007a1f4000 	C:\Program Files\MATLAB\R2013a\bin\win64\graphics_util.dll
0x000007fee3780000 - 0x000007fee3838000 	C:\Program Files\MATLAB\R2013a\bin\win64\libtex_base.dll
0x0000000005160000 - 0x0000000005aa3000 	C:\Program Files\MATLAB\R2013a\bin\win64\hg.dll
0x0000000076100000 - 0x000000007615a000 	C:\Program Files\MATLAB\R2013a\bin\win64\libmat.dll
0x0000000072d30000 - 0x0000000072f38000 	C:\Program Files\MATLAB\R2013a\bin\win64\hdf5dll.dll
0x0000000075710000 - 0x00000000757d8000 	C:\Program Files\MATLAB\R2013a\bin\win64\jmi.dll
0x0000000005ac0000 - 0x0000000005ace000 	C:\Program Files\MATLAB\R2013a\bin\win64\nativejava_services.dll
0x0000000005ad0000 - 0x0000000005b10000 	C:\Program Files\MATLAB\R2013a\bin\win64\libmwhardcopy.dll
0x0000000075c70000 - 0x0000000075cce000 	C:\Program Files\MATLAB\R2013a\bin\win64\libuij.dll
0x0000000072f50000 - 0x000000007318f000 	C:\Program Files\MATLAB\R2013a\bin\win64\hgdatatypes.dll
0x0000000005b10000 - 0x0000000005bfb000 	C:\Program Files\MATLAB\R2013a\bin\win64\hgutils.dll
0x0000000005c00000 - 0x0000000005cae000 	C:\Program Files\MATLAB\R2013a\bin\win64\udd_mi.dll
0x0000000005cb0000 - 0x0000000005ce6000 	C:\Program Files\MATLAB\R2013a\bin\win64\libmwgbtutils.dll
0x0000000005cf0000 - 0x0000000005d04000 	C:\Program Files\MATLAB\R2013a\bin\win64\libmwgbt.dll
0x0000000005d10000 - 0x0000000005fde000 	C:\Program Files\MATLAB\R2013a\bin\win64\uiw.dll
0x0000000005fe0000 - 0x0000000005fe9000 	C:\Program Files\MATLAB\R2013a\bin\win64\uinone.dll
0x0000000005ff0000 - 0x0000000006016000 	C:\Program Files\MATLAB\R2013a\bin\win64\libmwnativefiledialogs.dll
0x0000000006020000 - 0x000000000602c000 	C:\Program Files\MATLAB\R2013a\bin\win64\libmwplatform_res.dll
0x000007fef3b00000 - 0x000007fef3b18000 	C:\Windows\system32\MPR.dll
0x0000000061c70000 - 0x00000000621cd000 	C:\Program Files\MATLAB\R2013a\bin\win64\mfc100.dll
0x000007fefce00000 - 0x000007fefce07000 	C:\Windows\system32\MSIMG32.dll
0x000007fefb150000 - 0x000007fefb1c1000 	C:\Windows\system32\WINSPOOL.DRV
0x0000000006030000 - 0x000000000604d000 	C:\Program Files\MATLAB\R2013a\bin\win64\mwoles05.DLL
0x0000000006050000 - 0x00000000060bc000 	C:\Program Files\MATLAB\R2013a\bin\win64\comcli.dll
0x0000000066810000 - 0x000000006683b000 	C:\Program Files\MATLAB\R2013a\bin\win64\ATL100.DLL
0x00000000060c0000 - 0x00000000060cc000 	C:\Program Files\MATLAB\R2013a\bin\win64\mlautoregister.dll
0x00000000060d0000 - 0x0000000006226000 	C:\Program Files\MATLAB\R2013a\bin\win64\mvm.dll
0x000007fefd2d0000 - 0x000007fefd327000 	C:\Windows\system32\apphelp.dll
0x000007fee3050000 - 0x000007fee30a1000 	C:\Windows\AppPatch\AppPatch64\AcGenral.DLL
0x000007fefd2a0000 - 0x000007fefd2c5000 	C:\Windows\system32\SspiCli.dll
0x0000000006250000 - 0x0000000006253000 	C:\Windows\system32\sfc.dll
0x000007fefbe60000 - 0x000007fefbe70000 	C:\Windows\system32\sfc_os.DLL
0x000007fefd6a0000 - 0x000007fefd6be000 	C:\Windows\system32\USERENV.dll
0x000007fefd4c0000 - 0x000007fefd4cf000 	C:\Windows\system32\profapi.dll

VM Arguments:
jvm_args: -XX:PermSize=32m -Xms64m -XX:NewRatio=3 -XX:MaxPermSize=128m -Xmx196m -XX:MaxDirectMemorySize=2147400000 -Dsun.java2d.noddraw=true -Dsun.awt.nopixfmt=true -Xshare:off -Xrs -Dsun.awt.disableMixing=true -Djava.library.path=C:\Program Files\MATLAB\R2013a\bin\win64;C:\Program Files\MATLAB\R2013a\sys\jxbrowser\win64\lib vfprintf abort -XX:ParallelGCThreads=6 
java_command: <unknown>
Launcher Type: generic

Environment Variables:
PATH=C:\ProgramData\Oracle\Java\javapath;C:\Program Files\Dell\DW WLAN Card;C:\Program Files (x86)\NVIDIA Corporation\PhysX\Common;c:\Program Files (x86)\Intel\iCLS Client\;c:\Program Files\Intel\iCLS Client\;C:\Windows\system32;C:\Windows;C:\Windows\System32\Wbem;C:\Windows\System32\WindowsPowerShell\v1.0\;C:\Program Files\Intel\Intel(R) Management Engine Components\DAL;C:\Program Files\Intel\Intel(R) Management Engine Components\IPT;C:\Program Files (x86)\Intel\Intel(R) Management Engine Components\DAL;C:\Program Files (x86)\Intel\Intel(R) Management Engine Components\IPT;C:\Program Files\WIDCOMM\Bluetooth Software\;C:\Program Files\WIDCOMM\Bluetooth Software\syswow64;C:\Program Files\Microsoft\Web Platform Installer\;C:\Program Files (x86)\Microsoft ASP.NET\ASP.NET Web Pages\v1.0\;C:\Program Files\Microsoft SQL Server\110\Tools\Binn\;C:\Program Files (x86)\Skype\Phone\;C:\Program Files\MATLAB\R2013a\runtime\win64;C:\Program Files\MATLAB\R2013a\bin;C:\Aldec\Active-HDL-Student-Edition\bin;C:\Anaconda3;C:\Anaconda3\Scripts;C:\Anaconda3\Library\bin;C:\Program Files (x86)\Windows Kits\8.1\Windows Performance Toolkit\;C:\Program Files (x86)\QuickTime\QTSystem\;C:\Cadence\SPB_16.5\OpenAccess\bin\win32\opt;C:\Cadence\SPB_16.5\tools\Capture;C:\Cadence\SPB_16.5\tools\PSpice\Library;C:\Cadence\SPB_16.5\tools\PSpice;C:\Cadence\SPB_16.5\tools\specctra\bin;C:\Cadence\SPB_16.5\tools\fet\bin;C:\Cadence\SPB_16.5\tools\libutil\bin;C:\Cadence\SPB_16.5\tools\bin;C:\Cadence\SPB_16.5\tools\pcb\bin;;C:\Modeltech_pe_edu_10.4a\win32pe_edu
USERNAME=Marks-M3800
OS=Windows_NT
PROCESSOR_IDENTIFIER=Intel64 Family 6 Model 60 Stepping 3, GenuineIntel



---------------  S Y S T E M  ---------------

OS: Windows 7 Build 7601 Service Pack 1

CPU:total 8 (8 cores per cpu, 2 threads per core) family 6 model 60 stepping 3, cmov, cx8, fxsr, mmx, sse, sse2, sse3, ssse3, sse4.1, sse4.2, ht

Memory: 4k page, physical 16677856k(10033872k free), swap 33353852k(23921652k free)

vm_info: Java HotSpot(TM) 64-Bit Server VM (14.3-b01) for windows-amd64 JRE (1.6.0_17-b04), built on Oct 11 2009 00:46:08 by "java_re" with MS VC++ 8.0

time: Fri Mar 24 16:24:52 2017
elapsed time: 173280 seconds

