#
# A fatal error has been detected by the Java Runtime Environment:
#
#  EXCEPTION_ACCESS_VIOLATION (0xc0000005) at pc=0x000000000a33c750, pid=11544, tid=10100
#
# JRE version: 6.0_17-b04
# Java VM: Java HotSpot(TM) 64-Bit Server VM (14.3-b01 mixed mode windows-amd64 )
# Problematic frame:
# C  0x000000000a33c750
#
# If you would like to submit a bug report, please visit:
#   http://java.sun.com/webapps/bugreport/crash.jsp
# The crash happened outside the Java Virtual Machine in native code.
# See problematic frame for where to report the bug.
#

---------------  T H R E A D  ---------------

Current thread (0x000000005e459000):  JavaThread "AWT-EventQueue-0" [_thread_in_native, id=10100, stack(0x00000000ac000000,0x00000000b0000000)]

siginfo: ExceptionCode=0xc0000005, reading address 0x0000000000000008

Registers:
EAX=0x000000000000000d, EBX=0x000000005e4591b8, ECX=0x0000000000000000, EDX=0x0000000030011576
ESP=0x00000000afffe708, EBP=0x000000005e1c1440, ESI=0x000000005e4591b8, EDI=0x000000005f12cba0
EIP=0x000000000a33c750, EFLAGS=0x0000000000010206

Top of Stack: (sp=0x00000000afffe708)
0x00000000afffe708:   000000000a2e589c 0000000000000000
0x00000000afffe718:   000000005e4591b8 000000005e1c1440
0x00000000afffe728:   000000005e4591b8 0000078000000000
0x00000000afffe738:   000000005e4591b8 0000000028f1b2a0
0x00000000afffe748:   000000000a2c3810 000000005e4591b8
0x00000000afffe758:   00000000afffee00 00000000afffedd8
0x00000000afffe768:   000000005e1c1440 0000000000000012
0x00000000afffe778:   000000000a2e2151 0000000031ee69f0
0x00000000afffe788:   00000000afffede0 0000000000000000
0x00000000afffe798:   00000000afffedd8 0000000100000000
0x00000000afffe7a8:   0000000000000000 0000000000000000
0x00000000afffe7b8:   000000000000001c 0000000000000018
0x00000000afffe7c8:   0000000000000014 0000000000000010
0x00000000afffe7d8:   0000000100000000 0000000031fc12e8
0x00000000afffe7e8:   000000002880ef58 00000000381ea228
0x00000000afffe7f8:   000000002ed50040 0000000000000012 

Instructions: (pc=0x000000000a33c750)
0x000000000a33c740:   48 8b 41 08 48 8b 80 18 0c 00 00 c3 cc cc cc cc
0x000000000a33c750:   48 8b 49 08 48 85 c9 74 05 e9 72 f6 fd ff 33 c0 


Stack: [0x00000000ac000000,0x00000000b0000000],  sp=0x00000000afffe708,  free space=65529k
Native frames: (J=compiled Java code, j=interpreted, Vv=VM code, C=native code)
C  0x000000000a33c750

Java frames: (J=compiled Java code, j=interpreted, Vv=VM code)
J  sun.java2d.windows.GDIBlitLoops.nativeBlit(Lsun/java2d/SurfaceData;Lsun/java2d/SurfaceData;Lsun/java2d/pipe/Region;IIIIIIIIIZ)V
J  sun.java2d.windows.GDIBlitLoops.Blit(Lsun/java2d/SurfaceData;Lsun/java2d/SurfaceData;Ljava/awt/Composite;Lsun/java2d/pipe/Region;IIIIII)V
J  sun.java2d.pipe.DrawImage.copyImage(Lsun/java2d/SunGraphics2D;Ljava/awt/Image;IILjava/awt/Color;Ljava/awt/image/ImageObserver;)Z
J  javax.swing.RepaintManager$PaintManager.paintDoubleBuffered(Ljavax/swing/JComponent;Ljava/awt/Image;Ljava/awt/Graphics;IIII)V
J  javax.swing.RepaintManager$PaintManager.paint(Ljavax/swing/JComponent;Ljavax/swing/JComponent;Ljava/awt/Graphics;IIII)Z
J  javax.swing.RepaintManager.paint(Ljavax/swing/JComponent;Ljavax/swing/JComponent;Ljava/awt/Graphics;IIII)V
J  javax.swing.JComponent.paint(Ljava/awt/Graphics;)V
j  java.awt.GraphicsCallback$PaintCallback.run(Ljava/awt/Component;Ljava/awt/Graphics;)V+2
j  sun.awt.SunGraphicsCallback.runOneComponent(Ljava/awt/Component;Ljava/awt/Rectangle;Ljava/awt/Graphics;Ljava/awt/Shape;I)V+155
j  sun.awt.SunGraphicsCallback.runComponents([Ljava/awt/Component;Ljava/awt/Graphics;I)V+104
j  java.awt.Container.paint(Ljava/awt/Graphics;)V+73
J  javax.swing.RepaintManager.paintDirtyRegions(Ljava/util/Map;)V
J  javax.swing.SystemEventQueueUtilities$ComponentWorkRequest.run()V
J  java.awt.event.InvocationEvent.dispatch()V
j  java.awt.EventQueue.dispatchEvent(Ljava/awt/AWTEvent;)V+26
j  java.awt.EventDispatchThread.pumpOneEventForFilters(I)Z+204
J  java.awt.EventDispatchThread.pumpEventsForFilter(ILjava/awt/Conditional;Ljava/awt/EventFilter;)V
j  java.awt.EventDispatchThread.pumpEventsForHierarchy(ILjava/awt/Conditional;Ljava/awt/Component;)V+11
j  java.awt.EventDispatchThread.pumpEvents(ILjava/awt/Conditional;)V+4
j  java.awt.EventDispatchThread.pumpEvents(Ljava/awt/Conditional;)V+3
j  java.awt.EventDispatchThread.run()V+9
v  ~StubRoutines::call_stub

---------------  P R O C E S S  ---------------

Java Threads: ( => current thread )
  0x000000005e45e000 JavaThread "Explorer NavigationContext request queue" daemon [_thread_blocked, id=9652, stack(0x0000000155390000,0x0000000159390000)]
  0x000000005fbce800 JavaThread "Code Analyzer updating thread" [_thread_blocked, id=9212, stack(0x00000000c6300000,0x00000000ca300000)]
  0x000000005fbd0800 JavaThread "Code Analyzer updating thread" [_thread_blocked, id=6932, stack(0x000000012af00000,0x000000012ef00000)]
  0x000000005fbcf800 JavaThread "Code Analyzer updating thread" [_thread_blocked, id=11556, stack(0x000000012ef00000,0x0000000132f00000)]
  0x000000005fbcf000 JavaThread "Code Analyzer updating thread" [_thread_blocked, id=12028, stack(0x0000000126f00000,0x000000012af00000)]
  0x000000005e465000 JavaThread "Code Analyzer updating thread" [_thread_blocked, id=12576, stack(0x0000000116f00000,0x000000011af00000)]
  0x000000005e461800 JavaThread "Foxtrot Single Worker Thread #1" daemon [_thread_blocked, id=13116, stack(0x000000011af00000,0x000000011ef00000)]
  0x000000005e45e800 JavaThread "Code Analyzer updating thread" [_thread_blocked, id=11516, stack(0x00000000cc000000,0x00000000d0000000)]
  0x000000005e466000 JavaThread "Code Analyzer updating thread" [_thread_blocked, id=348, stack(0x00000000fc000000,0x0000000100000000)]
  0x000000005e464800 JavaThread "Active Reference Queue Daemon" daemon [_thread_blocked, id=5604, stack(0x00000000f8000000,0x00000000fc000000)]
  0x000000005e461000 JavaThread "Timer-2" daemon [_thread_blocked, id=6848, stack(0x00000000e4000000,0x00000000e8000000)]
  0x000000005e45d000 JavaThread "Prefs Updater" daemon [_thread_blocked, id=3448, stack(0x00000000a4000000,0x00000000a8000000)]
  0x000000005e460000 JavaThread "Timer-1" daemon [_thread_blocked, id=3372, stack(0x000000010c000000,0x0000000110000000)]
  0x000000005e463000 JavaThread "com.jniwrapper.NativeResourceCollector" daemon [_thread_blocked, id=9312, stack(0x0000000100000000,0x0000000104000000)]
  0x000000005e463800 JavaThread "Swing-Shell" daemon [_thread_blocked, id=4912, stack(0x0000000104000000,0x0000000108000000)]
  0x000000005e45f800 JavaThread "ClipboardMonitor Timer" daemon [_thread_blocked, id=10160, stack(0x00000000f0000000,0x00000000f4000000)]
  0x000000005e45c800 JavaThread "AddressBar directory emptiness poller" daemon [_thread_blocked, id=12116, stack(0x00000000e0000000,0x00000000e4000000)]
  0x000000005e45c000 JavaThread "Explorer Refresh Service 3692309" daemon [_thread_blocked, id=10728, stack(0x00000000dc000000,0x00000000e0000000)]
  0x000000005e45b000 JavaThread "Thread-4" daemon [_thread_blocked, id=352, stack(0x00000000d0000000,0x00000000d4000000)]
  0x000000005e45a800 JavaThread "TimerQueue" daemon [_thread_blocked, id=9808, stack(0x00000000c0000000,0x00000000c4000000)]
  0x000000005e459800 JavaThread "Thread-3" daemon [_thread_blocked, id=4808, stack(0x00000000b0000000,0x00000000b4000000)]
=>0x000000005e459000 JavaThread "AWT-EventQueue-0" [_thread_in_native, id=10100, stack(0x00000000ac000000,0x00000000b0000000)]
  0x000000005e458000 JavaThread "AWT-Shutdown" [_thread_blocked, id=11832, stack(0x000000009c000000,0x00000000a0000000)]
  0x000000005e457800 JavaThread "FelixPackageAdmin" daemon [_thread_blocked, id=8740, stack(0x00000000bc000000,0x00000000c0000000)]
  0x000000005e026800 JavaThread "FelixStartLevel" daemon [_thread_blocked, id=11312, stack(0x00000000b8000000,0x00000000bc000000)]
  0x000000005e025800 JavaThread "FelixDispatchQueue" daemon [_thread_blocked, id=7944, stack(0x00000000b4000000,0x00000000b8000000)]
  0x000000005d91b000 JavaThread "com.google.common.base.internal.Finalizer" daemon [_thread_blocked, id=9316, stack(0x00000000a8000000,0x00000000ac000000)]
  0x000000005d90a800 JavaThread "AWT-Windows" daemon [_thread_in_native, id=11596, stack(0x00000000a0000000,0x00000000a4000000)]
  0x000000005d909800 JavaThread "Java2D Disposer" daemon [_thread_blocked, id=7436, stack(0x0000000098000000,0x000000009c000000)]
  0x000000005dacb000 JavaThread "Timer-0" [_thread_blocked, id=11896, stack(0x0000000094000000,0x0000000098000000)]
  0x000000005dafd000 JavaThread "EventMgr Dispatcher" daemon [_thread_in_native, id=6148, stack(0x0000000090000000,0x0000000094000000)]
  0x000000005319c000 JavaThread "Low Memory Detector" daemon [_thread_blocked, id=9156, stack(0x0000000088000000,0x000000008c000000)]
  0x0000000053197800 JavaThread "CompilerThread1" daemon [_thread_blocked, id=3528, stack(0x0000000084000000,0x0000000088000000)]
  0x000000005318f800 JavaThread "CompilerThread0" daemon [_thread_blocked, id=9356, stack(0x0000000080000000,0x0000000084000000)]
  0x000000005318a800 JavaThread "Attach Listener" daemon [_thread_blocked, id=6492, stack(0x000000006bfb0000,0x000000006ffb0000)]
  0x0000000053128800 JavaThread "Finalizer" daemon [_thread_blocked, id=11204, stack(0x0000000067fb0000,0x000000006bfb0000)]
  0x0000000053127800 JavaThread "Reference Handler" daemon [_thread_blocked, id=11424, stack(0x0000000057210000,0x000000005b210000)]
  0x000000000666e800 JavaThread "main" [_thread_in_native, id=6412, stack(0x0000000000030000,0x0000000004030000)]

Other Threads:
  0x0000000053123000 VMThread [stack: 0x0000000053210000,0x0000000057210000] [id=12284]
  0x00000000531c6800 WatcherThread [stack: 0x000000008c000000,0x0000000090000000] [id=3236]

VM state:not at safepoint (normal execution)

VM Mutex/Monitor currently owned by a thread: None

Heap
 PSYoungGen      total 49600K, used 3311K [0x0000000037f10000, 0x000000003b010000, 0x000000003b010000)
  eden space 49280K, 6% used [0x0000000037f10000,0x00000000381fbc18,0x000000003af30000)
  from space 320K, 100% used [0x000000003afc0000,0x000000003b010000,0x000000003b010000)
  to   space 448K, 0% used [0x000000003af30000,0x000000003af30000,0x000000003afa0000)
 PSOldGen        total 150528K, used 121356K [0x000000002ec10000, 0x0000000037f10000, 0x0000000037f10000)
  object space 150528K, 80% used [0x000000002ec10000,0x0000000036293170,0x0000000037f10000)
 PSPermGen       total 92480K, used 76984K [0x0000000026c10000, 0x000000002c660000, 0x000000002ec10000)
  object space 92480K, 83% used [0x0000000026c10000,0x000000002b73e348,0x000000002c660000)

Dynamic libraries:
0x0000000140000000 - 0x0000000140028000 	C:\Program Files\MATLAB\R2013a\bin\win64\MATLAB.exe
0x0000000077790000 - 0x000000007793a000 	C:\Windows\SYSTEM32\ntdll.dll
0x0000000077670000 - 0x000000007778f000 	C:\Windows\system32\kernel32.dll
0x000007fefd810000 - 0x000007fefd87a000 	C:\Windows\system32\KERNELBASE.dll
0x0000000074460000 - 0x0000000074515000 	C:\Program Files\MATLAB\R2013a\bin\win64\libut.dll
0x00000000758a0000 - 0x000000007595f000 	C:\Program Files\MATLAB\R2013a\bin\win64\libmwi18n.dll
0x0000000180000000 - 0x000000018000d000 	C:\Program Files\MATLAB\R2013a\bin\win64\libmwresource_core.dll
0x00000000635f0000 - 0x0000000063688000 	C:\Program Files\MATLAB\R2013a\bin\win64\MSVCP100.dll
0x0000000063510000 - 0x00000000635e2000 	C:\Program Files\MATLAB\R2013a\bin\win64\MSVCR100.dll
0x0000000067fa0000 - 0x0000000067fae000 	C:\Program Files\MATLAB\R2013a\bin\win64\boost_date_time-vc100-mt-1_49.dll
0x0000000067f50000 - 0x0000000067f7c000 	C:\Program Files\MATLAB\R2013a\bin\win64\boost_filesystem-vc100-mt-1_49.dll
0x0000000067f40000 - 0x0000000067f49000 	C:\Program Files\MATLAB\R2013a\bin\win64\boost_system-vc100-mt-1_49.dll
0x000007fefe0a0000 - 0x000007fefe17b000 	C:\Windows\system32\ADVAPI32.dll
0x000007fefdef0000 - 0x000007fefdf8f000 	C:\Windows\system32\msvcrt.dll
0x000007fefd9f0000 - 0x000007fefda0f000 	C:\Windows\SYSTEM32\sechost.dll
0x000007fefdab0000 - 0x000007fefdbdd000 	C:\Windows\system32\RPCRT4.dll
0x00000000639e0000 - 0x0000000063a05000 	C:\Program Files\MATLAB\R2013a\bin\win64\LIBEXPAT.dll
0x0000000061080000 - 0x000000006120a000 	C:\Program Files\MATLAB\R2013a\bin\win64\icuin49.dll
0x00000000633d0000 - 0x000000006350e000 	C:\Program Files\MATLAB\R2013a\bin\win64\icuuc49.dll
0x000000005c780000 - 0x000000005d8a2000 	C:\Program Files\MATLAB\R2013a\bin\win64\icudt49.dll
0x0000000067f30000 - 0x0000000067f40000 	C:\Program Files\MATLAB\R2013a\bin\win64\icuio49.dll
0x0000000073f70000 - 0x0000000074112000 	C:\Program Files\MATLAB\R2013a\bin\win64\libmwfl.dll
0x000000007a350000 - 0x000000007a737000 	C:\Program Files\MATLAB\R2013a\bin\win64\libmwMATLAB_res.dll
0x00000000629e0000 - 0x0000000062abf000 	C:\Program Files\MATLAB\R2013a\bin\win64\boost_regex-vc100-mt-1_49.dll
0x0000000077570000 - 0x000000007766a000 	C:\Windows\system32\USER32.dll
0x000007fefe260000 - 0x000007fefe2c7000 	C:\Windows\system32\GDI32.dll
0x000007fefda10000 - 0x000007fefda1e000 	C:\Windows\system32\LPK.dll
0x000007fefd920000 - 0x000007fefd9ea000 	C:\Windows\system32\USP10.dll
0x00000000639c0000 - 0x00000000639d1000 	C:\Program Files\MATLAB\R2013a\bin\win64\boost_signals-vc100-mt-1_49.dll
0x0000000066880000 - 0x0000000066891000 	C:\Program Files\MATLAB\R2013a\bin\win64\boost_thread-vc100-mt-1_49.dll
0x000007feec130000 - 0x000007feec1bc000 	C:\Program Files\MATLAB\R2013a\bin\win64\boost_log-vc100-mt-1_49.dll
0x0000000077960000 - 0x0000000077967000 	C:\Windows\system32\PSAPI.DLL
0x000007feffa50000 - 0x000007feffa9d000 	C:\Windows\system32\WS2_32.dll
0x000007fefdbe0000 - 0x000007fefdbe8000 	C:\Windows\system32\NSI.dll
0x000007fef2320000 - 0x000007fef2353000 	C:\Program Files\MATLAB\R2013a\bin\win64\tbb.dll
0x000007feffa30000 - 0x000007feffa49000 	C:\Windows\system32\imagehlp.dll
0x000007fefad60000 - 0x000007fefad8c000 	C:\Windows\system32\POWRPROF.dll
0x000007fefdbf0000 - 0x000007fefddc7000 	C:\Windows\system32\SETUPAPI.dll
0x000007fefd4e0000 - 0x000007fefd516000 	C:\Windows\system32\CFGMGR32.dll
0x000007fefe180000 - 0x000007fefe25a000 	C:\Windows\system32\OLEAUT32.dll
0x000007fefe460000 - 0x000007fefe663000 	C:\Windows\system32\ole32.dll
0x000007fefd6d0000 - 0x000007fefd6ea000 	C:\Windows\system32\DEVOBJ.dll
0x0000000004210000 - 0x0000000004231000 	C:\Program Files\MATLAB\R2013a\bin\win64\libmwmfl_scalar.dll
0x000007fef9440000 - 0x000007fef9565000 	C:\Windows\system32\dbghelp.dll
0x0000000004240000 - 0x000000000456f000 	C:\Program Files\MATLAB\R2013a\bin\win64\libmwservices.dll
0x0000000075a20000 - 0x0000000075b0b000 	C:\Program Files\MATLAB\R2013a\bin\win64\libmx.dll
0x000007feed360000 - 0x000007feed388000 	C:\Program Files\MATLAB\R2013a\bin\win64\tbbmalloc.dll
0x0000000063890000 - 0x00000000638a7000 	C:\Program Files\MATLAB\R2013a\bin\win64\zlib1.dll
0x0000000004570000 - 0x00000000045be000 	C:\Program Files\MATLAB\R2013a\bin\win64\libmwregexp.dll
0x0000000075f10000 - 0x0000000075f57000 	C:\Program Files\MATLAB\R2013a\bin\win64\mpath.dll
0x000000007b680000 - 0x000000007bc66000 	C:\Program Files\MATLAB\R2013a\bin\win64\mlutil.dll
0x00000000754d0000 - 0x0000000075547000 	C:\Program Files\MATLAB\R2013a\bin\win64\xmlcore.dll
0x00000000608a0000 - 0x0000000060ae1000 	C:\Program Files\MATLAB\R2013a\bin\win64\xerces-c_2_7.dll
0x00000000045d0000 - 0x00000000045f2000 	C:\Program Files\MATLAB\R2013a\bin\win64\libmwMATLAB_settings_res.dll
0x000007fef23a0000 - 0x000007fef23b0000 	C:\Program Files\MATLAB\R2013a\bin\win64\boost_iostreams-vc100-mt-1_49.dll
0x000007feebba0000 - 0x000007feebbe6000 	C:\Program Files\MATLAB\R2013a\bin\win64\boost_serialization-vc100-mt-1_49.dll
0x000007fefe670000 - 0x000007feff3fa000 	C:\Windows\system32\SHELL32.dll
0x000007feff400000 - 0x000007feff471000 	C:\Windows\system32\SHLWAPI.dll
0x0000000004600000 - 0x0000000004606000 	C:\Program Files\MATLAB\R2013a\bin\win64\libmwnativedisplay.dll
0x000007fefa0e0000 - 0x000007fefa180000 	C:\Windows\WinSxS\amd64_microsoft.windows.common-controls_6595b64144ccf1df_5.82.7601.18837_none_a4d981ff711297b6\COMCTL32.dll
0x000007fefd880000 - 0x000007fefd917000 	C:\Windows\system32\COMDLG32.dll
0x000007fefad40000 - 0x000007fefad56000 	C:\Windows\system32\NETAPI32.dll
0x000007fefae60000 - 0x000007fefae6c000 	C:\Windows\system32\netutils.dll
0x000007fefcf70000 - 0x000007fefcf93000 	C:\Windows\system32\srvcli.dll
0x000007fefabd0000 - 0x000007fefabe5000 	C:\Windows\system32\wkscli.dll
0x0000000074970000 - 0x0000000074a18000 	C:\Program Files\MATLAB\R2013a\bin\win64\mcr.dll
0x0000000075000000 - 0x00000000753b1000 	C:\Program Files\MATLAB\R2013a\bin\win64\iqm.dll
0x0000000074e80000 - 0x0000000074f30000 	C:\Program Files\MATLAB\R2013a\bin\win64\m_dispatcher.dll
0x0000000004610000 - 0x0000000004e18000 	C:\Program Files\MATLAB\R2013a\bin\win64\m_interpreter.dll
0x0000000004e20000 - 0x0000000004e44000 	C:\Program Files\MATLAB\R2013a\bin\win64\libmex.dll
0x0000000075430000 - 0x00000000754ab000 	C:\Program Files\MATLAB\R2013a\bin\win64\profiler.dll
0x0000000004e50000 - 0x00000000050d3000 	C:\Program Files\MATLAB\R2013a\bin\win64\libmwmathutil.dll
0x0000000079f40000 - 0x0000000079f66000 	C:\Program Files\MATLAB\R2013a\bin\win64\libmwmathrng.dll
0x00000000050e0000 - 0x00000000050f0000 	C:\Program Files\MATLAB\R2013a\bin\win64\libmwmfl_rng.dll
0x0000000074c10000 - 0x0000000074cf8000 	C:\Program Files\MATLAB\R2013a\bin\win64\libmwmathcore.dll
0x0000000076160000 - 0x00000000761c3000 	C:\Program Files\MATLAB\R2013a\bin\win64\libmwspmatrix.dll
0x000000007b0a0000 - 0x000000007b2f6000 	C:\Program Files\MATLAB\R2013a\bin\win64\mcos.dll
0x0000000075ea0000 - 0x0000000075f02000 	C:\Program Files\MATLAB\R2013a\bin\win64\libmwcholmod.dll
0x0000000005100000 - 0x000000000510d000 	C:\Program Files\MATLAB\R2013a\bin\win64\libmwamd.dll
0x00000000721c0000 - 0x0000000072263000 	C:\Windows\WinSxS\amd64_microsoft.vc90.crt_1fc8b3b9a1e18e3b_9.0.30729.6161_none_08e61857a83bc251\MSVCR90.dll
0x0000000005120000 - 0x000000000512c000 	C:\Program Files\MATLAB\R2013a\bin\win64\libmwcolamd.dll
0x000000007a290000 - 0x000000007a2a3000 	C:\Program Files\MATLAB\R2013a\bin\win64\libmwblas.dll
0x000000007a310000 - 0x000000007a325000 	C:\Program Files\MATLAB\R2013a\bin\win64\libmwbinder.dll
0x0000000005140000 - 0x000000000514b000 	C:\Program Files\MATLAB\R2013a\bin\win64\libmwompwrapper.dll
0x0000000075820000 - 0x000000007589e000 	C:\Program Files\MATLAB\R2013a\bin\win64\libmwlapack.dll
0x000000007a1b0000 - 0x000000007a1d0000 	C:\Program Files\MATLAB\R2013a\bin\win64\m_pcodeio.dll
0x0000000079b10000 - 0x0000000079b6c000 	C:\Program Files\MATLAB\R2013a\bin\win64\m_ir.dll
0x0000000078ed0000 - 0x0000000079579000 	C:\Program Files\MATLAB\R2013a\bin\win64\m_parser.dll
0x000000007a2f0000 - 0x000000007a307000 	C:\Program Files\MATLAB\R2013a\bin\win64\ir_xfmr.dll
0x0000000005150000 - 0x0000000005160000 	C:\Program Files\MATLAB\R2013a\bin\win64\mtok.dll
0x000000007a130000 - 0x000000007a158000 	C:\Program Files\MATLAB\R2013a\bin\win64\m_pcodegen.dll
0x0000000079fb0000 - 0x0000000079fdf000 	C:\Program Files\MATLAB\R2013a\bin\win64\libmwbridge.dll
0x0000000074f40000 - 0x0000000074ff6000 	C:\Program Files\MATLAB\R2013a\bin\win64\udd.dll
0x0000000073cc0000 - 0x0000000073e0e000 	C:\Program Files\MATLAB\R2013a\bin\win64\libmwgui.dll
0x000000007a1d0000 - 0x000000007a1f4000 	C:\Program Files\MATLAB\R2013a\bin\win64\graphics_util.dll
0x000007feeb870000 - 0x000007feeb928000 	C:\Program Files\MATLAB\R2013a\bin\win64\libtex_base.dll
0x0000000005160000 - 0x0000000005aa3000 	C:\Program Files\MATLAB\R2013a\bin\win64\hg.dll
0x0000000076100000 - 0x000000007615a000 	C:\Program Files\MATLAB\R2013a\bin\win64\libmat.dll
0x0000000072d30000 - 0x0000000072f38000 	C:\Program Files\MATLAB\R2013a\bin\win64\hdf5dll.dll
0x0000000075710000 - 0x00000000757d8000 	C:\Program Files\MATLAB\R2013a\bin\win64\jmi.dll
0x0000000005ac0000 - 0x0000000005ace000 	C:\Program Files\MATLAB\R2013a\bin\win64\nativejava_services.dll
0x0000000005ad0000 - 0x0000000005b10000 	C:\Program Files\MATLAB\R2013a\bin\win64\libmwhardcopy.dll
0x0000000075c70000 - 0x0000000075cce000 	C:\Program Files\MATLAB\R2013a\bin\win64\libuij.dll
0x0000000072f50000 - 0x000000007318f000 	C:\Program Files\MATLAB\R2013a\bin\win64\hgdatatypes.dll
0x0000000005b10000 - 0x0000000005bfb000 	C:\Program Files\MATLAB\R2013a\bin\win64\hgutils.dll
0x0000000005c00000 - 0x0000000005cae000 	C:\Program Files\MATLAB\R2013a\bin\win64\udd_mi.dll
0x0000000005cb0000 - 0x0000000005ce6000 	C:\Program Files\MATLAB\R2013a\bin\win64\libmwgbtutils.dll
0x0000000005cf0000 - 0x0000000005d04000 	C:\Program Files\MATLAB\R2013a\bin\win64\libmwgbt.dll
0x0000000005d10000 - 0x0000000005fde000 	C:\Program Files\MATLAB\R2013a\bin\win64\uiw.dll
0x0000000005fe0000 - 0x0000000005fe9000 	C:\Program Files\MATLAB\R2013a\bin\win64\uinone.dll
0x0000000005ff0000 - 0x0000000006016000 	C:\Program Files\MATLAB\R2013a\bin\win64\libmwnativefiledialogs.dll
0x0000000006020000 - 0x000000000602c000 	C:\Program Files\MATLAB\R2013a\bin\win64\libmwplatform_res.dll
0x000007fef3b00000 - 0x000007fef3b18000 	C:\Windows\system32\MPR.dll
0x000000005c220000 - 0x000000005c77d000 	C:\Program Files\MATLAB\R2013a\bin\win64\mfc100.dll
0x000007fefce00000 - 0x000007fefce07000 	C:\Windows\system32\MSIMG32.dll
0x000007fefb150000 - 0x000007fefb1c1000 	C:\Windows\system32\WINSPOOL.DRV
0x0000000006030000 - 0x000000000604d000 	C:\Program Files\MATLAB\R2013a\bin\win64\mwoles05.DLL
0x0000000006050000 - 0x00000000060bc000 	C:\Program Files\MATLAB\R2013a\bin\win64\comcli.dll
0x00000000633a0000 - 0x00000000633cb000 	C:\Program Files\MATLAB\R2013a\bin\win64\ATL100.DLL
0x00000000060c0000 - 0x00000000060cc000 	C:\Program Files\MATLAB\R2013a\bin\win64\mlautoregister.dll
0x00000000060d0000 - 0x0000000006226000 	C:\Program Files\MATLAB\R2013a\bin\win64\mvm.dll
0x000007fefd2d0000 - 0x000007fefd327000 	C:\Windows\system32\apphelp.dll
0x000007fee3050000 - 0x000007fee30a1000 	C:\Windows\AppPatch\AppPatch64\AcGenral.DLL
0x000007fefd2a0000 - 0x000007fefd2c5000 	C:\Windows\system32\SspiCli.dll
0x0000000006250000 - 0x0000000006253000 	C:\Windows\system32\sfc.dll
0x000007fefbe60000 - 0x000007fefbe70000 	C:\Windows\system32\sfc_os.DLL
0x000007fefd6a0000 - 0x000007fefd6be000 	C:\Windows\system32\USERENV.dll
0x000007fefd4c0000 - 0x000007fefd4cf000 	C:\Windows\system32\profapi.dll

VM Arguments:
jvm_args: -XX:PermSize=32m -Xms64m -XX:NewRatio=3 -XX:MaxPermSize=128m -Xmx196m -XX:MaxDirectMemorySize=2147400000 -Dsun.java2d.noddraw=true -Dsun.awt.nopixfmt=true -Xshare:off -Xrs -Dsun.awt.disableMixing=true -Djava.library.path=C:\Program Files\MATLAB\R2013a\bin\win64;C:\Program Files\MATLAB\R2013a\sys\jxbrowser\win64\lib vfprintf abort -XX:ParallelGCThreads=6 
java_command: <unknown>
Launcher Type: generic

Environment Variables:
PATH=C:\ProgramData\Oracle\Java\javapath;C:\Program Files\Dell\DW WLAN Card;C:\Program Files (x86)\NVIDIA Corporation\PhysX\Common;c:\Program Files (x86)\Intel\iCLS Client\;c:\Program Files\Intel\iCLS Client\;C:\Windows\system32;C:\Windows;C:\Windows\System32\Wbem;C:\Windows\System32\WindowsPowerShell\v1.0\;C:\Program Files\Intel\Intel(R) Management Engine Components\DAL;C:\Program Files\Intel\Intel(R) Management Engine Components\IPT;C:\Program Files (x86)\Intel\Intel(R) Management Engine Components\DAL;C:\Program Files (x86)\Intel\Intel(R) Management Engine Components\IPT;C:\Program Files\WIDCOMM\Bluetooth Software\;C:\Program Files\WIDCOMM\Bluetooth Software\syswow64;C:\Program Files\Microsoft\Web Platform Installer\;C:\Program Files (x86)\Microsoft ASP.NET\ASP.NET Web Pages\v1.0\;C:\Program Files\Microsoft SQL Server\110\Tools\Binn\;C:\Program Files (x86)\Skype\Phone\;C:\Program Files\MATLAB\R2013a\runtime\win64;C:\Program Files\MATLAB\R2013a\bin;C:\Aldec\Active-HDL-Student-Edition\bin;C:\Anaconda3;C:\Anaconda3\Scripts;C:\Anaconda3\Library\bin;C:\Program Files (x86)\Windows Kits\8.1\Windows Performance Toolkit\;C:\Program Files (x86)\QuickTime\QTSystem\;C:\Cadence\SPB_16.5\OpenAccess\bin\win32\opt;C:\Cadence\SPB_16.5\tools\Capture;C:\Cadence\SPB_16.5\tools\PSpice\Library;C:\Cadence\SPB_16.5\tools\PSpice;C:\Cadence\SPB_16.5\tools\specctra\bin;C:\Cadence\SPB_16.5\tools\fet\bin;C:\Cadence\SPB_16.5\tools\libutil\bin;C:\Cadence\SPB_16.5\tools\bin;C:\Cadence\SPB_16.5\tools\pcb\bin;;C:\Modeltech_pe_edu_10.4a\win32pe_edu
USERNAME=Marks-M3800
OS=Windows_NT
PROCESSOR_IDENTIFIER=Intel64 Family 6 Model 60 Stepping 3, GenuineIntel



---------------  S Y S T E M  ---------------

OS: Windows 7 Build 7601 Service Pack 1

CPU:total 8 (8 cores per cpu, 2 threads per core) family 6 model 60 stepping 3, cmov, cx8, fxsr, mmx, sse, sse2, sse3, ssse3, sse4.1, sse4.2, ht

Memory: 4k page, physical 16677856k(6575648k free), swap 33353852k(21546272k free)

vm_info: Java HotSpot(TM) 64-Bit Server VM (14.3-b01) for windows-amd64 JRE (1.6.0_17-b04), built on Oct 11 2009 00:46:08 by "java_re" with MS VC++ 8.0

time: Sun Mar 05 22:58:25 2017
elapsed time: 265811 seconds

